[0.015s] Invoking command in '/home/manza/Desktop/arquitectura/final/final_project_arquitectura/build/elp_stereo_camera': CMAKE_PREFIX_PATH=${CMAKE_PREFIX_PATH}:/home/manza/Desktop/arquitectura/final/final_project_arquitectura/install/yolo_ros:/home/manza/Desktop/arquitectura/asr_ws/install/yolo_ros:/home/manza/Desktop/arquitectura/asr_ws/install/rclpy_cascade_lifecycle:/opt/ros/jazzy DEBUGINFOD_URLS=https://debuginfod.ubuntu.com /usr/bin/cmake --build /home/manza/Desktop/arquitectura/final/final_project_arquitectura/build/elp_stereo_camera -- -j16 -l16
[0.078s] [ 50%] Built target stereo_camera_node
[0.085s] [100%] Built target stereo_point_cloud_generator
[0.101s] Invoked command in '/home/manza/Desktop/arquitectura/final/final_project_arquitectura/build/elp_stereo_camera' returned '0': CMAKE_PREFIX_PATH=${CMAKE_PREFIX_PATH}:/home/manza/Desktop/arquitectura/final/final_project_arquitectura/install/yolo_ros:/home/manza/Desktop/arquitectura/asr_ws/install/yolo_ros:/home/manza/Desktop/arquitectura/asr_ws/install/rclpy_cascade_lifecycle:/opt/ros/jazzy DEBUGINFOD_URLS=https://debuginfod.ubuntu.com /usr/bin/cmake --build /home/manza/Desktop/arquitectura/final/final_project_arquitectura/build/elp_stereo_camera -- -j16 -l16
[0.113s] Invoking command in '/home/manza/Desktop/arquitectura/final/final_project_arquitectura/build/elp_stereo_camera': CMAKE_PREFIX_PATH=${CMAKE_PREFIX_PATH}:/home/manza/Desktop/arquitectura/final/final_project_arquitectura/install/yolo_ros:/home/manza/Desktop/arquitectura/asr_ws/install/yolo_ros:/home/manza/Desktop/arquitectura/asr_ws/install/rclpy_cascade_lifecycle:/opt/ros/jazzy DEBUGINFOD_URLS=https://debuginfod.ubuntu.com /usr/bin/cmake --install /home/manza/Desktop/arquitectura/final/final_project_arquitectura/build/elp_stereo_camera
[0.126s] -- Install configuration: ""
[0.127s] -- Execute custom install script
[0.127s] -- Up-to-date symlink: /home/manza/Desktop/arquitectura/final/final_project_arquitectura/install/elp_stereo_camera/lib/elp_stereo_camera/stereo_camera_node
[0.128s] -- Up-to-date symlink: /home/manza/Desktop/arquitectura/final/final_project_arquitectura/install/elp_stereo_camera/lib/elp_stereo_camera/stereo_point_cloud_generator
[0.128s] -- Up-to-date symlink: /home/manza/Desktop/arquitectura/final/final_project_arquitectura/install/elp_stereo_camera/share/elp_stereo_camera//launch/pc.launch.py
[0.128s] -- Up-to-date symlink: /home/manza/Desktop/arquitectura/final/final_project_arquitectura/install/elp_stereo_camera/share/elp_stereo_camera//launch/stereo_camera_launch.py
[0.129s] -- Up-to-date symlink: /home/manza/Desktop/arquitectura/final/final_project_arquitectura/install/elp_stereo_camera/share/elp_stereo_camera//config/supported_formats.txt
[0.129s] -- Up-to-date symlink: /home/manza/Desktop/arquitectura/final/final_project_arquitectura/install/elp_stereo_camera/share/elp_stereo_camera//cam_params/1280_480/left_camera.yaml
[0.130s] -- Up-to-date symlink: /home/manza/Desktop/arquitectura/final/final_project_arquitectura/install/elp_stereo_camera/share/elp_stereo_camera//cam_params/1280_480/left_camera_GS.yaml
[0.130s] -- Up-to-date symlink: /home/manza/Desktop/arquitectura/final/final_project_arquitectura/install/elp_stereo_camera/share/elp_stereo_camera//cam_params/1280_480/right_camera.yaml
[0.130s] -- Up-to-date symlink: /home/manza/Desktop/arquitectura/final/final_project_arquitectura/install/elp_stereo_camera/share/elp_stereo_camera//cam_params/1280_480/right_camera_GS.yaml
[0.130s] -- Up-to-date symlink: /home/manza/Desktop/arquitectura/final/final_project_arquitectura/install/elp_stereo_camera/share/elp_stereo_camera//cam_params/1600_600/left_camera.yaml
[0.130s] -- Up-to-date symlink: /home/manza/Desktop/arquitectura/final/final_project_arquitectura/install/elp_stereo_camera/share/elp_stereo_camera//cam_params/1600_600/left_camera_GS.yaml
[0.130s] -- Up-to-date symlink: /home/manza/Desktop/arquitectura/final/final_project_arquitectura/install/elp_stereo_camera/share/elp_stereo_camera//cam_params/1600_600/right_camera.yaml
[0.130s] -- Up-to-date symlink: /home/manza/Desktop/arquitectura/final/final_project_arquitectura/install/elp_stereo_camera/share/elp_stereo_camera//cam_params/1600_600/right_camera_GS.yaml
[0.130s] -- Up-to-date symlink: /home/manza/Desktop/arquitectura/final/final_project_arquitectura/install/elp_stereo_camera/share/ament_index/resource_index/package_run_dependencies/elp_stereo_camera
[0.130s] -- Up-to-date symlink: /home/manza/Desktop/arquitectura/final/final_project_arquitectura/install/elp_stereo_camera/share/ament_index/resource_index/parent_prefix_path/elp_stereo_camera
[0.131s] -- Up-to-date symlink: /home/manza/Desktop/arquitectura/final/final_project_arquitectura/install/elp_stereo_camera/share/elp_stereo_camera/environment/ament_prefix_path.sh
[0.131s] -- Up-to-date symlink: /home/manza/Desktop/arquitectura/final/final_project_arquitectura/install/elp_stereo_camera/share/elp_stereo_camera/environment/ament_prefix_path.dsv
[0.131s] -- Up-to-date symlink: /home/manza/Desktop/arquitectura/final/final_project_arquitectura/install/elp_stereo_camera/share/elp_stereo_camera/environment/path.sh
[0.131s] -- Up-to-date symlink: /home/manza/Desktop/arquitectura/final/final_project_arquitectura/install/elp_stereo_camera/share/elp_stereo_camera/environment/path.dsv
[0.131s] -- Up-to-date symlink: /home/manza/Desktop/arquitectura/final/final_project_arquitectura/install/elp_stereo_camera/share/elp_stereo_camera/local_setup.bash
[0.131s] -- Up-to-date symlink: /home/manza/Desktop/arquitectura/final/final_project_arquitectura/install/elp_stereo_camera/share/elp_stereo_camera/local_setup.sh
[0.132s] -- Up-to-date symlink: /home/manza/Desktop/arquitectura/final/final_project_arquitectura/install/elp_stereo_camera/share/elp_stereo_camera/local_setup.zsh
[0.132s] -- Up-to-date symlink: /home/manza/Desktop/arquitectura/final/final_project_arquitectura/install/elp_stereo_camera/share/elp_stereo_camera/local_setup.dsv
[0.133s] -- Symlinking: /home/manza/Desktop/arquitectura/final/final_project_arquitectura/install/elp_stereo_camera/share/elp_stereo_camera/package.dsv
[0.145s] -- Up-to-date symlink: /home/manza/Desktop/arquitectura/final/final_project_arquitectura/install/elp_stereo_camera/share/ament_index/resource_index/packages/elp_stereo_camera
[0.145s] -- Up-to-date symlink: /home/manza/Desktop/arquitectura/final/final_project_arquitectura/install/elp_stereo_camera/share/elp_stereo_camera/cmake/elp_stereo_cameraConfig.cmake
[0.146s] -- Up-to-date symlink: /home/manza/Desktop/arquitectura/final/final_project_arquitectura/install/elp_stereo_camera/share/elp_stereo_camera/cmake/elp_stereo_cameraConfig-version.cmake
[0.146s] -- Up-to-date symlink: /home/manza/Desktop/arquitectura/final/final_project_arquitectura/install/elp_stereo_camera/share/elp_stereo_camera/package.xml
[0.148s] Invoked command in '/home/manza/Desktop/arquitectura/final/final_project_arquitectura/build/elp_stereo_camera' returned '0': CMAKE_PREFIX_PATH=${CMAKE_PREFIX_PATH}:/home/manza/Desktop/arquitectura/final/final_project_arquitectura/install/yolo_ros:/home/manza/Desktop/arquitectura/asr_ws/install/yolo_ros:/home/manza/Desktop/arquitectura/asr_ws/install/rclpy_cascade_lifecycle:/opt/ros/jazzy DEBUGINFOD_URLS=https://debuginfod.ubuntu.com /usr/bin/cmake --install /home/manza/Desktop/arquitectura/final/final_project_arquitectura/build/elp_stereo_camera
