-- The C compiler identification is GNU 13.3.0
-- The CXX compiler identification is GNU 13.3.0
-- Detecting C compiler ABI info
-- Detecting C compiler ABI info - done
-- Check for working C compiler: /usr/bin/cc - skipped
-- Detecting C compile features
-- Detecting C compile features - done
-- Detecting CXX compiler ABI info
-- Detecting CXX compiler ABI info - done
-- Check for working CXX compiler: /usr/bin/c++ - skipped
-- Detecting CXX compile features
-- Detecting CXX compile features - done
-- Found ament_cmake: 2.5.3 (/opt/ros/jazzy/share/ament_cmake/cmake)
-- Found Python3: /usr/bin/python3 (found version "3.12.3") found components: Interpreter 
-- Override CMake install command with custom implementation using symlinks instead of copying resources
-- Found rclcpp: 28.1.8 (/opt/ros/jazzy/share/rclcpp/cmake)
-- Found rosidl_generator_c: 4.6.5 (/opt/ros/jazzy/share/rosidl_generator_c/cmake)
-- Found rosidl_generator_cpp: 4.6.5 (/opt/ros/jazzy/share/rosidl_generator_cpp/cmake)
-- Using all available rosidl_typesupport_c: rosidl_typesupport_fastrtps_c;rosidl_typesupport_introspection_c
-- Using all available rosidl_typesupport_cpp: rosidl_typesupport_fastrtps_cpp;rosidl_typesupport_introspection_cpp
-- Found rmw_implementation_cmake: 7.3.2 (/opt/ros/jazzy/share/rmw_implementation_cmake/cmake)
-- Found rmw_fastrtps_cpp: 8.4.2 (/opt/ros/jazzy/share/rmw_fastrtps_cpp/cmake)
-- Found OpenSSL: /usr/lib/x86_64-linux-gnu/libcrypto.so (found version "3.0.13")  
-- Found FastRTPS: /opt/ros/jazzy/include (Required is at least version "2.13") 
-- Using RMW implementation 'rmw_fastrtps_cpp' as default
-- Found sensor_msgs: 5.3.6 (/opt/ros/jazzy/share/sensor_msgs/cmake)
-- Found vision_msgs: 4.1.1 (/opt/ros/jazzy/share/vision_msgs/cmake)
-- Found image_transport: 5.1.6 (/opt/ros/jazzy/share/image_transport/cmake)
-- Found cv_bridge: 4.1.0 (/opt/ros/jazzy/share/cv_bridge/cmake)
-- Found pcl_conversions: 2.6.2 (/opt/ros/jazzy/share/pcl_conversions/cmake)
-- Found flann version 1.9.2
-- Found OpenMP_CXX: -fopenmp (found version "4.5") 
-- Found OpenMP: TRUE (found version "4.5") found components: CXX 
-- Checking for module 'libusb-1.0'
--   Found libusb-1.0, version 1.0.27
-- Found libusb: /usr/lib/x86_64-linux-gnu/libusb-1.0.so  
-- OpenNI found (version: 1.5.4.0, include: /usr/include/ni, lib: /usr/lib/libOpenNI.so;libusb::libusb)
-- OpenNI2 found (version: 2.3.0.85, include: /home/manza/Desktop/arquitectura/asr_ws/install/astra_camera/include/openni2, lib: /home/manza/Desktop/arquitectura/asr_ws/install/astra_camera/lib/libOpenNI2.so;libusb::libusb)
-- Could NOT find Pcap (missing: PCAP_LIBRARIES PCAP_INCLUDE_DIRS) 
-- Found ZLIB: /usr/lib/x86_64-linux-gnu/libz.so (found version "1.3")  
-- Found PNG: /usr/lib/x86_64-linux-gnu/libpng.so (found version "1.6.43") 
-- OpenNI found (version: 1.5.4.0, include: /usr/include/ni, lib: /usr/lib/libOpenNI.so;libusb::libusb)
-- OpenNI2 found (version: 2.3.0.85, include: /home/manza/Desktop/arquitectura/asr_ws/install/astra_camera/include/openni2, lib: /home/manza/Desktop/arquitectura/asr_ws/install/astra_camera/lib/libOpenNI2.so;libusb::libusb)
-- Found Qhull version 8.0.2
-- OpenNI found (version: 1.5.4.0, include: /usr/include/ni, lib: /usr/lib/libOpenNI.so;libusb::libusb)
-- Found PCL_COMMON: /usr/lib/x86_64-linux-gnu/libpcl_common.so  
-- Found PCL_KDTREE: /usr/lib/x86_64-linux-gnu/libpcl_kdtree.so  
-- Found PCL_OCTREE: /usr/lib/x86_64-linux-gnu/libpcl_octree.so  
-- Found PCL_SEARCH: /usr/lib/x86_64-linux-gnu/libpcl_search.so  
-- Found PCL_SAMPLE_CONSENSUS: /usr/lib/x86_64-linux-gnu/libpcl_sample_consensus.so  
-- Found PCL_FILTERS: /usr/lib/x86_64-linux-gnu/libpcl_filters.so  
-- Found PCL_2D: /usr/include/pcl-1.14  
-- Found PCL_GEOMETRY: /usr/include/pcl-1.14  
-- Found PCL_IO: /usr/lib/x86_64-linux-gnu/libpcl_io.so  
-- Found PCL_FEATURES: /usr/lib/x86_64-linux-gnu/libpcl_features.so  
-- Found PCL_ML: /usr/lib/x86_64-linux-gnu/libpcl_ml.so  
-- Found PCL_SEGMENTATION: /usr/lib/x86_64-linux-gnu/libpcl_segmentation.so  
-- Found PCL_VISUALIZATION: /usr/lib/x86_64-linux-gnu/libpcl_visualization.so  
-- Found PCL_SURFACE: /usr/lib/x86_64-linux-gnu/libpcl_surface.so  
-- Found PCL_REGISTRATION: /usr/lib/x86_64-linux-gnu/libpcl_registration.so  
-- Found PCL_KEYPOINTS: /usr/lib/x86_64-linux-gnu/libpcl_keypoints.so  
-- Found PCL_TRACKING: /usr/lib/x86_64-linux-gnu/libpcl_tracking.so  
-- Found PCL_RECOGNITION: /usr/lib/x86_64-linux-gnu/libpcl_recognition.so  
-- Found PCL_STEREO: /usr/lib/x86_64-linux-gnu/libpcl_stereo.so  
-- Found PCL_APPS: /usr/lib/x86_64-linux-gnu/libpcl_apps.so  
-- Found PCL_IN_HAND_SCANNER: /usr/include/pcl-1.14  
-- Found PCL_MODELER: /usr/include/pcl-1.14  
-- Found PCL_POINT_CLOUD_EDITOR: /usr/include/pcl-1.14  
-- Found PCL_OUTOFCORE: /usr/lib/x86_64-linux-gnu/libpcl_outofcore.so  
-- Found PCL_PEOPLE: /usr/lib/x86_64-linux-gnu/libpcl_people.so  
-- Found pcl_ros: 2.6.2 (/opt/ros/jazzy/share/pcl_ros/cmake)
-- Found eigen3_cmake_module: 0.3.0 (/opt/ros/jazzy/share/eigen3_cmake_module/cmake)
-- Found Eigen3: TRUE (found version "3.4.0") 
-- Ensuring Eigen3 include directory is part of orocos-kdl CMake target
-- Found image_geometry: 4.1.0 (/opt/ros/jazzy/share/image_geometry/cmake)
-- Found depth_image_proc: 5.0.9 (/opt/ros/jazzy/share/depth_image_proc/cmake)
-- Setting yaml-cpp_DIR to: '/opt/ros/jazzy/share/yaml_cpp_vendor/cmake/../../../opt/yaml_cpp_vendor/share/cmake/yaml-cpp'
-- Found yolo_msgs: 4.0.1 (/home/manza/Desktop/arquitectura/final/final_project_arquitectura/install/yolo_msgs/share/yolo_msgs/cmake)
-- Found OpenCV: /usr (found version "4.6.0") 
-- Found ament_lint_auto: 0.17.2 (/opt/ros/jazzy/share/ament_lint_auto/cmake)
-- Added test 'cppcheck' to perform static code analysis on C / C++ code
-- Configured cppcheck include dirs: /home/manza/Desktop/arquitectura/final/final_project_arquitectura/src/depth_worker/include
-- Configured cppcheck exclude dirs and/or files: 
-- Added test 'flake8' to check Python code syntax and style conventions
-- Configured 'flake8' exclude dirs and/or files: 
-- Added test 'lint_cmake' to check CMake code style
-- Added test 'pep257' to check Python code against some of the docstring style conventions in PEP 257
-- Added test 'uncrustify' to check C / C++ code style
-- Configured uncrustify additional arguments: 
-- Added test 'xmllint' to check XML markup files
-- Configuring done (6.6s)
-- Generating done (0.2s)
-- Build files have been written to: /home/manza/Desktop/arquitectura/final/final_project_arquitectura/build/depth_worker
[ 31%] [32mBuilding CXX object CMakeFiles/depth_worker.dir/src/depth_worker/DetectionTo3DfromPCNode.cpp.o[0m
[ 31%] [32mBuilding CXX object CMakeFiles/depth_worker.dir/src/depth_worker/YoloDetectionNode.cpp.o[0m
[ 31%] [32mBuilding CXX object CMakeFiles/depth_worker.dir/src/depth_worker/HSVFilterNode.cpp.o[0m
[ 31%] [32mBuilding CXX object CMakeFiles/depth_worker.dir/src/depth_worker/DetectionTo3DfromDepthNode.cpp.o[0m
[ 31%] [32mBuilding CXX object CMakeFiles/depth_worker.dir/src/depth_worker/YoloParserNode.cpp.o[0m
[ 37%] [32m[1mLinking CXX shared library libdepth_worker.so[0m
[ 37%] Built target depth_worker
[ 56%] [32mBuilding CXX object CMakeFiles/yolo_detection.dir/src/yolo_detection_main.cpp.o[0m
[ 56%] [32mBuilding CXX object CMakeFiles/detection_2d_to_3d_pc2.dir/src/detection_2d_to_3d_pc2_main.cpp.o[0m
[ 56%] [32mBuilding CXX object CMakeFiles/yolo_parser.dir/src/yolo_parser.cpp.o[0m
[ 68%] [32mBuilding CXX object CMakeFiles/detection_2d_to_3d_depth.dir/src/detection_2d_to_3d_depth_main.cpp.o[0m
[ 68%] [32mBuilding CXX object CMakeFiles/hsv_filter.dir/src/hsv_filter_main.cpp.o[0m
[ 75%] [32m[1mLinking CXX executable yolo_parser[0m
[ 81%] [32m[1mLinking CXX executable yolo_detection[0m
[ 87%] [32m[1mLinking CXX executable detection_2d_to_3d_pc2[0m
[ 93%] [32m[1mLinking CXX executable detection_2d_to_3d_depth[0m
[ 93%] Built target yolo_detection
[ 93%] Built target yolo_parser
[ 93%] Built target detection_2d_to_3d_pc2
[100%] [32m[1mLinking CXX executable hsv_filter[0m
[100%] Built target detection_2d_to_3d_depth
[100%] Built target hsv_filter
-- Install configuration: ""
-- Execute custom install script
-- Symlinking: /home/manza/Desktop/arquitectura/final/final_project_arquitectura/install/depth_worker/lib/libdepth_worker.so
-- Symlinking: /home/manza/Desktop/arquitectura/final/final_project_arquitectura/install/depth_worker/lib/depth_worker/hsv_filter
-- Symlinking: /home/manza/Desktop/arquitectura/final/final_project_arquitectura/install/depth_worker/lib/depth_worker/yolo_detection
-- Symlinking: /home/manza/Desktop/arquitectura/final/final_project_arquitectura/install/depth_worker/lib/depth_worker/yolo_parser
-- Symlinking: /home/manza/Desktop/arquitectura/final/final_project_arquitectura/install/depth_worker/lib/depth_worker/detection_2d_to_3d_pc2
-- Symlinking: /home/manza/Desktop/arquitectura/final/final_project_arquitectura/install/depth_worker/lib/depth_worker/detection_2d_to_3d_depth
-- Symlinking: /home/manza/Desktop/arquitectura/final/final_project_arquitectura/install/depth_worker/share/depth_worker/launch/camera.launch.py
-- Symlinking: /home/manza/Desktop/arquitectura/final/final_project_arquitectura/install/depth_worker/share/depth_worker/launch/detection3d_hsv.launch.py
-- Symlinking: /home/manza/Desktop/arquitectura/final/final_project_arquitectura/install/depth_worker/share/depth_worker/launch/detection3d_yolo.launch.py
-- Symlinking: /home/manza/Desktop/arquitectura/final/final_project_arquitectura/install/depth_worker/share/depth_worker/launch/follow_person_yolo.launch.py
-- Symlinking: /home/manza/Desktop/arquitectura/final/final_project_arquitectura/install/depth_worker/share/depth_worker/launch/yolo_detection.launch.py
-- Symlinking: /home/manza/Desktop/arquitectura/final/final_project_arquitectura/install/depth_worker/share/depth_worker/config/params.yaml
-- Symlinking: /home/manza/Desktop/arquitectura/final/final_project_arquitectura/install/depth_worker/share/depth_worker/environment/library_path.sh
-- Symlinking: /home/manza/Desktop/arquitectura/final/final_project_arquitectura/install/depth_worker/share/depth_worker/environment/library_path.dsv
-- Symlinking: /home/manza/Desktop/arquitectura/final/final_project_arquitectura/install/depth_worker/share/ament_index/resource_index/package_run_dependencies/depth_worker
-- Symlinking: /home/manza/Desktop/arquitectura/final/final_project_arquitectura/install/depth_worker/share/ament_index/resource_index/parent_prefix_path/depth_worker
-- Symlinking: /home/manza/Desktop/arquitectura/final/final_project_arquitectura/install/depth_worker/share/depth_worker/environment/ament_prefix_path.sh
-- Symlinking: /home/manza/Desktop/arquitectura/final/final_project_arquitectura/install/depth_worker/share/depth_worker/environment/ament_prefix_path.dsv
-- Symlinking: /home/manza/Desktop/arquitectura/final/final_project_arquitectura/install/depth_worker/share/depth_worker/environment/path.sh
-- Symlinking: /home/manza/Desktop/arquitectura/final/final_project_arquitectura/install/depth_worker/share/depth_worker/environment/path.dsv
-- Symlinking: /home/manza/Desktop/arquitectura/final/final_project_arquitectura/install/depth_worker/share/depth_worker/local_setup.bash
-- Symlinking: /home/manza/Desktop/arquitectura/final/final_project_arquitectura/install/depth_worker/share/depth_worker/local_setup.sh
-- Symlinking: /home/manza/Desktop/arquitectura/final/final_project_arquitectura/install/depth_worker/share/depth_worker/local_setup.zsh
-- Symlinking: /home/manza/Desktop/arquitectura/final/final_project_arquitectura/install/depth_worker/share/depth_worker/local_setup.dsv
-- Symlinking: /home/manza/Desktop/arquitectura/final/final_project_arquitectura/install/depth_worker/share/depth_worker/package.dsv
-- Symlinking: /home/manza/Desktop/arquitectura/final/final_project_arquitectura/install/depth_worker/share/ament_index/resource_index/packages/depth_worker
-- Symlinking: /home/manza/Desktop/arquitectura/final/final_project_arquitectura/install/depth_worker/share/depth_worker/cmake/ament_cmake_export_include_directories-extras.cmake
-- Symlinking: /home/manza/Desktop/arquitectura/final/final_project_arquitectura/install/depth_worker/share/depth_worker/cmake/ament_cmake_export_libraries-extras.cmake
-- Symlinking: /home/manza/Desktop/arquitectura/final/final_project_arquitectura/install/depth_worker/share/depth_worker/cmake/ament_cmake_export_dependencies-extras.cmake
-- Symlinking: /home/manza/Desktop/arquitectura/final/final_project_arquitectura/install/depth_worker/share/depth_worker/cmake/depth_workerConfig.cmake
-- Symlinking: /home/manza/Desktop/arquitectura/final/final_project_arquitectura/install/depth_worker/share/depth_worker/cmake/depth_workerConfig-version.cmake
-- Symlinking: /home/manza/Desktop/arquitectura/final/final_project_arquitectura/install/depth_worker/share/depth_worker/package.xml
