[0.226s] Invoking command in '/home/manza/Desktop/arquitectura/final/final_project_arquitectura/build/depth_worker': CMAKE_PREFIX_PATH=/home/manza/Desktop/arquitectura/final/final_project_arquitectura/install/yolo_msgs:/home/manza/Desktop/arquitectura/final/final_project_arquitectura/install/yolo_bringup:/home/manza/Desktop/arquitectura/final/final_project_arquitectura/install/elp_stereo_camera:/home/manza/Desktop/arquitectura/asr_ws/install/yolo_bringup:/home/manza/Desktop/arquitectura/asr_ws/install/yolo_p7:/home/manza/Desktop/arquitectura/asr_ws/install/camera:/home/manza/Desktop/arquitectura/asr_ws/install/yolo_msgs:/home/manza/Desktop/arquitectura/asr_ws/install/tf_seeker:/home/manza/Desktop/arquitectura/asr_ws/install/sump_bumpgo:/home/manza/Desktop/arquitectura/asr_ws/install/kobuki:/home/manza/Desktop/arquitectura/asr_ws/install/rplidar_ros:/home/manza/Desktop/arquitectura/asr_ws/install/repaso:/home/manza/Desktop/arquitectura/asr_ws/install/rclcpp_cascade_lifecycle:/home/manza/Desktop/arquitectura/asr_ws/install/p6_vff:/home/manza/Desktop/arquitectura/asr_ws/install/p5:/home/manza/Desktop/arquitectura/asr_ws/install/p4advtur:/home/manza/Desktop/arquitectura/asr_ws/install/p4advtur_interfaces:/home/manza/Desktop/arquitectura/asr_ws/install/p3advtur:/home/manza/Desktop/arquitectura/asr_ws/install/p2classes:/home/manza/Desktop/arquitectura/asr_ws/install/p2:/home/manza/Desktop/arquitectura/asr_ws/install/openni2_camera:/home/manza/Desktop/arquitectura/asr_ws/install/node_programming:/home/manza/Desktop/arquitectura/asr_ws/install/laser_vff:/home/manza/Desktop/arquitectura/asr_ws/install/laser:/home/manza/Desktop/arquitectura/asr_ws/install/kobuki_ros:/home/manza/Desktop/arquitectura/asr_ws/install/kobuki_safety_controller:/home/manza/Desktop/arquitectura/asr_ws/install/kobuki_random_walker:/home/manza/Desktop/arquitectura/asr_ws/install/kobuki_node:/home/manza/Desktop/arquitectura/asr_ws/install/kobuki_keyop:/home/manza/Desktop/arquitectura/asr_ws/install/kobuki_description:/home/manza/Desktop/arquitectura/asr_ws/install/kobuki_auto_docking:/home/manza/Desktop/arquitectura/asr_ws/install/kobuki_core:/home/manza/Desktop/arquitectura/asr_ws/install/kobuki_bumper2pc:/home/manza/Desktop/arquitectura/asr_ws/install/groot:/home/manza/Desktop/arquitectura/asr_ws/install/fsm_bumpgo:/home/manza/Desktop/arquitectura/asr_ws/install/follow_person:/home/manza/Desktop/arquitectura/asr_ws/install/ecl_core:/home/manza/Desktop/arquitectura/asr_ws/install/ecl_core_apps:/home/manza/Desktop/arquitectura/asr_ws/install/ecl_streams:/home/manza/Desktop/arquitectura/asr_ws/install/ecl_sigslots:/home/manza/Desktop/arquitectura/asr_ws/install/ecl_ipc:/home/manza/Desktop/arquitectura/asr_ws/install/ecl_devices:/home/manza/Desktop/arquitectura/asr_ws/install/ecl_threads:/home/manza/Desktop/arquitectura/asr_ws/install/ecl_mobile_robot:/home/manza/Desktop/arquitectura/asr_ws/install/ecl_manipulators:/home/manza/Desktop/arquitectura/asr_ws/install/ecl_geometry:/home/manza/Desktop/arquitectura/asr_ws/install/ecl_containers:/home/manza/Desktop/arquitectura/asr_ws/install/ecl_utilities:/home/manza/Desktop/arquitectura/asr_ws/install/ecl_statistics:/home/manza/Desktop/arquitectura/asr_ws/install/ecl_linear_algebra:/home/manza/Desktop/arquitectura/asr_ws/install/ecl_math:/home/manza/Desktop/arquitectura/asr_ws/install/ecl_formatters:/home/manza/Desktop/arquitectura/asr_ws/install/ecl_converters:/home/manza/Desktop/arquitectura/asr_ws/install/ecl_concepts:/home/manza/Desktop/arquitectura/asr_ws/install/ecl_type_traits:/home/manza/Desktop/arquitectura/asr_ws/install/ecl_time:/home/manza/Desktop/arquitectura/asr_ws/install/ecl_lite:/home/manza/Desktop/arquitectura/asr_ws/install/ecl_time_lite:/home/manza/Desktop/arquitectura/asr_ws/install/ecl_sigslots_lite:/home/manza/Desktop/arquitectura/asr_ws/install/ecl_mpl:/home/manza/Desktop/arquitectura/asr_ws/install/ecl_io:/home/manza/Desktop/arquitectura/asr_ws/install/ecl_filesystem:/home/manza/Desktop/arquitectura/asr_ws/install/ecl_exceptions:/home/manza/Desktop/arquitectura/asr_ws/install/ecl_errors:/home/manza/Desktop/arquitectura/asr_ws/install/ecl_eigen:/home/manza/Desktop/arquitectura/asr_ws/install/ecl_converters_lite:/home/manza/Desktop/arquitectura/asr_ws/install/ecl_console:/home/manza/Desktop/arquitectura/asr_ws/install/ecl_config:/home/manza/Desktop/arquitectura/asr_ws/install/ecl_command_line:/home/manza/Desktop/arquitectura/asr_ws/install/comms_interfaces:/home/manza/Desktop/arquitectura/asr_ws/install/comms:/home/manza/Desktop/arquitectura/asr_ws/install/cmake_tutorial_7_program:/home/manza/Desktop/arquitectura/asr_ws/install/cmake_tutorial_7_functions:/home/manza/Desktop/arquitectura/asr_ws/install/cmake_tutorial_6_program:/home/manza/Desktop/arquitectura/asr_ws/install/cmake_tutorial_6_functions:/home/manza/Desktop/arquitectura/asr_ws/install/cascade_lifecycle_msgs:/home/manza/Desktop/arquitectura/asr_ws/install/bt_nav:/home/manza/Desktop/arquitectura/asr_ws/install/bt_bumpgo:/home/manza/Desktop/arquitectura/asr_ws/install/aws_robomaker_small_warehouse_world:/home/manza/Desktop/arquitectura/asr_ws/install/aws_robomaker_small_house_world:/home/manza/Desktop/arquitectura/asr_ws/install/aws_robomaker_racetrack_world:/home/manza/Desktop/arquitectura/asr_ws/install/aws_robomaker_bookstore_world:/home/manza/Desktop/arquitectura/asr_ws/install/astra_camera:/home/manza/Desktop/arquitectura/asr_ws/install/astra_camera_msgs:/opt/ros/jazzy/opt/gz_sim_vendor:/opt/ros/jazzy/opt/gz_sensors_vendor:/opt/ros/jazzy/opt/gz_physics_vendor:/opt/ros/jazzy/opt/sdformat_vendor:/opt/ros/jazzy/opt/gz_gui_vendor:/opt/ros/jazzy/opt/gz_transport_vendor:/opt/ros/jazzy/opt/gz_rendering_vendor:/opt/ros/jazzy/opt/gz_plugin_vendor:/opt/ros/jazzy/opt/gz_fuel_tools_vendor:/opt/ros/jazzy/opt/gz_msgs_vendor:/opt/ros/jazzy/opt/gz_common_vendor:/opt/ros/jazzy/opt/gz_math_vendor:/opt/ros/jazzy/opt/gz_utils_vendor:/opt/ros/jazzy/opt/gz_tools_vendor:/opt/ros/jazzy/opt/gz_ogre_next_vendor:/opt/ros/jazzy/opt/gz_dartsim_vendor:/opt/ros/jazzy/opt/gz_cmake_vendor:/home/manza/Desktop/arquitectura/final/final_project_arquitectura/install/yolo_ros:/home/manza/Desktop/arquitectura/asr_ws/install/yolo_ros:/home/manza/Desktop/arquitectura/asr_ws/install/rclpy_cascade_lifecycle:/opt/ros/jazzy DEBUGINFOD_URLS=https://debuginfod.ubuntu.com PYTHONPATH=/home/manza/Desktop/arquitectura/final/final_project_arquitectura/install/yolo_msgs/lib/python3.12/site-packages:/home/manza/Desktop/arquitectura/final/final_project_arquitectura/build/yolo_ros:/home/manza/Desktop/arquitectura/final/final_project_arquitectura/install/yolo_ros/lib/python3.12/site-packages:/home/manza/Desktop/arquitectura/asr_ws/build/yolo_ros:/home/manza/Desktop/arquitectura/asr_ws/install/yolo_ros/lib/python3.12/site-packages:/home/manza/Desktop/arquitectura/asr_ws/install/yolo_msgs/lib/python3.12/site-packages:/home/manza/Desktop/arquitectura/asr_ws/build/rclpy_cascade_lifecycle:/home/manza/Desktop/arquitectura/asr_ws/install/rclpy_cascade_lifecycle/lib/python3.12/site-packages:/home/manza/Desktop/arquitectura/asr_ws/install/p4advtur_interfaces/lib/python3.12/site-packages:/home/manza/Desktop/arquitectura/asr_ws/install/openni2_camera/lib/python3.12/site-packages:/home/manza/Desktop/arquitectura/asr_ws/install/comms_interfaces/lib/python3.12/site-packages:/home/manza/Desktop/arquitectura/asr_ws/install/cascade_lifecycle_msgs/lib/python3.12/site-packages:/home/manza/Desktop/arquitectura/asr_ws/install/astra_camera_msgs/lib/python3.12/site-packages:/opt/ros/jazzy/lib/python3.12/site-packages /usr/bin/cmake /home/manza/Desktop/arquitectura/final/final_project_arquitectura/src/depth_worker -DAMENT_CMAKE_SYMLINK_INSTALL=1 -DCMAKE_INSTALL_PREFIX=/home/manza/Desktop/arquitectura/final/final_project_arquitectura/install/depth_worker
[0.275s] -- The C compiler identification is GNU 13.3.0
[0.320s] -- The CXX compiler identification is GNU 13.3.0
[0.335s] -- Detecting C compiler ABI info
[0.418s] -- Detecting C compiler ABI info - done
[0.426s] -- Check for working C compiler: /usr/bin/cc - skipped
[0.426s] -- Detecting C compile features
[0.426s] -- Detecting C compile features - done
[0.435s] -- Detecting CXX compiler ABI info
[0.529s] -- Detecting CXX compiler ABI info - done
[0.536s] -- Check for working CXX compiler: /usr/bin/c++ - skipped
[0.536s] -- Detecting CXX compile features
[0.536s] -- Detecting CXX compile features - done
[0.544s] -- Found ament_cmake: 2.5.3 (/opt/ros/jazzy/share/ament_cmake/cmake)
[0.736s] -- Found Python3: /usr/bin/python3 (found version "3.12.3") found components: Interpreter 
[0.802s] -- Override CMake install command with custom implementation using symlinks instead of copying resources
[0.900s] -- Found rclcpp: 28.1.8 (/opt/ros/jazzy/share/rclcpp/cmake)
[0.988s] -- Found rosidl_generator_c: 4.6.5 (/opt/ros/jazzy/share/rosidl_generator_c/cmake)
[1.015s] -- Found rosidl_generator_cpp: 4.6.5 (/opt/ros/jazzy/share/rosidl_generator_cpp/cmake)
[1.048s] -- Using all available rosidl_typesupport_c: rosidl_typesupport_fastrtps_c;rosidl_typesupport_introspection_c
[1.083s] -- Using all available rosidl_typesupport_cpp: rosidl_typesupport_fastrtps_cpp;rosidl_typesupport_introspection_cpp
[1.211s] -- Found rmw_implementation_cmake: 7.3.2 (/opt/ros/jazzy/share/rmw_implementation_cmake/cmake)
[1.222s] -- Found rmw_fastrtps_cpp: 8.4.2 (/opt/ros/jazzy/share/rmw_fastrtps_cpp/cmake)
[1.334s] -- Found OpenSSL: /usr/lib/x86_64-linux-gnu/libcrypto.so (found version "3.0.13")  
[1.358s] -- Found FastRTPS: /opt/ros/jazzy/include (Required is at least version "2.13") 
[1.384s] -- Using RMW implementation 'rmw_fastrtps_cpp' as default
[1.493s] -- Found sensor_msgs: 5.3.6 (/opt/ros/jazzy/share/sensor_msgs/cmake)
[1.569s] -- Found vision_msgs: 4.1.1 (/opt/ros/jazzy/share/vision_msgs/cmake)
[1.594s] -- Found image_transport: 5.1.6 (/opt/ros/jazzy/share/image_transport/cmake)
[1.659s] -- Found cv_bridge: 4.1.0 (/opt/ros/jazzy/share/cv_bridge/cmake)
[1.681s] -- Found pcl_conversions: 2.6.2 (/opt/ros/jazzy/share/pcl_conversions/cmake)
[1.787s] [33mCMake Warning (dev) at /usr/lib/x86_64-linux-gnu/cmake/pcl/Modules/FindFLANN.cmake:45 (find_package):
[1.788s]   Policy CMP0144 is not set: find_package uses upper-case <PACKAGENAME>_ROOT
[1.788s]   variables.  Run "cmake --help-policy CMP0144" for policy details.  Use the
[1.788s]   cmake_policy command to set the policy and suppress this warning.
[1.788s] 
[1.788s]   CMake variable FLANN_ROOT is set to:
[1.788s] 
[1.788s]     /usr
[1.788s] 
[1.788s]   For compatibility, find_package is ignoring the variable, but code in a
[1.788s]   .cmake module might still use it.
[1.788s] Call Stack (most recent call first):
[1.788s]   /usr/lib/x86_64-linux-gnu/cmake/pcl/PCLConfig.cmake:261 (find_package)
[1.788s]   /usr/lib/x86_64-linux-gnu/cmake/pcl/PCLConfig.cmake:306 (find_flann)
[1.788s]   /usr/lib/x86_64-linux-gnu/cmake/pcl/PCLConfig.cmake:570 (find_external_library)
[1.789s]   /opt/ros/jazzy/share/pcl_conversions/cmake/ament_cmake_export_dependencies-extras.cmake:21 (find_package)
[1.789s]   /opt/ros/jazzy/share/pcl_conversions/cmake/pcl_conversionsConfig.cmake:41 (include)
[1.789s]   CMakeLists.txt:16 (find_package)
[1.789s] This warning is for project developers.  Use -Wno-dev to suppress it.
[1.789s] [0m
[1.789s] -- Found flann version 1.9.2
[2.071s] -- Found OpenMP_CXX: -fopenmp (found version "4.5") 
[2.071s] -- Found OpenMP: TRUE (found version "4.5") found components: CXX 
[3.388s] -- Checking for module 'libusb-1.0'
[3.405s] --   Found libusb-1.0, version 1.0.27
[3.440s] -- Found libusb: /usr/lib/x86_64-linux-gnu/libusb-1.0.so  
[3.440s] -- OpenNI found (version: 1.5.4.0, include: /usr/include/ni, lib: /usr/lib/libOpenNI.so;libusb::libusb)
[3.497s] -- OpenNI2 found (version: 2.3.0.85, include: /home/manza/Desktop/arquitectura/asr_ws/install/astra_camera/include/openni2, lib: /home/manza/Desktop/arquitectura/asr_ws/install/astra_camera/lib/libOpenNI2.so;libusb::libusb)
[3.502s] -- Could NOT find Pcap (missing: PCAP_LIBRARIES PCAP_INCLUDE_DIRS) 
[3.519s] -- Found ZLIB: /usr/lib/x86_64-linux-gnu/libz.so (found version "1.3")  
[3.540s] -- Found PNG: /usr/lib/x86_64-linux-gnu/libpng.so (found version "1.6.43") 
[4.118s] -- OpenNI found (version: 1.5.4.0, include: /usr/include/ni, lib: /usr/lib/libOpenNI.so;libusb::libusb)
[4.124s] -- OpenNI2 found (version: 2.3.0.85, include: /home/manza/Desktop/arquitectura/asr_ws/install/astra_camera/include/openni2, lib: /home/manza/Desktop/arquitectura/asr_ws/install/astra_camera/lib/libOpenNI2.so;libusb::libusb)
[4.593s] -- Found Qhull version 8.0.2
[5.069s] -- OpenNI found (version: 1.5.4.0, include: /usr/include/ni, lib: /usr/lib/libOpenNI.so;libusb::libusb)
[5.543s] -- Found PCL_COMMON: /usr/lib/x86_64-linux-gnu/libpcl_common.so  
[5.544s] -- Found PCL_KDTREE: /usr/lib/x86_64-linux-gnu/libpcl_kdtree.so  
[5.545s] -- Found PCL_OCTREE: /usr/lib/x86_64-linux-gnu/libpcl_octree.so  
[5.546s] -- Found PCL_SEARCH: /usr/lib/x86_64-linux-gnu/libpcl_search.so  
[5.546s] -- Found PCL_SAMPLE_CONSENSUS: /usr/lib/x86_64-linux-gnu/libpcl_sample_consensus.so  
[5.547s] -- Found PCL_FILTERS: /usr/lib/x86_64-linux-gnu/libpcl_filters.so  
[5.547s] -- Found PCL_2D: /usr/include/pcl-1.14  
[5.548s] -- Found PCL_GEOMETRY: /usr/include/pcl-1.14  
[5.549s] -- Found PCL_IO: /usr/lib/x86_64-linux-gnu/libpcl_io.so  
[5.550s] -- Found PCL_FEATURES: /usr/lib/x86_64-linux-gnu/libpcl_features.so  
[5.551s] -- Found PCL_ML: /usr/lib/x86_64-linux-gnu/libpcl_ml.so  
[5.552s] -- Found PCL_SEGMENTATION: /usr/lib/x86_64-linux-gnu/libpcl_segmentation.so  
[5.553s] -- Found PCL_VISUALIZATION: /usr/lib/x86_64-linux-gnu/libpcl_visualization.so  
[5.554s] -- Found PCL_SURFACE: /usr/lib/x86_64-linux-gnu/libpcl_surface.so  
[5.555s] -- Found PCL_REGISTRATION: /usr/lib/x86_64-linux-gnu/libpcl_registration.so  
[5.556s] -- Found PCL_KEYPOINTS: /usr/lib/x86_64-linux-gnu/libpcl_keypoints.so  
[5.557s] -- Found PCL_TRACKING: /usr/lib/x86_64-linux-gnu/libpcl_tracking.so  
[5.558s] -- Found PCL_RECOGNITION: /usr/lib/x86_64-linux-gnu/libpcl_recognition.so  
[5.559s] -- Found PCL_STEREO: /usr/lib/x86_64-linux-gnu/libpcl_stereo.so  
[5.560s] -- Found PCL_APPS: /usr/lib/x86_64-linux-gnu/libpcl_apps.so  
[5.560s] -- Found PCL_IN_HAND_SCANNER: /usr/include/pcl-1.14  
[5.561s] -- Found PCL_MODELER: /usr/include/pcl-1.14  
[5.561s] -- Found PCL_POINT_CLOUD_EDITOR: /usr/include/pcl-1.14  
[5.562s] -- Found PCL_OUTOFCORE: /usr/lib/x86_64-linux-gnu/libpcl_outofcore.so  
[5.563s] -- Found PCL_PEOPLE: /usr/lib/x86_64-linux-gnu/libpcl_people.so  
[5.581s] -- Found pcl_ros: 2.6.2 (/opt/ros/jazzy/share/pcl_ros/cmake)
[5.817s] -- Found eigen3_cmake_module: 0.3.0 (/opt/ros/jazzy/share/eigen3_cmake_module/cmake)
[5.818s] -- Found Eigen3: TRUE (found version "3.4.0") 
[5.818s] -- Ensuring Eigen3 include directory is part of orocos-kdl CMake target
[5.829s] -- Found image_geometry: 4.1.0 (/opt/ros/jazzy/share/image_geometry/cmake)
[5.839s] -- Found depth_image_proc: 5.0.9 (/opt/ros/jazzy/share/depth_image_proc/cmake)
[5.863s] -- Setting yaml-cpp_DIR to: '/opt/ros/jazzy/share/yaml_cpp_vendor/cmake/../../../opt/yaml_cpp_vendor/share/cmake/yaml-cpp'
[5.922s] -- Found yolo_msgs: 4.0.1 (/home/manza/Desktop/arquitectura/final/final_project_arquitectura/install/yolo_msgs/share/yolo_msgs/cmake)
[5.943s] -- Found OpenCV: /usr (found version "4.6.0") 
[6.668s] -- Found ament_lint_auto: 0.17.2 (/opt/ros/jazzy/share/ament_lint_auto/cmake)
[6.806s] -- Added test 'cppcheck' to perform static code analysis on C / C++ code
[6.808s] -- Configured cppcheck include dirs: /home/manza/Desktop/arquitectura/final/final_project_arquitectura/src/depth_worker/include
[6.808s] -- Configured cppcheck exclude dirs and/or files: 
[6.810s] -- Added test 'flake8' to check Python code syntax and style conventions
[6.810s] -- Configured 'flake8' exclude dirs and/or files: 
[6.811s] -- Added test 'lint_cmake' to check CMake code style
[6.813s] -- Added test 'pep257' to check Python code against some of the docstring style conventions in PEP 257
[6.815s] -- Added test 'uncrustify' to check C / C++ code style
[6.816s] -- Configured uncrustify additional arguments: 
[6.817s] -- Added test 'xmllint' to check XML markup files
[6.821s] -- Configuring done (6.6s)
[7.063s] -- Generating done (0.2s)
[7.084s] -- Build files have been written to: /home/manza/Desktop/arquitectura/final/final_project_arquitectura/build/depth_worker
[7.108s] Invoked command in '/home/manza/Desktop/arquitectura/final/final_project_arquitectura/build/depth_worker' returned '0': CMAKE_PREFIX_PATH=/home/manza/Desktop/arquitectura/final/final_project_arquitectura/install/yolo_msgs:/home/manza/Desktop/arquitectura/final/final_project_arquitectura/install/yolo_bringup:/home/manza/Desktop/arquitectura/final/final_project_arquitectura/install/elp_stereo_camera:/home/manza/Desktop/arquitectura/asr_ws/install/yolo_bringup:/home/manza/Desktop/arquitectura/asr_ws/install/yolo_p7:/home/manza/Desktop/arquitectura/asr_ws/install/camera:/home/manza/Desktop/arquitectura/asr_ws/install/yolo_msgs:/home/manza/Desktop/arquitectura/asr_ws/install/tf_seeker:/home/manza/Desktop/arquitectura/asr_ws/install/sump_bumpgo:/home/manza/Desktop/arquitectura/asr_ws/install/kobuki:/home/manza/Desktop/arquitectura/asr_ws/install/rplidar_ros:/home/manza/Desktop/arquitectura/asr_ws/install/repaso:/home/manza/Desktop/arquitectura/asr_ws/install/rclcpp_cascade_lifecycle:/home/manza/Desktop/arquitectura/asr_ws/install/p6_vff:/home/manza/Desktop/arquitectura/asr_ws/install/p5:/home/manza/Desktop/arquitectura/asr_ws/install/p4advtur:/home/manza/Desktop/arquitectura/asr_ws/install/p4advtur_interfaces:/home/manza/Desktop/arquitectura/asr_ws/install/p3advtur:/home/manza/Desktop/arquitectura/asr_ws/install/p2classes:/home/manza/Desktop/arquitectura/asr_ws/install/p2:/home/manza/Desktop/arquitectura/asr_ws/install/openni2_camera:/home/manza/Desktop/arquitectura/asr_ws/install/node_programming:/home/manza/Desktop/arquitectura/asr_ws/install/laser_vff:/home/manza/Desktop/arquitectura/asr_ws/install/laser:/home/manza/Desktop/arquitectura/asr_ws/install/kobuki_ros:/home/manza/Desktop/arquitectura/asr_ws/install/kobuki_safety_controller:/home/manza/Desktop/arquitectura/asr_ws/install/kobuki_random_walker:/home/manza/Desktop/arquitectura/asr_ws/install/kobuki_node:/home/manza/Desktop/arquitectura/asr_ws/install/kobuki_keyop:/home/manza/Desktop/arquitectura/asr_ws/install/kobuki_description:/home/manza/Desktop/arquitectura/asr_ws/install/kobuki_auto_docking:/home/manza/Desktop/arquitectura/asr_ws/install/kobuki_core:/home/manza/Desktop/arquitectura/asr_ws/install/kobuki_bumper2pc:/home/manza/Desktop/arquitectura/asr_ws/install/groot:/home/manza/Desktop/arquitectura/asr_ws/install/fsm_bumpgo:/home/manza/Desktop/arquitectura/asr_ws/install/follow_person:/home/manza/Desktop/arquitectura/asr_ws/install/ecl_core:/home/manza/Desktop/arquitectura/asr_ws/install/ecl_core_apps:/home/manza/Desktop/arquitectura/asr_ws/install/ecl_streams:/home/manza/Desktop/arquitectura/asr_ws/install/ecl_sigslots:/home/manza/Desktop/arquitectura/asr_ws/install/ecl_ipc:/home/manza/Desktop/arquitectura/asr_ws/install/ecl_devices:/home/manza/Desktop/arquitectura/asr_ws/install/ecl_threads:/home/manza/Desktop/arquitectura/asr_ws/install/ecl_mobile_robot:/home/manza/Desktop/arquitectura/asr_ws/install/ecl_manipulators:/home/manza/Desktop/arquitectura/asr_ws/install/ecl_geometry:/home/manza/Desktop/arquitectura/asr_ws/install/ecl_containers:/home/manza/Desktop/arquitectura/asr_ws/install/ecl_utilities:/home/manza/Desktop/arquitectura/asr_ws/install/ecl_statistics:/home/manza/Desktop/arquitectura/asr_ws/install/ecl_linear_algebra:/home/manza/Desktop/arquitectura/asr_ws/install/ecl_math:/home/manza/Desktop/arquitectura/asr_ws/install/ecl_formatters:/home/manza/Desktop/arquitectura/asr_ws/install/ecl_converters:/home/manza/Desktop/arquitectura/asr_ws/install/ecl_concepts:/home/manza/Desktop/arquitectura/asr_ws/install/ecl_type_traits:/home/manza/Desktop/arquitectura/asr_ws/install/ecl_time:/home/manza/Desktop/arquitectura/asr_ws/install/ecl_lite:/home/manza/Desktop/arquitectura/asr_ws/install/ecl_time_lite:/home/manza/Desktop/arquitectura/asr_ws/install/ecl_sigslots_lite:/home/manza/Desktop/arquitectura/asr_ws/install/ecl_mpl:/home/manza/Desktop/arquitectura/asr_ws/install/ecl_io:/home/manza/Desktop/arquitectura/asr_ws/install/ecl_filesystem:/home/manza/Desktop/arquitectura/asr_ws/install/ecl_exceptions:/home/manza/Desktop/arquitectura/asr_ws/install/ecl_errors:/home/manza/Desktop/arquitectura/asr_ws/install/ecl_eigen:/home/manza/Desktop/arquitectura/asr_ws/install/ecl_converters_lite:/home/manza/Desktop/arquitectura/asr_ws/install/ecl_console:/home/manza/Desktop/arquitectura/asr_ws/install/ecl_config:/home/manza/Desktop/arquitectura/asr_ws/install/ecl_command_line:/home/manza/Desktop/arquitectura/asr_ws/install/comms_interfaces:/home/manza/Desktop/arquitectura/asr_ws/install/comms:/home/manza/Desktop/arquitectura/asr_ws/install/cmake_tutorial_7_program:/home/manza/Desktop/arquitectura/asr_ws/install/cmake_tutorial_7_functions:/home/manza/Desktop/arquitectura/asr_ws/install/cmake_tutorial_6_program:/home/manza/Desktop/arquitectura/asr_ws/install/cmake_tutorial_6_functions:/home/manza/Desktop/arquitectura/asr_ws/install/cascade_lifecycle_msgs:/home/manza/Desktop/arquitectura/asr_ws/install/bt_nav:/home/manza/Desktop/arquitectura/asr_ws/install/bt_bumpgo:/home/manza/Desktop/arquitectura/asr_ws/install/aws_robomaker_small_warehouse_world:/home/manza/Desktop/arquitectura/asr_ws/install/aws_robomaker_small_house_world:/home/manza/Desktop/arquitectura/asr_ws/install/aws_robomaker_racetrack_world:/home/manza/Desktop/arquitectura/asr_ws/install/aws_robomaker_bookstore_world:/home/manza/Desktop/arquitectura/asr_ws/install/astra_camera:/home/manza/Desktop/arquitectura/asr_ws/install/astra_camera_msgs:/opt/ros/jazzy/opt/gz_sim_vendor:/opt/ros/jazzy/opt/gz_sensors_vendor:/opt/ros/jazzy/opt/gz_physics_vendor:/opt/ros/jazzy/opt/sdformat_vendor:/opt/ros/jazzy/opt/gz_gui_vendor:/opt/ros/jazzy/opt/gz_transport_vendor:/opt/ros/jazzy/opt/gz_rendering_vendor:/opt/ros/jazzy/opt/gz_plugin_vendor:/opt/ros/jazzy/opt/gz_fuel_tools_vendor:/opt/ros/jazzy/opt/gz_msgs_vendor:/opt/ros/jazzy/opt/gz_common_vendor:/opt/ros/jazzy/opt/gz_math_vendor:/opt/ros/jazzy/opt/gz_utils_vendor:/opt/ros/jazzy/opt/gz_tools_vendor:/opt/ros/jazzy/opt/gz_ogre_next_vendor:/opt/ros/jazzy/opt/gz_dartsim_vendor:/opt/ros/jazzy/opt/gz_cmake_vendor:/home/manza/Desktop/arquitectura/final/final_project_arquitectura/install/yolo_ros:/home/manza/Desktop/arquitectura/asr_ws/install/yolo_ros:/home/manza/Desktop/arquitectura/asr_ws/install/rclpy_cascade_lifecycle:/opt/ros/jazzy DEBUGINFOD_URLS=https://debuginfod.ubuntu.com PYTHONPATH=/home/manza/Desktop/arquitectura/final/final_project_arquitectura/install/yolo_msgs/lib/python3.12/site-packages:/home/manza/Desktop/arquitectura/final/final_project_arquitectura/build/yolo_ros:/home/manza/Desktop/arquitectura/final/final_project_arquitectura/install/yolo_ros/lib/python3.12/site-packages:/home/manza/Desktop/arquitectura/asr_ws/build/yolo_ros:/home/manza/Desktop/arquitectura/asr_ws/install/yolo_ros/lib/python3.12/site-packages:/home/manza/Desktop/arquitectura/asr_ws/install/yolo_msgs/lib/python3.12/site-packages:/home/manza/Desktop/arquitectura/asr_ws/build/rclpy_cascade_lifecycle:/home/manza/Desktop/arquitectura/asr_ws/install/rclpy_cascade_lifecycle/lib/python3.12/site-packages:/home/manza/Desktop/arquitectura/asr_ws/install/p4advtur_interfaces/lib/python3.12/site-packages:/home/manza/Desktop/arquitectura/asr_ws/install/openni2_camera/lib/python3.12/site-packages:/home/manza/Desktop/arquitectura/asr_ws/install/comms_interfaces/lib/python3.12/site-packages:/home/manza/Desktop/arquitectura/asr_ws/install/cascade_lifecycle_msgs/lib/python3.12/site-packages:/home/manza/Desktop/arquitectura/asr_ws/install/astra_camera_msgs/lib/python3.12/site-packages:/opt/ros/jazzy/lib/python3.12/site-packages /usr/bin/cmake /home/manza/Desktop/arquitectura/final/final_project_arquitectura/src/depth_worker -DAMENT_CMAKE_SYMLINK_INSTALL=1 -DCMAKE_INSTALL_PREFIX=/home/manza/Desktop/arquitectura/final/final_project_arquitectura/install/depth_worker
[7.109s] Invoking command in '/home/manza/Desktop/arquitectura/final/final_project_arquitectura/build/depth_worker': CMAKE_PREFIX_PATH=/home/manza/Desktop/arquitectura/final/final_project_arquitectura/install/yolo_msgs:/home/manza/Desktop/arquitectura/final/final_project_arquitectura/install/yolo_bringup:/home/manza/Desktop/arquitectura/final/final_project_arquitectura/install/elp_stereo_camera:/home/manza/Desktop/arquitectura/asr_ws/install/yolo_bringup:/home/manza/Desktop/arquitectura/asr_ws/install/yolo_p7:/home/manza/Desktop/arquitectura/asr_ws/install/camera:/home/manza/Desktop/arquitectura/asr_ws/install/yolo_msgs:/home/manza/Desktop/arquitectura/asr_ws/install/tf_seeker:/home/manza/Desktop/arquitectura/asr_ws/install/sump_bumpgo:/home/manza/Desktop/arquitectura/asr_ws/install/kobuki:/home/manza/Desktop/arquitectura/asr_ws/install/rplidar_ros:/home/manza/Desktop/arquitectura/asr_ws/install/repaso:/home/manza/Desktop/arquitectura/asr_ws/install/rclcpp_cascade_lifecycle:/home/manza/Desktop/arquitectura/asr_ws/install/p6_vff:/home/manza/Desktop/arquitectura/asr_ws/install/p5:/home/manza/Desktop/arquitectura/asr_ws/install/p4advtur:/home/manza/Desktop/arquitectura/asr_ws/install/p4advtur_interfaces:/home/manza/Desktop/arquitectura/asr_ws/install/p3advtur:/home/manza/Desktop/arquitectura/asr_ws/install/p2classes:/home/manza/Desktop/arquitectura/asr_ws/install/p2:/home/manza/Desktop/arquitectura/asr_ws/install/openni2_camera:/home/manza/Desktop/arquitectura/asr_ws/install/node_programming:/home/manza/Desktop/arquitectura/asr_ws/install/laser_vff:/home/manza/Desktop/arquitectura/asr_ws/install/laser:/home/manza/Desktop/arquitectura/asr_ws/install/kobuki_ros:/home/manza/Desktop/arquitectura/asr_ws/install/kobuki_safety_controller:/home/manza/Desktop/arquitectura/asr_ws/install/kobuki_random_walker:/home/manza/Desktop/arquitectura/asr_ws/install/kobuki_node:/home/manza/Desktop/arquitectura/asr_ws/install/kobuki_keyop:/home/manza/Desktop/arquitectura/asr_ws/install/kobuki_description:/home/manza/Desktop/arquitectura/asr_ws/install/kobuki_auto_docking:/home/manza/Desktop/arquitectura/asr_ws/install/kobuki_core:/home/manza/Desktop/arquitectura/asr_ws/install/kobuki_bumper2pc:/home/manza/Desktop/arquitectura/asr_ws/install/groot:/home/manza/Desktop/arquitectura/asr_ws/install/fsm_bumpgo:/home/manza/Desktop/arquitectura/asr_ws/install/follow_person:/home/manza/Desktop/arquitectura/asr_ws/install/ecl_core:/home/manza/Desktop/arquitectura/asr_ws/install/ecl_core_apps:/home/manza/Desktop/arquitectura/asr_ws/install/ecl_streams:/home/manza/Desktop/arquitectura/asr_ws/install/ecl_sigslots:/home/manza/Desktop/arquitectura/asr_ws/install/ecl_ipc:/home/manza/Desktop/arquitectura/asr_ws/install/ecl_devices:/home/manza/Desktop/arquitectura/asr_ws/install/ecl_threads:/home/manza/Desktop/arquitectura/asr_ws/install/ecl_mobile_robot:/home/manza/Desktop/arquitectura/asr_ws/install/ecl_manipulators:/home/manza/Desktop/arquitectura/asr_ws/install/ecl_geometry:/home/manza/Desktop/arquitectura/asr_ws/install/ecl_containers:/home/manza/Desktop/arquitectura/asr_ws/install/ecl_utilities:/home/manza/Desktop/arquitectura/asr_ws/install/ecl_statistics:/home/manza/Desktop/arquitectura/asr_ws/install/ecl_linear_algebra:/home/manza/Desktop/arquitectura/asr_ws/install/ecl_math:/home/manza/Desktop/arquitectura/asr_ws/install/ecl_formatters:/home/manza/Desktop/arquitectura/asr_ws/install/ecl_converters:/home/manza/Desktop/arquitectura/asr_ws/install/ecl_concepts:/home/manza/Desktop/arquitectura/asr_ws/install/ecl_type_traits:/home/manza/Desktop/arquitectura/asr_ws/install/ecl_time:/home/manza/Desktop/arquitectura/asr_ws/install/ecl_lite:/home/manza/Desktop/arquitectura/asr_ws/install/ecl_time_lite:/home/manza/Desktop/arquitectura/asr_ws/install/ecl_sigslots_lite:/home/manza/Desktop/arquitectura/asr_ws/install/ecl_mpl:/home/manza/Desktop/arquitectura/asr_ws/install/ecl_io:/home/manza/Desktop/arquitectura/asr_ws/install/ecl_filesystem:/home/manza/Desktop/arquitectura/asr_ws/install/ecl_exceptions:/home/manza/Desktop/arquitectura/asr_ws/install/ecl_errors:/home/manza/Desktop/arquitectura/asr_ws/install/ecl_eigen:/home/manza/Desktop/arquitectura/asr_ws/install/ecl_converters_lite:/home/manza/Desktop/arquitectura/asr_ws/install/ecl_console:/home/manza/Desktop/arquitectura/asr_ws/install/ecl_config:/home/manza/Desktop/arquitectura/asr_ws/install/ecl_command_line:/home/manza/Desktop/arquitectura/asr_ws/install/comms_interfaces:/home/manza/Desktop/arquitectura/asr_ws/install/comms:/home/manza/Desktop/arquitectura/asr_ws/install/cmake_tutorial_7_program:/home/manza/Desktop/arquitectura/asr_ws/install/cmake_tutorial_7_functions:/home/manza/Desktop/arquitectura/asr_ws/install/cmake_tutorial_6_program:/home/manza/Desktop/arquitectura/asr_ws/install/cmake_tutorial_6_functions:/home/manza/Desktop/arquitectura/asr_ws/install/cascade_lifecycle_msgs:/home/manza/Desktop/arquitectura/asr_ws/install/bt_nav:/home/manza/Desktop/arquitectura/asr_ws/install/bt_bumpgo:/home/manza/Desktop/arquitectura/asr_ws/install/aws_robomaker_small_warehouse_world:/home/manza/Desktop/arquitectura/asr_ws/install/aws_robomaker_small_house_world:/home/manza/Desktop/arquitectura/asr_ws/install/aws_robomaker_racetrack_world:/home/manza/Desktop/arquitectura/asr_ws/install/aws_robomaker_bookstore_world:/home/manza/Desktop/arquitectura/asr_ws/install/astra_camera:/home/manza/Desktop/arquitectura/asr_ws/install/astra_camera_msgs:/opt/ros/jazzy/opt/gz_sim_vendor:/opt/ros/jazzy/opt/gz_sensors_vendor:/opt/ros/jazzy/opt/gz_physics_vendor:/opt/ros/jazzy/opt/sdformat_vendor:/opt/ros/jazzy/opt/gz_gui_vendor:/opt/ros/jazzy/opt/gz_transport_vendor:/opt/ros/jazzy/opt/gz_rendering_vendor:/opt/ros/jazzy/opt/gz_plugin_vendor:/opt/ros/jazzy/opt/gz_fuel_tools_vendor:/opt/ros/jazzy/opt/gz_msgs_vendor:/opt/ros/jazzy/opt/gz_common_vendor:/opt/ros/jazzy/opt/gz_math_vendor:/opt/ros/jazzy/opt/gz_utils_vendor:/opt/ros/jazzy/opt/gz_tools_vendor:/opt/ros/jazzy/opt/gz_ogre_next_vendor:/opt/ros/jazzy/opt/gz_dartsim_vendor:/opt/ros/jazzy/opt/gz_cmake_vendor:/home/manza/Desktop/arquitectura/final/final_project_arquitectura/install/yolo_ros:/home/manza/Desktop/arquitectura/asr_ws/install/yolo_ros:/home/manza/Desktop/arquitectura/asr_ws/install/rclpy_cascade_lifecycle:/opt/ros/jazzy DEBUGINFOD_URLS=https://debuginfod.ubuntu.com PYTHONPATH=/home/manza/Desktop/arquitectura/final/final_project_arquitectura/install/yolo_msgs/lib/python3.12/site-packages:/home/manza/Desktop/arquitectura/final/final_project_arquitectura/build/yolo_ros:/home/manza/Desktop/arquitectura/final/final_project_arquitectura/install/yolo_ros/lib/python3.12/site-packages:/home/manza/Desktop/arquitectura/asr_ws/build/yolo_ros:/home/manza/Desktop/arquitectura/asr_ws/install/yolo_ros/lib/python3.12/site-packages:/home/manza/Desktop/arquitectura/asr_ws/install/yolo_msgs/lib/python3.12/site-packages:/home/manza/Desktop/arquitectura/asr_ws/build/rclpy_cascade_lifecycle:/home/manza/Desktop/arquitectura/asr_ws/install/rclpy_cascade_lifecycle/lib/python3.12/site-packages:/home/manza/Desktop/arquitectura/asr_ws/install/p4advtur_interfaces/lib/python3.12/site-packages:/home/manza/Desktop/arquitectura/asr_ws/install/openni2_camera/lib/python3.12/site-packages:/home/manza/Desktop/arquitectura/asr_ws/install/comms_interfaces/lib/python3.12/site-packages:/home/manza/Desktop/arquitectura/asr_ws/install/cascade_lifecycle_msgs/lib/python3.12/site-packages:/home/manza/Desktop/arquitectura/asr_ws/install/astra_camera_msgs/lib/python3.12/site-packages:/opt/ros/jazzy/lib/python3.12/site-packages /usr/bin/cmake --build /home/manza/Desktop/arquitectura/final/final_project_arquitectura/build/depth_worker -- -j16 -l16
[7.170s] [ 31%] [32mBuilding CXX object CMakeFiles/depth_worker.dir/src/depth_worker/DetectionTo3DfromPCNode.cpp.o[0m
[7.170s] [ 31%] [32mBuilding CXX object CMakeFiles/depth_worker.dir/src/depth_worker/YoloDetectionNode.cpp.o[0m
[7.170s] [ 31%] [32mBuilding CXX object CMakeFiles/depth_worker.dir/src/depth_worker/HSVFilterNode.cpp.o[0m
[7.170s] [ 31%] [32mBuilding CXX object CMakeFiles/depth_worker.dir/src/depth_worker/DetectionTo3DfromDepthNode.cpp.o[0m
[7.170s] [ 31%] [32mBuilding CXX object CMakeFiles/depth_worker.dir/src/depth_worker/YoloParserNode.cpp.o[0m
[23.452s] [ 37%] [32m[1mLinking CXX shared library libdepth_worker.so[0m
[25.737s] [ 37%] Built target depth_worker
[25.769s] [ 56%] [32mBuilding CXX object CMakeFiles/yolo_detection.dir/src/yolo_detection_main.cpp.o[0m
[25.769s] [ 56%] [32mBuilding CXX object CMakeFiles/detection_2d_to_3d_pc2.dir/src/detection_2d_to_3d_pc2_main.cpp.o[0m
[25.769s] [ 56%] [32mBuilding CXX object CMakeFiles/yolo_parser.dir/src/yolo_parser.cpp.o[0m
[25.769s] [ 68%] [32mBuilding CXX object CMakeFiles/detection_2d_to_3d_depth.dir/src/detection_2d_to_3d_depth_main.cpp.o[0m
[25.769s] [ 68%] [32mBuilding CXX object CMakeFiles/hsv_filter.dir/src/hsv_filter_main.cpp.o[0m
[28.919s] [ 75%] [32m[1mLinking CXX executable yolo_parser[0m
[28.951s] [ 81%] [32m[1mLinking CXX executable yolo_detection[0m
[29.621s] [ 87%] [32m[1mLinking CXX executable detection_2d_to_3d_pc2[0m
[31.733s] [ 93%] [32m[1mLinking CXX executable detection_2d_to_3d_depth[0m
[31.760s] [ 93%] Built target yolo_detection
[31.790s] [ 93%] Built target yolo_parser
[32.277s] [ 93%] Built target detection_2d_to_3d_pc2
[32.380s] [100%] [32m[1mLinking CXX executable hsv_filter[0m
[33.797s] [100%] Built target detection_2d_to_3d_depth
[34.295s] [100%] Built target hsv_filter
[34.307s] Invoked command in '/home/manza/Desktop/arquitectura/final/final_project_arquitectura/build/depth_worker' returned '0': CMAKE_PREFIX_PATH=/home/manza/Desktop/arquitectura/final/final_project_arquitectura/install/yolo_msgs:/home/manza/Desktop/arquitectura/final/final_project_arquitectura/install/yolo_bringup:/home/manza/Desktop/arquitectura/final/final_project_arquitectura/install/elp_stereo_camera:/home/manza/Desktop/arquitectura/asr_ws/install/yolo_bringup:/home/manza/Desktop/arquitectura/asr_ws/install/yolo_p7:/home/manza/Desktop/arquitectura/asr_ws/install/camera:/home/manza/Desktop/arquitectura/asr_ws/install/yolo_msgs:/home/manza/Desktop/arquitectura/asr_ws/install/tf_seeker:/home/manza/Desktop/arquitectura/asr_ws/install/sump_bumpgo:/home/manza/Desktop/arquitectura/asr_ws/install/kobuki:/home/manza/Desktop/arquitectura/asr_ws/install/rplidar_ros:/home/manza/Desktop/arquitectura/asr_ws/install/repaso:/home/manza/Desktop/arquitectura/asr_ws/install/rclcpp_cascade_lifecycle:/home/manza/Desktop/arquitectura/asr_ws/install/p6_vff:/home/manza/Desktop/arquitectura/asr_ws/install/p5:/home/manza/Desktop/arquitectura/asr_ws/install/p4advtur:/home/manza/Desktop/arquitectura/asr_ws/install/p4advtur_interfaces:/home/manza/Desktop/arquitectura/asr_ws/install/p3advtur:/home/manza/Desktop/arquitectura/asr_ws/install/p2classes:/home/manza/Desktop/arquitectura/asr_ws/install/p2:/home/manza/Desktop/arquitectura/asr_ws/install/openni2_camera:/home/manza/Desktop/arquitectura/asr_ws/install/node_programming:/home/manza/Desktop/arquitectura/asr_ws/install/laser_vff:/home/manza/Desktop/arquitectura/asr_ws/install/laser:/home/manza/Desktop/arquitectura/asr_ws/install/kobuki_ros:/home/manza/Desktop/arquitectura/asr_ws/install/kobuki_safety_controller:/home/manza/Desktop/arquitectura/asr_ws/install/kobuki_random_walker:/home/manza/Desktop/arquitectura/asr_ws/install/kobuki_node:/home/manza/Desktop/arquitectura/asr_ws/install/kobuki_keyop:/home/manza/Desktop/arquitectura/asr_ws/install/kobuki_description:/home/manza/Desktop/arquitectura/asr_ws/install/kobuki_auto_docking:/home/manza/Desktop/arquitectura/asr_ws/install/kobuki_core:/home/manza/Desktop/arquitectura/asr_ws/install/kobuki_bumper2pc:/home/manza/Desktop/arquitectura/asr_ws/install/groot:/home/manza/Desktop/arquitectura/asr_ws/install/fsm_bumpgo:/home/manza/Desktop/arquitectura/asr_ws/install/follow_person:/home/manza/Desktop/arquitectura/asr_ws/install/ecl_core:/home/manza/Desktop/arquitectura/asr_ws/install/ecl_core_apps:/home/manza/Desktop/arquitectura/asr_ws/install/ecl_streams:/home/manza/Desktop/arquitectura/asr_ws/install/ecl_sigslots:/home/manza/Desktop/arquitectura/asr_ws/install/ecl_ipc:/home/manza/Desktop/arquitectura/asr_ws/install/ecl_devices:/home/manza/Desktop/arquitectura/asr_ws/install/ecl_threads:/home/manza/Desktop/arquitectura/asr_ws/install/ecl_mobile_robot:/home/manza/Desktop/arquitectura/asr_ws/install/ecl_manipulators:/home/manza/Desktop/arquitectura/asr_ws/install/ecl_geometry:/home/manza/Desktop/arquitectura/asr_ws/install/ecl_containers:/home/manza/Desktop/arquitectura/asr_ws/install/ecl_utilities:/home/manza/Desktop/arquitectura/asr_ws/install/ecl_statistics:/home/manza/Desktop/arquitectura/asr_ws/install/ecl_linear_algebra:/home/manza/Desktop/arquitectura/asr_ws/install/ecl_math:/home/manza/Desktop/arquitectura/asr_ws/install/ecl_formatters:/home/manza/Desktop/arquitectura/asr_ws/install/ecl_converters:/home/manza/Desktop/arquitectura/asr_ws/install/ecl_concepts:/home/manza/Desktop/arquitectura/asr_ws/install/ecl_type_traits:/home/manza/Desktop/arquitectura/asr_ws/install/ecl_time:/home/manza/Desktop/arquitectura/asr_ws/install/ecl_lite:/home/manza/Desktop/arquitectura/asr_ws/install/ecl_time_lite:/home/manza/Desktop/arquitectura/asr_ws/install/ecl_sigslots_lite:/home/manza/Desktop/arquitectura/asr_ws/install/ecl_mpl:/home/manza/Desktop/arquitectura/asr_ws/install/ecl_io:/home/manza/Desktop/arquitectura/asr_ws/install/ecl_filesystem:/home/manza/Desktop/arquitectura/asr_ws/install/ecl_exceptions:/home/manza/Desktop/arquitectura/asr_ws/install/ecl_errors:/home/manza/Desktop/arquitectura/asr_ws/install/ecl_eigen:/home/manza/Desktop/arquitectura/asr_ws/install/ecl_converters_lite:/home/manza/Desktop/arquitectura/asr_ws/install/ecl_console:/home/manza/Desktop/arquitectura/asr_ws/install/ecl_config:/home/manza/Desktop/arquitectura/asr_ws/install/ecl_command_line:/home/manza/Desktop/arquitectura/asr_ws/install/comms_interfaces:/home/manza/Desktop/arquitectura/asr_ws/install/comms:/home/manza/Desktop/arquitectura/asr_ws/install/cmake_tutorial_7_program:/home/manza/Desktop/arquitectura/asr_ws/install/cmake_tutorial_7_functions:/home/manza/Desktop/arquitectura/asr_ws/install/cmake_tutorial_6_program:/home/manza/Desktop/arquitectura/asr_ws/install/cmake_tutorial_6_functions:/home/manza/Desktop/arquitectura/asr_ws/install/cascade_lifecycle_msgs:/home/manza/Desktop/arquitectura/asr_ws/install/bt_nav:/home/manza/Desktop/arquitectura/asr_ws/install/bt_bumpgo:/home/manza/Desktop/arquitectura/asr_ws/install/aws_robomaker_small_warehouse_world:/home/manza/Desktop/arquitectura/asr_ws/install/aws_robomaker_small_house_world:/home/manza/Desktop/arquitectura/asr_ws/install/aws_robomaker_racetrack_world:/home/manza/Desktop/arquitectura/asr_ws/install/aws_robomaker_bookstore_world:/home/manza/Desktop/arquitectura/asr_ws/install/astra_camera:/home/manza/Desktop/arquitectura/asr_ws/install/astra_camera_msgs:/opt/ros/jazzy/opt/gz_sim_vendor:/opt/ros/jazzy/opt/gz_sensors_vendor:/opt/ros/jazzy/opt/gz_physics_vendor:/opt/ros/jazzy/opt/sdformat_vendor:/opt/ros/jazzy/opt/gz_gui_vendor:/opt/ros/jazzy/opt/gz_transport_vendor:/opt/ros/jazzy/opt/gz_rendering_vendor:/opt/ros/jazzy/opt/gz_plugin_vendor:/opt/ros/jazzy/opt/gz_fuel_tools_vendor:/opt/ros/jazzy/opt/gz_msgs_vendor:/opt/ros/jazzy/opt/gz_common_vendor:/opt/ros/jazzy/opt/gz_math_vendor:/opt/ros/jazzy/opt/gz_utils_vendor:/opt/ros/jazzy/opt/gz_tools_vendor:/opt/ros/jazzy/opt/gz_ogre_next_vendor:/opt/ros/jazzy/opt/gz_dartsim_vendor:/opt/ros/jazzy/opt/gz_cmake_vendor:/home/manza/Desktop/arquitectura/final/final_project_arquitectura/install/yolo_ros:/home/manza/Desktop/arquitectura/asr_ws/install/yolo_ros:/home/manza/Desktop/arquitectura/asr_ws/install/rclpy_cascade_lifecycle:/opt/ros/jazzy DEBUGINFOD_URLS=https://debuginfod.ubuntu.com PYTHONPATH=/home/manza/Desktop/arquitectura/final/final_project_arquitectura/install/yolo_msgs/lib/python3.12/site-packages:/home/manza/Desktop/arquitectura/final/final_project_arquitectura/build/yolo_ros:/home/manza/Desktop/arquitectura/final/final_project_arquitectura/install/yolo_ros/lib/python3.12/site-packages:/home/manza/Desktop/arquitectura/asr_ws/build/yolo_ros:/home/manza/Desktop/arquitectura/asr_ws/install/yolo_ros/lib/python3.12/site-packages:/home/manza/Desktop/arquitectura/asr_ws/install/yolo_msgs/lib/python3.12/site-packages:/home/manza/Desktop/arquitectura/asr_ws/build/rclpy_cascade_lifecycle:/home/manza/Desktop/arquitectura/asr_ws/install/rclpy_cascade_lifecycle/lib/python3.12/site-packages:/home/manza/Desktop/arquitectura/asr_ws/install/p4advtur_interfaces/lib/python3.12/site-packages:/home/manza/Desktop/arquitectura/asr_ws/install/openni2_camera/lib/python3.12/site-packages:/home/manza/Desktop/arquitectura/asr_ws/install/comms_interfaces/lib/python3.12/site-packages:/home/manza/Desktop/arquitectura/asr_ws/install/cascade_lifecycle_msgs/lib/python3.12/site-packages:/home/manza/Desktop/arquitectura/asr_ws/install/astra_camera_msgs/lib/python3.12/site-packages:/opt/ros/jazzy/lib/python3.12/site-packages /usr/bin/cmake --build /home/manza/Desktop/arquitectura/final/final_project_arquitectura/build/depth_worker -- -j16 -l16
[34.308s] Invoking command in '/home/manza/Desktop/arquitectura/final/final_project_arquitectura/build/depth_worker': CMAKE_PREFIX_PATH=/home/manza/Desktop/arquitectura/final/final_project_arquitectura/install/yolo_msgs:/home/manza/Desktop/arquitectura/final/final_project_arquitectura/install/yolo_bringup:/home/manza/Desktop/arquitectura/final/final_project_arquitectura/install/elp_stereo_camera:/home/manza/Desktop/arquitectura/asr_ws/install/yolo_bringup:/home/manza/Desktop/arquitectura/asr_ws/install/yolo_p7:/home/manza/Desktop/arquitectura/asr_ws/install/camera:/home/manza/Desktop/arquitectura/asr_ws/install/yolo_msgs:/home/manza/Desktop/arquitectura/asr_ws/install/tf_seeker:/home/manza/Desktop/arquitectura/asr_ws/install/sump_bumpgo:/home/manza/Desktop/arquitectura/asr_ws/install/kobuki:/home/manza/Desktop/arquitectura/asr_ws/install/rplidar_ros:/home/manza/Desktop/arquitectura/asr_ws/install/repaso:/home/manza/Desktop/arquitectura/asr_ws/install/rclcpp_cascade_lifecycle:/home/manza/Desktop/arquitectura/asr_ws/install/p6_vff:/home/manza/Desktop/arquitectura/asr_ws/install/p5:/home/manza/Desktop/arquitectura/asr_ws/install/p4advtur:/home/manza/Desktop/arquitectura/asr_ws/install/p4advtur_interfaces:/home/manza/Desktop/arquitectura/asr_ws/install/p3advtur:/home/manza/Desktop/arquitectura/asr_ws/install/p2classes:/home/manza/Desktop/arquitectura/asr_ws/install/p2:/home/manza/Desktop/arquitectura/asr_ws/install/openni2_camera:/home/manza/Desktop/arquitectura/asr_ws/install/node_programming:/home/manza/Desktop/arquitectura/asr_ws/install/laser_vff:/home/manza/Desktop/arquitectura/asr_ws/install/laser:/home/manza/Desktop/arquitectura/asr_ws/install/kobuki_ros:/home/manza/Desktop/arquitectura/asr_ws/install/kobuki_safety_controller:/home/manza/Desktop/arquitectura/asr_ws/install/kobuki_random_walker:/home/manza/Desktop/arquitectura/asr_ws/install/kobuki_node:/home/manza/Desktop/arquitectura/asr_ws/install/kobuki_keyop:/home/manza/Desktop/arquitectura/asr_ws/install/kobuki_description:/home/manza/Desktop/arquitectura/asr_ws/install/kobuki_auto_docking:/home/manza/Desktop/arquitectura/asr_ws/install/kobuki_core:/home/manza/Desktop/arquitectura/asr_ws/install/kobuki_bumper2pc:/home/manza/Desktop/arquitectura/asr_ws/install/groot:/home/manza/Desktop/arquitectura/asr_ws/install/fsm_bumpgo:/home/manza/Desktop/arquitectura/asr_ws/install/follow_person:/home/manza/Desktop/arquitectura/asr_ws/install/ecl_core:/home/manza/Desktop/arquitectura/asr_ws/install/ecl_core_apps:/home/manza/Desktop/arquitectura/asr_ws/install/ecl_streams:/home/manza/Desktop/arquitectura/asr_ws/install/ecl_sigslots:/home/manza/Desktop/arquitectura/asr_ws/install/ecl_ipc:/home/manza/Desktop/arquitectura/asr_ws/install/ecl_devices:/home/manza/Desktop/arquitectura/asr_ws/install/ecl_threads:/home/manza/Desktop/arquitectura/asr_ws/install/ecl_mobile_robot:/home/manza/Desktop/arquitectura/asr_ws/install/ecl_manipulators:/home/manza/Desktop/arquitectura/asr_ws/install/ecl_geometry:/home/manza/Desktop/arquitectura/asr_ws/install/ecl_containers:/home/manza/Desktop/arquitectura/asr_ws/install/ecl_utilities:/home/manza/Desktop/arquitectura/asr_ws/install/ecl_statistics:/home/manza/Desktop/arquitectura/asr_ws/install/ecl_linear_algebra:/home/manza/Desktop/arquitectura/asr_ws/install/ecl_math:/home/manza/Desktop/arquitectura/asr_ws/install/ecl_formatters:/home/manza/Desktop/arquitectura/asr_ws/install/ecl_converters:/home/manza/Desktop/arquitectura/asr_ws/install/ecl_concepts:/home/manza/Desktop/arquitectura/asr_ws/install/ecl_type_traits:/home/manza/Desktop/arquitectura/asr_ws/install/ecl_time:/home/manza/Desktop/arquitectura/asr_ws/install/ecl_lite:/home/manza/Desktop/arquitectura/asr_ws/install/ecl_time_lite:/home/manza/Desktop/arquitectura/asr_ws/install/ecl_sigslots_lite:/home/manza/Desktop/arquitectura/asr_ws/install/ecl_mpl:/home/manza/Desktop/arquitectura/asr_ws/install/ecl_io:/home/manza/Desktop/arquitectura/asr_ws/install/ecl_filesystem:/home/manza/Desktop/arquitectura/asr_ws/install/ecl_exceptions:/home/manza/Desktop/arquitectura/asr_ws/install/ecl_errors:/home/manza/Desktop/arquitectura/asr_ws/install/ecl_eigen:/home/manza/Desktop/arquitectura/asr_ws/install/ecl_converters_lite:/home/manza/Desktop/arquitectura/asr_ws/install/ecl_console:/home/manza/Desktop/arquitectura/asr_ws/install/ecl_config:/home/manza/Desktop/arquitectura/asr_ws/install/ecl_command_line:/home/manza/Desktop/arquitectura/asr_ws/install/comms_interfaces:/home/manza/Desktop/arquitectura/asr_ws/install/comms:/home/manza/Desktop/arquitectura/asr_ws/install/cmake_tutorial_7_program:/home/manza/Desktop/arquitectura/asr_ws/install/cmake_tutorial_7_functions:/home/manza/Desktop/arquitectura/asr_ws/install/cmake_tutorial_6_program:/home/manza/Desktop/arquitectura/asr_ws/install/cmake_tutorial_6_functions:/home/manza/Desktop/arquitectura/asr_ws/install/cascade_lifecycle_msgs:/home/manza/Desktop/arquitectura/asr_ws/install/bt_nav:/home/manza/Desktop/arquitectura/asr_ws/install/bt_bumpgo:/home/manza/Desktop/arquitectura/asr_ws/install/aws_robomaker_small_warehouse_world:/home/manza/Desktop/arquitectura/asr_ws/install/aws_robomaker_small_house_world:/home/manza/Desktop/arquitectura/asr_ws/install/aws_robomaker_racetrack_world:/home/manza/Desktop/arquitectura/asr_ws/install/aws_robomaker_bookstore_world:/home/manza/Desktop/arquitectura/asr_ws/install/astra_camera:/home/manza/Desktop/arquitectura/asr_ws/install/astra_camera_msgs:/opt/ros/jazzy/opt/gz_sim_vendor:/opt/ros/jazzy/opt/gz_sensors_vendor:/opt/ros/jazzy/opt/gz_physics_vendor:/opt/ros/jazzy/opt/sdformat_vendor:/opt/ros/jazzy/opt/gz_gui_vendor:/opt/ros/jazzy/opt/gz_transport_vendor:/opt/ros/jazzy/opt/gz_rendering_vendor:/opt/ros/jazzy/opt/gz_plugin_vendor:/opt/ros/jazzy/opt/gz_fuel_tools_vendor:/opt/ros/jazzy/opt/gz_msgs_vendor:/opt/ros/jazzy/opt/gz_common_vendor:/opt/ros/jazzy/opt/gz_math_vendor:/opt/ros/jazzy/opt/gz_utils_vendor:/opt/ros/jazzy/opt/gz_tools_vendor:/opt/ros/jazzy/opt/gz_ogre_next_vendor:/opt/ros/jazzy/opt/gz_dartsim_vendor:/opt/ros/jazzy/opt/gz_cmake_vendor:/home/manza/Desktop/arquitectura/final/final_project_arquitectura/install/yolo_ros:/home/manza/Desktop/arquitectura/asr_ws/install/yolo_ros:/home/manza/Desktop/arquitectura/asr_ws/install/rclpy_cascade_lifecycle:/opt/ros/jazzy DEBUGINFOD_URLS=https://debuginfod.ubuntu.com PYTHONPATH=/home/manza/Desktop/arquitectura/final/final_project_arquitectura/install/yolo_msgs/lib/python3.12/site-packages:/home/manza/Desktop/arquitectura/final/final_project_arquitectura/build/yolo_ros:/home/manza/Desktop/arquitectura/final/final_project_arquitectura/install/yolo_ros/lib/python3.12/site-packages:/home/manza/Desktop/arquitectura/asr_ws/build/yolo_ros:/home/manza/Desktop/arquitectura/asr_ws/install/yolo_ros/lib/python3.12/site-packages:/home/manza/Desktop/arquitectura/asr_ws/install/yolo_msgs/lib/python3.12/site-packages:/home/manza/Desktop/arquitectura/asr_ws/build/rclpy_cascade_lifecycle:/home/manza/Desktop/arquitectura/asr_ws/install/rclpy_cascade_lifecycle/lib/python3.12/site-packages:/home/manza/Desktop/arquitectura/asr_ws/install/p4advtur_interfaces/lib/python3.12/site-packages:/home/manza/Desktop/arquitectura/asr_ws/install/openni2_camera/lib/python3.12/site-packages:/home/manza/Desktop/arquitectura/asr_ws/install/comms_interfaces/lib/python3.12/site-packages:/home/manza/Desktop/arquitectura/asr_ws/install/cascade_lifecycle_msgs/lib/python3.12/site-packages:/home/manza/Desktop/arquitectura/asr_ws/install/astra_camera_msgs/lib/python3.12/site-packages:/opt/ros/jazzy/lib/python3.12/site-packages /usr/bin/cmake --install /home/manza/Desktop/arquitectura/final/final_project_arquitectura/build/depth_worker
[34.317s] -- Install configuration: ""
[34.317s] -- Execute custom install script
[34.318s] -- Symlinking: /home/manza/Desktop/arquitectura/final/final_project_arquitectura/install/depth_worker/lib/libdepth_worker.so
[34.328s] -- Symlinking: /home/manza/Desktop/arquitectura/final/final_project_arquitectura/install/depth_worker/lib/depth_worker/hsv_filter
[34.337s] -- Symlinking: /home/manza/Desktop/arquitectura/final/final_project_arquitectura/install/depth_worker/lib/depth_worker/yolo_detection
[34.346s] -- Symlinking: /home/manza/Desktop/arquitectura/final/final_project_arquitectura/install/depth_worker/lib/depth_worker/yolo_parser
[34.356s] -- Symlinking: /home/manza/Desktop/arquitectura/final/final_project_arquitectura/install/depth_worker/lib/depth_worker/detection_2d_to_3d_pc2
[34.366s] -- Symlinking: /home/manza/Desktop/arquitectura/final/final_project_arquitectura/install/depth_worker/lib/depth_worker/detection_2d_to_3d_depth
[34.376s] -- Symlinking: /home/manza/Desktop/arquitectura/final/final_project_arquitectura/install/depth_worker/share/depth_worker/launch/camera.launch.py
[34.384s] -- Symlinking: /home/manza/Desktop/arquitectura/final/final_project_arquitectura/install/depth_worker/share/depth_worker/launch/detection3d_hsv.launch.py
[34.394s] -- Symlinking: /home/manza/Desktop/arquitectura/final/final_project_arquitectura/install/depth_worker/share/depth_worker/launch/detection3d_yolo.launch.py
[34.404s] -- Symlinking: /home/manza/Desktop/arquitectura/final/final_project_arquitectura/install/depth_worker/share/depth_worker/launch/follow_person_yolo.launch.py
[34.413s] -- Symlinking: /home/manza/Desktop/arquitectura/final/final_project_arquitectura/install/depth_worker/share/depth_worker/launch/yolo_detection.launch.py
[34.424s] -- Symlinking: /home/manza/Desktop/arquitectura/final/final_project_arquitectura/install/depth_worker/share/depth_worker/config/params.yaml
[34.434s] -- Symlinking: /home/manza/Desktop/arquitectura/final/final_project_arquitectura/install/depth_worker/share/depth_worker/environment/library_path.sh
[34.443s] -- Symlinking: /home/manza/Desktop/arquitectura/final/final_project_arquitectura/install/depth_worker/share/depth_worker/environment/library_path.dsv
[34.451s] -- Symlinking: /home/manza/Desktop/arquitectura/final/final_project_arquitectura/install/depth_worker/share/ament_index/resource_index/package_run_dependencies/depth_worker
[34.459s] -- Symlinking: /home/manza/Desktop/arquitectura/final/final_project_arquitectura/install/depth_worker/share/ament_index/resource_index/parent_prefix_path/depth_worker
[34.469s] -- Symlinking: /home/manza/Desktop/arquitectura/final/final_project_arquitectura/install/depth_worker/share/depth_worker/environment/ament_prefix_path.sh
[34.478s] -- Symlinking: /home/manza/Desktop/arquitectura/final/final_project_arquitectura/install/depth_worker/share/depth_worker/environment/ament_prefix_path.dsv
[34.489s] -- Symlinking: /home/manza/Desktop/arquitectura/final/final_project_arquitectura/install/depth_worker/share/depth_worker/environment/path.sh
[34.499s] -- Symlinking: /home/manza/Desktop/arquitectura/final/final_project_arquitectura/install/depth_worker/share/depth_worker/environment/path.dsv
[34.509s] -- Symlinking: /home/manza/Desktop/arquitectura/final/final_project_arquitectura/install/depth_worker/share/depth_worker/local_setup.bash
[34.518s] -- Symlinking: /home/manza/Desktop/arquitectura/final/final_project_arquitectura/install/depth_worker/share/depth_worker/local_setup.sh
[34.526s] -- Symlinking: /home/manza/Desktop/arquitectura/final/final_project_arquitectura/install/depth_worker/share/depth_worker/local_setup.zsh
[34.536s] -- Symlinking: /home/manza/Desktop/arquitectura/final/final_project_arquitectura/install/depth_worker/share/depth_worker/local_setup.dsv
[34.546s] -- Symlinking: /home/manza/Desktop/arquitectura/final/final_project_arquitectura/install/depth_worker/share/depth_worker/package.dsv
[34.556s] -- Symlinking: /home/manza/Desktop/arquitectura/final/final_project_arquitectura/install/depth_worker/share/ament_index/resource_index/packages/depth_worker
[34.565s] -- Symlinking: /home/manza/Desktop/arquitectura/final/final_project_arquitectura/install/depth_worker/share/depth_worker/cmake/ament_cmake_export_include_directories-extras.cmake
[34.575s] -- Symlinking: /home/manza/Desktop/arquitectura/final/final_project_arquitectura/install/depth_worker/share/depth_worker/cmake/ament_cmake_export_libraries-extras.cmake
[34.585s] -- Symlinking: /home/manza/Desktop/arquitectura/final/final_project_arquitectura/install/depth_worker/share/depth_worker/cmake/ament_cmake_export_dependencies-extras.cmake
[34.594s] -- Symlinking: /home/manza/Desktop/arquitectura/final/final_project_arquitectura/install/depth_worker/share/depth_worker/cmake/depth_workerConfig.cmake
[34.604s] -- Symlinking: /home/manza/Desktop/arquitectura/final/final_project_arquitectura/install/depth_worker/share/depth_worker/cmake/depth_workerConfig-version.cmake
[34.614s] -- Symlinking: /home/manza/Desktop/arquitectura/final/final_project_arquitectura/install/depth_worker/share/depth_worker/package.xml
[34.624s] Invoked command in '/home/manza/Desktop/arquitectura/final/final_project_arquitectura/build/depth_worker' returned '0': CMAKE_PREFIX_PATH=/home/manza/Desktop/arquitectura/final/final_project_arquitectura/install/yolo_msgs:/home/manza/Desktop/arquitectura/final/final_project_arquitectura/install/yolo_bringup:/home/manza/Desktop/arquitectura/final/final_project_arquitectura/install/elp_stereo_camera:/home/manza/Desktop/arquitectura/asr_ws/install/yolo_bringup:/home/manza/Desktop/arquitectura/asr_ws/install/yolo_p7:/home/manza/Desktop/arquitectura/asr_ws/install/camera:/home/manza/Desktop/arquitectura/asr_ws/install/yolo_msgs:/home/manza/Desktop/arquitectura/asr_ws/install/tf_seeker:/home/manza/Desktop/arquitectura/asr_ws/install/sump_bumpgo:/home/manza/Desktop/arquitectura/asr_ws/install/kobuki:/home/manza/Desktop/arquitectura/asr_ws/install/rplidar_ros:/home/manza/Desktop/arquitectura/asr_ws/install/repaso:/home/manza/Desktop/arquitectura/asr_ws/install/rclcpp_cascade_lifecycle:/home/manza/Desktop/arquitectura/asr_ws/install/p6_vff:/home/manza/Desktop/arquitectura/asr_ws/install/p5:/home/manza/Desktop/arquitectura/asr_ws/install/p4advtur:/home/manza/Desktop/arquitectura/asr_ws/install/p4advtur_interfaces:/home/manza/Desktop/arquitectura/asr_ws/install/p3advtur:/home/manza/Desktop/arquitectura/asr_ws/install/p2classes:/home/manza/Desktop/arquitectura/asr_ws/install/p2:/home/manza/Desktop/arquitectura/asr_ws/install/openni2_camera:/home/manza/Desktop/arquitectura/asr_ws/install/node_programming:/home/manza/Desktop/arquitectura/asr_ws/install/laser_vff:/home/manza/Desktop/arquitectura/asr_ws/install/laser:/home/manza/Desktop/arquitectura/asr_ws/install/kobuki_ros:/home/manza/Desktop/arquitectura/asr_ws/install/kobuki_safety_controller:/home/manza/Desktop/arquitectura/asr_ws/install/kobuki_random_walker:/home/manza/Desktop/arquitectura/asr_ws/install/kobuki_node:/home/manza/Desktop/arquitectura/asr_ws/install/kobuki_keyop:/home/manza/Desktop/arquitectura/asr_ws/install/kobuki_description:/home/manza/Desktop/arquitectura/asr_ws/install/kobuki_auto_docking:/home/manza/Desktop/arquitectura/asr_ws/install/kobuki_core:/home/manza/Desktop/arquitectura/asr_ws/install/kobuki_bumper2pc:/home/manza/Desktop/arquitectura/asr_ws/install/groot:/home/manza/Desktop/arquitectura/asr_ws/install/fsm_bumpgo:/home/manza/Desktop/arquitectura/asr_ws/install/follow_person:/home/manza/Desktop/arquitectura/asr_ws/install/ecl_core:/home/manza/Desktop/arquitectura/asr_ws/install/ecl_core_apps:/home/manza/Desktop/arquitectura/asr_ws/install/ecl_streams:/home/manza/Desktop/arquitectura/asr_ws/install/ecl_sigslots:/home/manza/Desktop/arquitectura/asr_ws/install/ecl_ipc:/home/manza/Desktop/arquitectura/asr_ws/install/ecl_devices:/home/manza/Desktop/arquitectura/asr_ws/install/ecl_threads:/home/manza/Desktop/arquitectura/asr_ws/install/ecl_mobile_robot:/home/manza/Desktop/arquitectura/asr_ws/install/ecl_manipulators:/home/manza/Desktop/arquitectura/asr_ws/install/ecl_geometry:/home/manza/Desktop/arquitectura/asr_ws/install/ecl_containers:/home/manza/Desktop/arquitectura/asr_ws/install/ecl_utilities:/home/manza/Desktop/arquitectura/asr_ws/install/ecl_statistics:/home/manza/Desktop/arquitectura/asr_ws/install/ecl_linear_algebra:/home/manza/Desktop/arquitectura/asr_ws/install/ecl_math:/home/manza/Desktop/arquitectura/asr_ws/install/ecl_formatters:/home/manza/Desktop/arquitectura/asr_ws/install/ecl_converters:/home/manza/Desktop/arquitectura/asr_ws/install/ecl_concepts:/home/manza/Desktop/arquitectura/asr_ws/install/ecl_type_traits:/home/manza/Desktop/arquitectura/asr_ws/install/ecl_time:/home/manza/Desktop/arquitectura/asr_ws/install/ecl_lite:/home/manza/Desktop/arquitectura/asr_ws/install/ecl_time_lite:/home/manza/Desktop/arquitectura/asr_ws/install/ecl_sigslots_lite:/home/manza/Desktop/arquitectura/asr_ws/install/ecl_mpl:/home/manza/Desktop/arquitectura/asr_ws/install/ecl_io:/home/manza/Desktop/arquitectura/asr_ws/install/ecl_filesystem:/home/manza/Desktop/arquitectura/asr_ws/install/ecl_exceptions:/home/manza/Desktop/arquitectura/asr_ws/install/ecl_errors:/home/manza/Desktop/arquitectura/asr_ws/install/ecl_eigen:/home/manza/Desktop/arquitectura/asr_ws/install/ecl_converters_lite:/home/manza/Desktop/arquitectura/asr_ws/install/ecl_console:/home/manza/Desktop/arquitectura/asr_ws/install/ecl_config:/home/manza/Desktop/arquitectura/asr_ws/install/ecl_command_line:/home/manza/Desktop/arquitectura/asr_ws/install/comms_interfaces:/home/manza/Desktop/arquitectura/asr_ws/install/comms:/home/manza/Desktop/arquitectura/asr_ws/install/cmake_tutorial_7_program:/home/manza/Desktop/arquitectura/asr_ws/install/cmake_tutorial_7_functions:/home/manza/Desktop/arquitectura/asr_ws/install/cmake_tutorial_6_program:/home/manza/Desktop/arquitectura/asr_ws/install/cmake_tutorial_6_functions:/home/manza/Desktop/arquitectura/asr_ws/install/cascade_lifecycle_msgs:/home/manza/Desktop/arquitectura/asr_ws/install/bt_nav:/home/manza/Desktop/arquitectura/asr_ws/install/bt_bumpgo:/home/manza/Desktop/arquitectura/asr_ws/install/aws_robomaker_small_warehouse_world:/home/manza/Desktop/arquitectura/asr_ws/install/aws_robomaker_small_house_world:/home/manza/Desktop/arquitectura/asr_ws/install/aws_robomaker_racetrack_world:/home/manza/Desktop/arquitectura/asr_ws/install/aws_robomaker_bookstore_world:/home/manza/Desktop/arquitectura/asr_ws/install/astra_camera:/home/manza/Desktop/arquitectura/asr_ws/install/astra_camera_msgs:/opt/ros/jazzy/opt/gz_sim_vendor:/opt/ros/jazzy/opt/gz_sensors_vendor:/opt/ros/jazzy/opt/gz_physics_vendor:/opt/ros/jazzy/opt/sdformat_vendor:/opt/ros/jazzy/opt/gz_gui_vendor:/opt/ros/jazzy/opt/gz_transport_vendor:/opt/ros/jazzy/opt/gz_rendering_vendor:/opt/ros/jazzy/opt/gz_plugin_vendor:/opt/ros/jazzy/opt/gz_fuel_tools_vendor:/opt/ros/jazzy/opt/gz_msgs_vendor:/opt/ros/jazzy/opt/gz_common_vendor:/opt/ros/jazzy/opt/gz_math_vendor:/opt/ros/jazzy/opt/gz_utils_vendor:/opt/ros/jazzy/opt/gz_tools_vendor:/opt/ros/jazzy/opt/gz_ogre_next_vendor:/opt/ros/jazzy/opt/gz_dartsim_vendor:/opt/ros/jazzy/opt/gz_cmake_vendor:/home/manza/Desktop/arquitectura/final/final_project_arquitectura/install/yolo_ros:/home/manza/Desktop/arquitectura/asr_ws/install/yolo_ros:/home/manza/Desktop/arquitectura/asr_ws/install/rclpy_cascade_lifecycle:/opt/ros/jazzy DEBUGINFOD_URLS=https://debuginfod.ubuntu.com PYTHONPATH=/home/manza/Desktop/arquitectura/final/final_project_arquitectura/install/yolo_msgs/lib/python3.12/site-packages:/home/manza/Desktop/arquitectura/final/final_project_arquitectura/build/yolo_ros:/home/manza/Desktop/arquitectura/final/final_project_arquitectura/install/yolo_ros/lib/python3.12/site-packages:/home/manza/Desktop/arquitectura/asr_ws/build/yolo_ros:/home/manza/Desktop/arquitectura/asr_ws/install/yolo_ros/lib/python3.12/site-packages:/home/manza/Desktop/arquitectura/asr_ws/install/yolo_msgs/lib/python3.12/site-packages:/home/manza/Desktop/arquitectura/asr_ws/build/rclpy_cascade_lifecycle:/home/manza/Desktop/arquitectura/asr_ws/install/rclpy_cascade_lifecycle/lib/python3.12/site-packages:/home/manza/Desktop/arquitectura/asr_ws/install/p4advtur_interfaces/lib/python3.12/site-packages:/home/manza/Desktop/arquitectura/asr_ws/install/openni2_camera/lib/python3.12/site-packages:/home/manza/Desktop/arquitectura/asr_ws/install/comms_interfaces/lib/python3.12/site-packages:/home/manza/Desktop/arquitectura/asr_ws/install/cascade_lifecycle_msgs/lib/python3.12/site-packages:/home/manza/Desktop/arquitectura/asr_ws/install/astra_camera_msgs/lib/python3.12/site-packages:/opt/ros/jazzy/lib/python3.12/site-packages /usr/bin/cmake --install /home/manza/Desktop/arquitectura/final/final_project_arquitectura/build/depth_worker
