[0.019s] Invoking command in '/home/manza/Desktop/arquitectura/final/final_project_arquitectura/build/yolo_msgs': CMAKE_PREFIX_PATH=${CMAKE_PREFIX_PATH}:/home/manza/Desktop/arquitectura/asr_ws/install/yolo_ros:/home/manza/Desktop/arquitectura/asr_ws/install/rclpy_cascade_lifecycle:/opt/ros/jazzy DEBUGINFOD_URLS=https://debuginfod.ubuntu.com /usr/bin/cmake /home/manza/Desktop/arquitectura/final/final_project_arquitectura/src/yolov8_ros/yolo_msgs -DAMENT_CMAKE_SYMLINK_INSTALL=1 -DCMAKE_INSTALL_PREFIX=/home/manza/Desktop/arquitectura/final/final_project_arquitectura/install/yolo_msgs
[0.131s] -- The C compiler identification is GNU 13.3.0
[0.204s] -- The CXX compiler identification is GNU 13.3.0
[0.222s] -- Detecting C compiler ABI info
[0.310s] -- Detecting C compiler ABI info - done
[0.317s] -- Check for working C compiler: /usr/bin/cc - skipped
[0.317s] -- Detecting C compile features
[0.318s] -- Detecting C compile features - done
[0.330s] -- Detecting CXX compiler ABI info
[0.432s] -- Detecting CXX compiler ABI info - done
[0.442s] -- Check for working CXX compiler: /usr/bin/c++ - skipped
[0.442s] -- Detecting CXX compile features
[0.442s] -- Detecting CXX compile features - done
[0.467s] -- Found ament_cmake: 2.5.3 (/opt/ros/jazzy/share/ament_cmake/cmake)
[0.663s] -- Found Python3: /usr/bin/python3 (found version "3.12.3") found components: Interpreter 
[0.748s] -- Override CMake install command with custom implementation using symlinks instead of copying resources
[0.866s] -- Found rosidl_default_generators: 1.6.0 (/opt/ros/jazzy/share/rosidl_default_generators/cmake)
[0.909s] -- Using all available rosidl_typesupport_c: rosidl_typesupport_fastrtps_c;rosidl_typesupport_introspection_c
[1.030s] -- Using all available rosidl_typesupport_cpp: rosidl_typesupport_fastrtps_cpp;rosidl_typesupport_introspection_cpp
[1.110s] -- Found rosidl_adapter: 4.6.5 (/opt/ros/jazzy/share/rosidl_adapter/cmake)
[1.121s] -- Found std_msgs: 5.3.6 (/opt/ros/jazzy/share/std_msgs/cmake)
[1.183s] -- Found geometry_msgs: 5.3.6 (/opt/ros/jazzy/share/geometry_msgs/cmake)
[1.880s] -- Found ament_cmake_ros: 0.12.0 (/opt/ros/jazzy/share/ament_cmake_ros/cmake)
[2.446s] -- Using all available rosidl_typesupport_c: rosidl_typesupport_fastrtps_c;rosidl_typesupport_introspection_c
[3.107s] -- Using all available rosidl_typesupport_cpp: rosidl_typesupport_fastrtps_cpp;rosidl_typesupport_introspection_cpp
[3.116s] -- Found python_cmake_module: 0.11.1 (/opt/ros/jazzy/share/python_cmake_module/cmake)
[3.242s] -- Found PythonExtra: /usr/bin/python3  
[3.675s] -- Found Python3: /usr/bin/python3 (found version "3.12.3") found components: Interpreter Development NumPy Development.Module Development.Embed 
[3.750s] -- Configuring done (3.7s)
[3.805s] -- Generating done (0.0s)
[3.817s] -- Build files have been written to: /home/manza/Desktop/arquitectura/final/final_project_arquitectura/build/yolo_msgs
[3.827s] Invoked command in '/home/manza/Desktop/arquitectura/final/final_project_arquitectura/build/yolo_msgs' returned '0': CMAKE_PREFIX_PATH=${CMAKE_PREFIX_PATH}:/home/manza/Desktop/arquitectura/asr_ws/install/yolo_ros:/home/manza/Desktop/arquitectura/asr_ws/install/rclpy_cascade_lifecycle:/opt/ros/jazzy DEBUGINFOD_URLS=https://debuginfod.ubuntu.com /usr/bin/cmake /home/manza/Desktop/arquitectura/final/final_project_arquitectura/src/yolov8_ros/yolo_msgs -DAMENT_CMAKE_SYMLINK_INSTALL=1 -DCMAKE_INSTALL_PREFIX=/home/manza/Desktop/arquitectura/final/final_project_arquitectura/install/yolo_msgs
[3.829s] Invoking command in '/home/manza/Desktop/arquitectura/final/final_project_arquitectura/build/yolo_msgs': CMAKE_PREFIX_PATH=${CMAKE_PREFIX_PATH}:/home/manza/Desktop/arquitectura/asr_ws/install/yolo_ros:/home/manza/Desktop/arquitectura/asr_ws/install/rclpy_cascade_lifecycle:/opt/ros/jazzy DEBUGINFOD_URLS=https://debuginfod.ubuntu.com /usr/bin/cmake --build /home/manza/Desktop/arquitectura/final/final_project_arquitectura/build/yolo_msgs -- -j16 -l16
[3.890s] [  0%] [34m[1mGenerating type hashes for ROS interfaces[0m
[3.903s] [  0%] Built target ament_cmake_python_symlink_yolo_msgs
[4.231s] running egg_info
[4.232s] creating yolo_msgs.egg-info
[4.268s] writing yolo_msgs.egg-info/PKG-INFO
[4.269s] writing dependency_links to yolo_msgs.egg-info/dependency_links.txt
[4.269s] writing top-level names to yolo_msgs.egg-info/top_level.txt
[4.269s] writing manifest file 'yolo_msgs.egg-info/SOURCES.txt'
[4.365s] reading manifest file 'yolo_msgs.egg-info/SOURCES.txt'
[4.366s] writing manifest file 'yolo_msgs.egg-info/SOURCES.txt'
[4.397s] [  0%] Built target ament_cmake_python_build_yolo_msgs_egg
[4.487s] [  0%] Built target yolo_msgs__rosidl_generator_type_description
[4.501s] [  0%] [34m[1mGenerating C code for ROS interfaces[0m
[4.515s] [  0%] [34m[1mGenerating C++ code for ROS interfaces[0m
[5.512s] [  0%] Built target yolo_msgs__cpp
[5.757s] [  1%] [32mBuilding C object CMakeFiles/yolo_msgs__rosidl_generator_c.dir/rosidl_generator_c/yolo_msgs/msg/detail/point2_d__type_support.c.o[0m
[5.757s] [  2%] [32mBuilding C object CMakeFiles/yolo_msgs__rosidl_generator_c.dir/rosidl_generator_c/yolo_msgs/msg/detail/point2_d__description.c.o[0m
[5.757s] [  3%] [32mBuilding C object CMakeFiles/yolo_msgs__rosidl_generator_c.dir/rosidl_generator_c/yolo_msgs/msg/detail/pose2_d__functions.c.o[0m
[5.758s] [  2%] [32mBuilding C object CMakeFiles/yolo_msgs__rosidl_generator_c.dir/rosidl_generator_c/yolo_msgs/msg/detail/point2_d__functions.c.o[0m
[5.758s] [  4%] [32mBuilding C object CMakeFiles/yolo_msgs__rosidl_generator_c.dir/rosidl_generator_c/yolo_msgs/msg/detail/bounding_box2_d__functions.c.o[0m
[5.758s] [  4%] [32mBuilding C object CMakeFiles/yolo_msgs__rosidl_generator_c.dir/rosidl_generator_c/yolo_msgs/msg/detail/bounding_box2_d__type_support.c.o[0m
[5.758s] [  5%] [32mBuilding C object CMakeFiles/yolo_msgs__rosidl_generator_c.dir/rosidl_generator_c/yolo_msgs/msg/detail/bounding_box3_d__description.c.o[0m
[5.758s] [  5%] [32mBuilding C object CMakeFiles/yolo_msgs__rosidl_generator_c.dir/rosidl_generator_c/yolo_msgs/msg/detail/pose2_d__type_support.c.o[0m
[5.758s] [  6%] [32mBuilding C object CMakeFiles/yolo_msgs__rosidl_generator_c.dir/rosidl_generator_c/yolo_msgs/msg/detail/bounding_box2_d__description.c.o[0m
[5.758s] [  8%] [32mBuilding C object CMakeFiles/yolo_msgs__rosidl_generator_c.dir/rosidl_generator_c/yolo_msgs/msg/detail/bounding_box3_d__functions.c.o[0m
[5.758s] [  8%] [32mBuilding C object CMakeFiles/yolo_msgs__rosidl_generator_c.dir/rosidl_generator_c/yolo_msgs/msg/detail/vector2__type_support.c.o[0m
[5.758s] [  8%] [32mBuilding C object CMakeFiles/yolo_msgs__rosidl_generator_c.dir/rosidl_generator_c/yolo_msgs/msg/detail/pose2_d__description.c.o[0m
[5.760s] [  9%] [32mBuilding C object CMakeFiles/yolo_msgs__rosidl_generator_c.dir/rosidl_generator_c/yolo_msgs/msg/detail/vector2__description.c.o[0m
[5.764s] [  9%] [32mBuilding C object CMakeFiles/yolo_msgs__rosidl_generator_c.dir/rosidl_generator_c/yolo_msgs/msg/detail/bounding_box3_d__type_support.c.o[0m
[5.764s] [ 10%] [32mBuilding C object CMakeFiles/yolo_msgs__rosidl_generator_c.dir/rosidl_generator_c/yolo_msgs/msg/detail/mask__description.c.o[0m
[5.764s] [ 11%] [32mBuilding C object CMakeFiles/yolo_msgs__rosidl_generator_c.dir/rosidl_generator_c/yolo_msgs/msg/detail/vector2__functions.c.o[0m
[5.833s] [ 12%] [32mBuilding C object CMakeFiles/yolo_msgs__rosidl_generator_c.dir/rosidl_generator_c/yolo_msgs/msg/detail/key_point2_d__description.c.o[0m
[5.834s] [ 12%] [32mBuilding C object CMakeFiles/yolo_msgs__rosidl_generator_c.dir/rosidl_generator_c/yolo_msgs/msg/detail/mask__functions.c.o[0m
[5.843s] [ 13%] [32mBuilding C object CMakeFiles/yolo_msgs__rosidl_generator_c.dir/rosidl_generator_c/yolo_msgs/msg/detail/mask__type_support.c.o[0m
[5.848s] [ 13%] [32mBuilding C object CMakeFiles/yolo_msgs__rosidl_generator_c.dir/rosidl_generator_c/yolo_msgs/msg/detail/key_point2_d__functions.c.o[0m
[5.849s] [ 14%] [32mBuilding C object CMakeFiles/yolo_msgs__rosidl_generator_c.dir/rosidl_generator_c/yolo_msgs/msg/detail/key_point2_d__type_support.c.o[0m
[5.859s] [ 15%] [32mBuilding C object CMakeFiles/yolo_msgs__rosidl_generator_c.dir/rosidl_generator_c/yolo_msgs/msg/detail/key_point3_d__description.c.o[0m
[5.864s] [ 16%] [32mBuilding C object CMakeFiles/yolo_msgs__rosidl_generator_c.dir/rosidl_generator_c/yolo_msgs/msg/detail/key_point2_d_array__description.c.o[0m
[5.867s] [ 16%] [32mBuilding C object CMakeFiles/yolo_msgs__rosidl_generator_c.dir/rosidl_generator_c/yolo_msgs/msg/detail/key_point2_d_array__functions.c.o[0m
[5.870s] [ 16%] [32mBuilding C object CMakeFiles/yolo_msgs__rosidl_generator_c.dir/rosidl_generator_c/yolo_msgs/msg/detail/key_point3_d__functions.c.o[0m
[5.873s] [ 17%] [32mBuilding C object CMakeFiles/yolo_msgs__rosidl_generator_c.dir/rosidl_generator_c/yolo_msgs/msg/detail/key_point3_d_array__description.c.o[0m
[5.877s] [ 18%] [32mBuilding C object CMakeFiles/yolo_msgs__rosidl_generator_c.dir/rosidl_generator_c/yolo_msgs/msg/detail/key_point3_d__type_support.c.o[0m
[5.880s] [ 18%] [32mBuilding C object CMakeFiles/yolo_msgs__rosidl_generator_c.dir/rosidl_generator_c/yolo_msgs/msg/detail/key_point3_d_array__functions.c.o[0m
[5.880s] [ 19%] [32mBuilding C object CMakeFiles/yolo_msgs__rosidl_generator_c.dir/rosidl_generator_c/yolo_msgs/msg/detail/key_point2_d_array__type_support.c.o[0m
[5.892s] [ 20%] [32mBuilding C object CMakeFiles/yolo_msgs__rosidl_generator_c.dir/rosidl_generator_c/yolo_msgs/msg/detail/key_point3_d_array__type_support.c.o[0m
[5.907s] [ 21%] [32mBuilding C object CMakeFiles/yolo_msgs__rosidl_generator_c.dir/rosidl_generator_c/yolo_msgs/msg/detail/detection__description.c.o[0m
[5.923s] [ 21%] [32mBuilding C object CMakeFiles/yolo_msgs__rosidl_generator_c.dir/rosidl_generator_c/yolo_msgs/msg/detail/detection__functions.c.o[0m
[5.949s] [ 22%] [32mBuilding C object CMakeFiles/yolo_msgs__rosidl_generator_c.dir/rosidl_generator_c/yolo_msgs/msg/detail/detection_array__description.c.o[0m
[5.952s] [ 23%] [32mBuilding C object CMakeFiles/yolo_msgs__rosidl_generator_c.dir/rosidl_generator_c/yolo_msgs/msg/detail/detection_array__type_support.c.o[0m
[5.955s] [ 23%] [32mBuilding C object CMakeFiles/yolo_msgs__rosidl_generator_c.dir/rosidl_generator_c/yolo_msgs/msg/detail/detection_array__functions.c.o[0m
[5.956s] [ 24%] [32mBuilding C object CMakeFiles/yolo_msgs__rosidl_generator_c.dir/rosidl_generator_c/yolo_msgs/msg/detail/detection__type_support.c.o[0m
[5.957s] [ 24%] [32mBuilding C object CMakeFiles/yolo_msgs__rosidl_generator_c.dir/rosidl_generator_c/yolo_msgs/srv/detail/set_classes__description.c.o[0m
[5.958s] [ 25%] [32mBuilding C object CMakeFiles/yolo_msgs__rosidl_generator_c.dir/rosidl_generator_c/yolo_msgs/srv/detail/set_classes__functions.c.o[0m
[5.959s] [ 26%] [32mBuilding C object CMakeFiles/yolo_msgs__rosidl_generator_c.dir/rosidl_generator_c/yolo_msgs/srv/detail/set_classes__type_support.c.o[0m
[6.058s] [ 26%] [32m[1mLinking C shared library libyolo_msgs__rosidl_generator_c.so[0m
[6.104s] [ 26%] Built target yolo_msgs__rosidl_generator_c
[6.122s] [ 30%] [34m[1mGenerating C++ type support dispatch for ROS interfaces[0m
[6.122s] [ 30%] [34m[1mGenerating C introspection for ROS interfaces[0m
[6.122s] [ 30%] [34m[1mGenerating C type support dispatch for ROS interfaces[0m
[6.122s] [ 30%] [34m[1mGenerating C++ introspection for ROS interfaces[0m
[6.122s] [ 30%] [34m[1mGenerating C type support for eProsima Fast-RTPS[0m
[6.122s] [ 31%] [34m[1mGenerating C++ type support for eProsima Fast-RTPS[0m
[6.930s] [ 31%] [32mBuilding CXX object CMakeFiles/yolo_msgs__rosidl_typesupport_c.dir/rosidl_typesupport_c/yolo_msgs/msg/point2_d__type_support.cpp.o[0m
[6.930s] [ 32%] [32mBuilding CXX object CMakeFiles/yolo_msgs__rosidl_typesupport_c.dir/rosidl_typesupport_c/yolo_msgs/msg/pose2_d__type_support.cpp.o[0m
[6.930s] [ 33%] [32mBuilding CXX object CMakeFiles/yolo_msgs__rosidl_typesupport_c.dir/rosidl_typesupport_c/yolo_msgs/msg/key_point2_d_array__type_support.cpp.o[0m
[6.930s] [ 34%] [32mBuilding CXX object CMakeFiles/yolo_msgs__rosidl_typesupport_c.dir/rosidl_typesupport_c/yolo_msgs/msg/bounding_box3_d__type_support.cpp.o[0m
[6.932s] [ 34%] [32mBuilding CXX object CMakeFiles/yolo_msgs__rosidl_typesupport_c.dir/rosidl_typesupport_c/yolo_msgs/msg/bounding_box2_d__type_support.cpp.o[0m
[6.933s] [ 34%] [32mBuilding CXX object CMakeFiles/yolo_msgs__rosidl_typesupport_c.dir/rosidl_typesupport_c/yolo_msgs/msg/key_point2_d__type_support.cpp.o[0m
[6.933s] [ 35%] [32mBuilding CXX object CMakeFiles/yolo_msgs__rosidl_typesupport_c.dir/rosidl_typesupport_c/yolo_msgs/msg/key_point3_d__type_support.cpp.o[0m
[6.933s] [ 36%] [32mBuilding CXX object CMakeFiles/yolo_msgs__rosidl_typesupport_c.dir/rosidl_typesupport_c/yolo_msgs/msg/mask__type_support.cpp.o[0m
[6.936s] [ 37%] [32mBuilding CXX object CMakeFiles/yolo_msgs__rosidl_typesupport_c.dir/rosidl_typesupport_c/yolo_msgs/msg/vector2__type_support.cpp.o[0m
[6.943s] [ 37%] [32mBuilding CXX object CMakeFiles/yolo_msgs__rosidl_typesupport_c.dir/rosidl_typesupport_c/yolo_msgs/msg/key_point3_d_array__type_support.cpp.o[0m
[6.948s] [ 38%] [32mBuilding CXX object CMakeFiles/yolo_msgs__rosidl_typesupport_c.dir/rosidl_typesupport_c/yolo_msgs/msg/detection__type_support.cpp.o[0m
[7.013s] [ 39%] [32mBuilding CXX object CMakeFiles/yolo_msgs__rosidl_typesupport_c.dir/rosidl_typesupport_c/yolo_msgs/msg/detection_array__type_support.cpp.o[0m
[7.024s] [ 39%] [32mBuilding CXX object CMakeFiles/yolo_msgs__rosidl_typesupport_c.dir/rosidl_typesupport_c/yolo_msgs/srv/set_classes__type_support.cpp.o[0m
[7.118s] [ 39%] [32mBuilding CXX object CMakeFiles/yolo_msgs__rosidl_typesupport_introspection_cpp.dir/rosidl_typesupport_introspection_cpp/yolo_msgs/msg/detail/point2_d__type_support.cpp.o[0m
[7.123s] [ 39%] [32mBuilding CXX object CMakeFiles/yolo_msgs__rosidl_typesupport_introspection_cpp.dir/rosidl_typesupport_introspection_cpp/yolo_msgs/msg/detail/pose2_d__type_support.cpp.o[0m
[7.123s] [ 40%] [32mBuilding CXX object CMakeFiles/yolo_msgs__rosidl_typesupport_introspection_cpp.dir/rosidl_typesupport_introspection_cpp/yolo_msgs/msg/detail/bounding_box2_d__type_support.cpp.o[0m
[7.123s] [ 41%] [32mBuilding CXX object CMakeFiles/yolo_msgs__rosidl_typesupport_introspection_cpp.dir/rosidl_typesupport_introspection_cpp/yolo_msgs/msg/detail/vector2__type_support.cpp.o[0m
[7.126s] [ 42%] [32mBuilding CXX object CMakeFiles/yolo_msgs__rosidl_typesupport_introspection_cpp.dir/rosidl_typesupport_introspection_cpp/yolo_msgs/msg/detail/key_point2_d_array__type_support.cpp.o[0m
[7.130s] [ 43%] [32mBuilding CXX object CMakeFiles/yolo_msgs__rosidl_typesupport_introspection_cpp.dir/rosidl_typesupport_introspection_cpp/yolo_msgs/msg/detail/key_point2_d__type_support.cpp.o[0m
[7.131s] [ 43%] [32mBuilding CXX object CMakeFiles/yolo_msgs__rosidl_typesupport_introspection_cpp.dir/rosidl_typesupport_introspection_cpp/yolo_msgs/msg/detail/mask__type_support.cpp.o[0m
[7.133s] [ 44%] [32mBuilding CXX object CMakeFiles/yolo_msgs__rosidl_typesupport_introspection_cpp.dir/rosidl_typesupport_introspection_cpp/yolo_msgs/msg/detail/bounding_box3_d__type_support.cpp.o[0m
[7.137s] [ 45%] [32m[1mLinking CXX shared library libyolo_msgs__rosidl_typesupport_c.so[0m
[7.150s] [ 45%] [32mBuilding CXX object CMakeFiles/yolo_msgs__rosidl_typesupport_introspection_cpp.dir/rosidl_typesupport_introspection_cpp/yolo_msgs/msg/detail/key_point3_d__type_support.cpp.o[0m
[7.159s] [ 45%] [32mBuilding CXX object CMakeFiles/yolo_msgs__rosidl_typesupport_cpp.dir/rosidl_typesupport_cpp/yolo_msgs/msg/point2_d__type_support.cpp.o[0m
[7.170s] [ 46%] [32mBuilding CXX object CMakeFiles/yolo_msgs__rosidl_typesupport_introspection_cpp.dir/rosidl_typesupport_introspection_cpp/yolo_msgs/msg/detail/key_point3_d_array__type_support.cpp.o[0m
[7.176s] [ 47%] [32mBuilding CXX object CMakeFiles/yolo_msgs__rosidl_typesupport_introspection_cpp.dir/rosidl_typesupport_introspection_cpp/yolo_msgs/msg/detail/detection__type_support.cpp.o[0m
[7.245s] [ 47%] Built target yolo_msgs__rosidl_typesupport_c
[7.289s] [ 48%] [32mBuilding CXX object CMakeFiles/yolo_msgs__rosidl_typesupport_cpp.dir/rosidl_typesupport_cpp/yolo_msgs/msg/vector2__type_support.cpp.o[0m
[7.804s] [ 48%] [32mBuilding CXX object CMakeFiles/yolo_msgs__rosidl_typesupport_introspection_cpp.dir/rosidl_typesupport_introspection_cpp/yolo_msgs/msg/detail/detection_array__type_support.cpp.o[0m
[7.811s] [ 49%] [32mBuilding CXX object CMakeFiles/yolo_msgs__rosidl_typesupport_cpp.dir/rosidl_typesupport_cpp/yolo_msgs/msg/pose2_d__type_support.cpp.o[0m
[7.843s] [ 49%] [32mBuilding CXX object CMakeFiles/yolo_msgs__rosidl_typesupport_cpp.dir/rosidl_typesupport_cpp/yolo_msgs/msg/bounding_box2_d__type_support.cpp.o[0m
[7.873s] [ 50%] [32mBuilding CXX object CMakeFiles/yolo_msgs__rosidl_typesupport_cpp.dir/rosidl_typesupport_cpp/yolo_msgs/msg/bounding_box3_d__type_support.cpp.o[0m
[7.886s] [ 50%] [32mBuilding CXX object CMakeFiles/yolo_msgs__rosidl_typesupport_cpp.dir/rosidl_typesupport_cpp/yolo_msgs/msg/mask__type_support.cpp.o[0m
[7.897s] [ 51%] [32mBuilding CXX object CMakeFiles/yolo_msgs__rosidl_typesupport_cpp.dir/rosidl_typesupport_cpp/yolo_msgs/msg/key_point2_d_array__type_support.cpp.o[0m
[7.898s] [ 52%] [32mBuilding CXX object CMakeFiles/yolo_msgs__rosidl_typesupport_cpp.dir/rosidl_typesupport_cpp/yolo_msgs/msg/key_point2_d__type_support.cpp.o[0m
[7.904s] [ 52%] [32mBuilding CXX object CMakeFiles/yolo_msgs__rosidl_typesupport_cpp.dir/rosidl_typesupport_cpp/yolo_msgs/msg/key_point3_d__type_support.cpp.o[0m
[7.925s] [ 53%] [32mBuilding CXX object CMakeFiles/yolo_msgs__rosidl_typesupport_introspection_cpp.dir/rosidl_typesupport_introspection_cpp/yolo_msgs/srv/detail/set_classes__type_support.cpp.o[0m
[7.936s] [ 54%] [32mBuilding CXX object CMakeFiles/yolo_msgs__rosidl_typesupport_cpp.dir/rosidl_typesupport_cpp/yolo_msgs/msg/key_point3_d_array__type_support.cpp.o[0m
[7.989s] [ 54%] [32mBuilding C object CMakeFiles/yolo_msgs__rosidl_typesupport_introspection_c.dir/rosidl_typesupport_introspection_c/yolo_msgs/msg/detail/point2_d__type_support.c.o[0m
[7.990s] [ 55%] [32mBuilding C object CMakeFiles/yolo_msgs__rosidl_typesupport_introspection_c.dir/rosidl_typesupport_introspection_c/yolo_msgs/msg/detail/vector2__type_support.c.o[0m
[8.024s] [ 56%] [32mBuilding CXX object CMakeFiles/yolo_msgs__rosidl_typesupport_cpp.dir/rosidl_typesupport_cpp/yolo_msgs/msg/detection__type_support.cpp.o[0m
[8.061s] [ 57%] [32mBuilding C object CMakeFiles/yolo_msgs__rosidl_typesupport_introspection_c.dir/rosidl_typesupport_introspection_c/yolo_msgs/msg/detail/pose2_d__type_support.c.o[0m
[8.114s] [ 57%] [32mBuilding C object CMakeFiles/yolo_msgs__rosidl_typesupport_introspection_c.dir/rosidl_typesupport_introspection_c/yolo_msgs/msg/detail/bounding_box2_d__type_support.c.o[0m
[8.165s] [ 57%] [32mBuilding CXX object CMakeFiles/yolo_msgs__rosidl_typesupport_cpp.dir/rosidl_typesupport_cpp/yolo_msgs/msg/detection_array__type_support.cpp.o[0m
[8.187s] [ 58%] [32mBuilding CXX object CMakeFiles/yolo_msgs__rosidl_typesupport_cpp.dir/rosidl_typesupport_cpp/yolo_msgs/srv/set_classes__type_support.cpp.o[0m
[8.236s] [ 59%] [32mBuilding C object CMakeFiles/yolo_msgs__rosidl_typesupport_introspection_c.dir/rosidl_typesupport_introspection_c/yolo_msgs/msg/detail/bounding_box3_d__type_support.c.o[0m
[8.369s] [ 60%] [32mBuilding C object CMakeFiles/yolo_msgs__rosidl_typesupport_introspection_c.dir/rosidl_typesupport_introspection_c/yolo_msgs/msg/detail/mask__type_support.c.o[0m
[8.492s] [ 61%] [32mBuilding C object CMakeFiles/yolo_msgs__rosidl_typesupport_introspection_c.dir/rosidl_typesupport_introspection_c/yolo_msgs/msg/detail/key_point2_d_array__type_support.c.o[0m
[8.509s] [ 61%] [32mBuilding C object CMakeFiles/yolo_msgs__rosidl_typesupport_introspection_c.dir/rosidl_typesupport_introspection_c/yolo_msgs/msg/detail/key_point2_d__type_support.c.o[0m
[8.510s] [ 62%] [32mBuilding C object CMakeFiles/yolo_msgs__rosidl_typesupport_introspection_c.dir/rosidl_typesupport_introspection_c/yolo_msgs/msg/detail/key_point3_d__type_support.c.o[0m
[8.513s] [ 63%] [32mBuilding CXX object CMakeFiles/yolo_msgs__rosidl_typesupport_fastrtps_c.dir/rosidl_typesupport_fastrtps_c/yolo_msgs/msg/detail/point2_d__type_support_c.cpp.o[0m
[8.525s] [ 63%] [32mBuilding C object CMakeFiles/yolo_msgs__rosidl_typesupport_introspection_c.dir/rosidl_typesupport_introspection_c/yolo_msgs/msg/detail/key_point3_d_array__type_support.c.o[0m
[8.525s] [ 64%] [32mBuilding C object CMakeFiles/yolo_msgs__rosidl_typesupport_introspection_c.dir/rosidl_typesupport_introspection_c/yolo_msgs/msg/detail/detection__type_support.c.o[0m
[8.546s] [ 65%] [32mBuilding CXX object CMakeFiles/yolo_msgs__rosidl_typesupport_fastrtps_c.dir/rosidl_typesupport_fastrtps_c/yolo_msgs/msg/detail/vector2__type_support_c.cpp.o[0m
[8.595s] [ 65%] [32mBuilding CXX object CMakeFiles/yolo_msgs__rosidl_typesupport_fastrtps_c.dir/rosidl_typesupport_fastrtps_c/yolo_msgs/msg/detail/pose2_d__type_support_c.cpp.o[0m
[8.614s] [ 66%] [32mBuilding C object CMakeFiles/yolo_msgs__rosidl_typesupport_introspection_c.dir/rosidl_typesupport_introspection_c/yolo_msgs/msg/detail/detection_array__type_support.c.o[0m
[8.638s] [ 67%] [32mBuilding CXX object CMakeFiles/yolo_msgs__rosidl_typesupport_fastrtps_c.dir/rosidl_typesupport_fastrtps_c/yolo_msgs/msg/detail/bounding_box2_d__type_support_c.cpp.o[0m
[8.640s] [ 67%] [32mBuilding C object CMakeFiles/yolo_msgs__rosidl_typesupport_introspection_c.dir/rosidl_typesupport_introspection_c/yolo_msgs/srv/detail/set_classes__type_support.c.o[0m
[8.643s] [ 68%] [32mBuilding CXX object CMakeFiles/yolo_msgs__rosidl_typesupport_fastrtps_c.dir/rosidl_typesupport_fastrtps_c/yolo_msgs/msg/detail/key_point2_d__type_support_c.cpp.o[0m
[8.655s] [ 68%] [32mBuilding CXX object CMakeFiles/yolo_msgs__rosidl_typesupport_fastrtps_c.dir/rosidl_typesupport_fastrtps_c/yolo_msgs/msg/detail/mask__type_support_c.cpp.o[0m
[8.657s] [ 69%] [32mBuilding CXX object CMakeFiles/yolo_msgs__rosidl_typesupport_fastrtps_c.dir/rosidl_typesupport_fastrtps_c/yolo_msgs/msg/detail/bounding_box3_d__type_support_c.cpp.o[0m
[8.679s] [ 69%] [32mBuilding CXX object CMakeFiles/yolo_msgs__rosidl_typesupport_fastrtps_c.dir/rosidl_typesupport_fastrtps_c/yolo_msgs/msg/detail/key_point2_d_array__type_support_c.cpp.o[0m
[8.738s] [ 70%] [32mBuilding CXX object CMakeFiles/yolo_msgs__rosidl_typesupport_fastrtps_c.dir/rosidl_typesupport_fastrtps_c/yolo_msgs/msg/detail/key_point3_d__type_support_c.cpp.o[0m
[8.745s] [ 71%] [32mBuilding CXX object CMakeFiles/yolo_msgs__rosidl_typesupport_fastrtps_cpp.dir/rosidl_typesupport_fastrtps_cpp/yolo_msgs/msg/detail/dds_fastrtps/point2_d__type_support.cpp.o[0m
[8.763s] [ 72%] [32mBuilding CXX object CMakeFiles/yolo_msgs__rosidl_typesupport_fastrtps_c.dir/rosidl_typesupport_fastrtps_c/yolo_msgs/msg/detail/key_point3_d_array__type_support_c.cpp.o[0m
[8.781s] [ 73%] [32m[1mLinking C shared library libyolo_msgs__rosidl_typesupport_introspection_c.so[0m
[8.863s] [ 73%] [32mBuilding CXX object CMakeFiles/yolo_msgs__rosidl_typesupport_fastrtps_cpp.dir/rosidl_typesupport_fastrtps_cpp/yolo_msgs/msg/detail/dds_fastrtps/vector2__type_support.cpp.o[0m
[8.905s] [ 74%] [32mBuilding CXX object CMakeFiles/yolo_msgs__rosidl_typesupport_fastrtps_cpp.dir/rosidl_typesupport_fastrtps_cpp/yolo_msgs/msg/detail/dds_fastrtps/pose2_d__type_support.cpp.o[0m
[8.958s] [ 74%] Built target yolo_msgs__rosidl_typesupport_introspection_c
[8.995s] [ 74%] [32mBuilding CXX object CMakeFiles/yolo_msgs__rosidl_typesupport_fastrtps_c.dir/rosidl_typesupport_fastrtps_c/yolo_msgs/msg/detail/detection__type_support_c.cpp.o[0m
[9.010s] [ 75%] [32m[1mLinking CXX shared library libyolo_msgs__rosidl_typesupport_introspection_cpp.so[0m
[9.091s] [ 76%] [32m[1mLinking CXX shared library libyolo_msgs__rosidl_typesupport_cpp.so[0m
[9.442s] [ 76%] Built target yolo_msgs__rosidl_typesupport_introspection_cpp
[9.489s] [ 77%] [32mBuilding CXX object CMakeFiles/yolo_msgs__rosidl_typesupport_fastrtps_c.dir/rosidl_typesupport_fastrtps_c/yolo_msgs/msg/detail/detection_array__type_support_c.cpp.o[0m
[9.535s] [ 77%] Built target yolo_msgs__rosidl_typesupport_cpp
[9.563s] [ 78%] [32mBuilding CXX object CMakeFiles/yolo_msgs__rosidl_typesupport_fastrtps_cpp.dir/rosidl_typesupport_fastrtps_cpp/yolo_msgs/msg/detail/dds_fastrtps/bounding_box2_d__type_support.cpp.o[0m
[9.578s] [ 78%] [32mBuilding CXX object CMakeFiles/yolo_msgs__rosidl_typesupport_fastrtps_cpp.dir/rosidl_typesupport_fastrtps_cpp/yolo_msgs/msg/detail/dds_fastrtps/bounding_box3_d__type_support.cpp.o[0m
[9.584s] [ 79%] [32mBuilding CXX object CMakeFiles/yolo_msgs__rosidl_typesupport_fastrtps_cpp.dir/rosidl_typesupport_fastrtps_cpp/yolo_msgs/msg/detail/dds_fastrtps/mask__type_support.cpp.o[0m
[9.710s] [ 80%] [32mBuilding CXX object CMakeFiles/yolo_msgs__rosidl_typesupport_fastrtps_cpp.dir/rosidl_typesupport_fastrtps_cpp/yolo_msgs/msg/detail/dds_fastrtps/key_point2_d__type_support.cpp.o[0m
[9.719s] [ 81%] [32mBuilding CXX object CMakeFiles/yolo_msgs__rosidl_typesupport_fastrtps_c.dir/rosidl_typesupport_fastrtps_c/yolo_msgs/srv/detail/set_classes__type_support_c.cpp.o[0m
[9.786s] [ 82%] [32mBuilding CXX object CMakeFiles/yolo_msgs__rosidl_typesupport_fastrtps_cpp.dir/rosidl_typesupport_fastrtps_cpp/yolo_msgs/msg/detail/dds_fastrtps/key_point2_d_array__type_support.cpp.o[0m
[9.788s] [ 82%] [32mBuilding CXX object CMakeFiles/yolo_msgs__rosidl_typesupport_fastrtps_cpp.dir/rosidl_typesupport_fastrtps_cpp/yolo_msgs/msg/detail/dds_fastrtps/key_point3_d__type_support.cpp.o[0m
[9.799s] [ 83%] [32mBuilding CXX object CMakeFiles/yolo_msgs__rosidl_typesupport_fastrtps_cpp.dir/rosidl_typesupport_fastrtps_cpp/yolo_msgs/msg/detail/dds_fastrtps/key_point3_d_array__type_support.cpp.o[0m
[9.806s] [ 83%] [32mBuilding CXX object CMakeFiles/yolo_msgs__rosidl_typesupport_fastrtps_cpp.dir/rosidl_typesupport_fastrtps_cpp/yolo_msgs/msg/detail/dds_fastrtps/detection__type_support.cpp.o[0m
[9.876s] [ 83%] [32mBuilding CXX object CMakeFiles/yolo_msgs__rosidl_typesupport_fastrtps_cpp.dir/rosidl_typesupport_fastrtps_cpp/yolo_msgs/srv/detail/dds_fastrtps/set_classes__type_support.cpp.o[0m
[9.880s] [ 84%] [32mBuilding CXX object CMakeFiles/yolo_msgs__rosidl_typesupport_fastrtps_cpp.dir/rosidl_typesupport_fastrtps_cpp/yolo_msgs/msg/detail/dds_fastrtps/detection_array__type_support.cpp.o[0m
[10.638s] [ 84%] [32m[1mLinking CXX shared library libyolo_msgs__rosidl_typesupport_fastrtps_c.so[0m
[10.731s] [ 84%] Built target yolo_msgs__rosidl_typesupport_fastrtps_c
[11.002s] [ 85%] [32m[1mLinking CXX shared library libyolo_msgs__rosidl_typesupport_fastrtps_cpp.so[0m
[11.081s] [ 85%] Built target yolo_msgs__rosidl_typesupport_fastrtps_cpp
[11.109s] [ 85%] Built target yolo_msgs
[11.136s] [ 86%] [34m[1mGenerating Python code for ROS interfaces[0m
[12.586s] [ 86%] Built target yolo_msgs__py
[12.628s] [ 87%] [32mBuilding C object CMakeFiles/yolo_msgs__rosidl_generator_py.dir/rosidl_generator_py/yolo_msgs/msg/_key_point2_d_s.c.o[0m
[12.628s] [ 88%] [32mBuilding C object CMakeFiles/yolo_msgs__rosidl_generator_py.dir/rosidl_generator_py/yolo_msgs/msg/_bounding_box3_d_s.c.o[0m
[12.629s] [ 89%] [32mBuilding C object CMakeFiles/yolo_msgs__rosidl_generator_py.dir/rosidl_generator_py/yolo_msgs/msg/_vector2_s.c.o[0m
[12.629s] [ 89%] [32mBuilding C object CMakeFiles/yolo_msgs__rosidl_generator_py.dir/rosidl_generator_py/yolo_msgs/msg/_mask_s.c.o[0m
[12.629s] [ 90%] [32mBuilding C object CMakeFiles/yolo_msgs__rosidl_generator_py.dir/rosidl_generator_py/yolo_msgs/msg/_key_point3_d_array_s.c.o[0m
[12.629s] [ 91%] [32mBuilding C object CMakeFiles/yolo_msgs__rosidl_generator_py.dir/rosidl_generator_py/yolo_msgs/msg/_bounding_box2_d_s.c.o[0m
[12.629s] [ 91%] [32mBuilding C object CMakeFiles/yolo_msgs__rosidl_generator_py.dir/rosidl_generator_py/yolo_msgs/msg/_detection_array_s.c.o[0m
[12.629s] [ 91%] [32mBuilding C object CMakeFiles/yolo_msgs__rosidl_generator_py.dir/rosidl_generator_py/yolo_msgs/msg/_pose2_d_s.c.o[0m
[12.630s] [ 92%] [32mBuilding C object CMakeFiles/yolo_msgs__rosidl_generator_py.dir/rosidl_generator_py/yolo_msgs/msg/_detection_s.c.o[0m
[12.630s] [ 93%] [32mBuilding C object CMakeFiles/yolo_msgs__rosidl_generator_py.dir/rosidl_generator_py/yolo_msgs/msg/_point2_d_s.c.o[0m
[12.630s] [ 94%] [32mBuilding C object CMakeFiles/yolo_msgs__rosidl_generator_py.dir/rosidl_generator_py/yolo_msgs/msg/_key_point2_d_array_s.c.o[0m
[12.630s] [ 95%] [32mBuilding C object CMakeFiles/yolo_msgs__rosidl_generator_py.dir/rosidl_generator_py/yolo_msgs/srv/_set_classes_s.c.o[0m
[12.631s] [ 95%] [32mBuilding C object CMakeFiles/yolo_msgs__rosidl_generator_py.dir/rosidl_generator_py/yolo_msgs/msg/_key_point3_d_s.c.o[0m
[12.935s] [ 96%] [32m[1mLinking C shared library libyolo_msgs__rosidl_generator_py.so[0m
[12.984s] [ 96%] Built target yolo_msgs__rosidl_generator_py
[13.012s] [ 98%] [32mBuilding C object CMakeFiles/yolo_msgs_s__rosidl_typesupport_introspection_c.dir/rosidl_generator_py/yolo_msgs/_yolo_msgs_s.ep.rosidl_typesupport_introspection_c.c.o[0m
[13.012s] [ 98%] [32mBuilding C object CMakeFiles/yolo_msgs_s__rosidl_typesupport_c.dir/rosidl_generator_py/yolo_msgs/_yolo_msgs_s.ep.rosidl_typesupport_c.c.o[0m
[13.012s] [ 98%] [32mBuilding C object CMakeFiles/yolo_msgs_s__rosidl_typesupport_fastrtps_c.dir/rosidl_generator_py/yolo_msgs/_yolo_msgs_s.ep.rosidl_typesupport_fastrtps_c.c.o[0m
[13.144s] [100%] [32m[1mLinking C shared module rosidl_generator_py/yolo_msgs/yolo_msgs_s__rosidl_typesupport_introspection_c.so[0m
[13.144s] [100%] [32m[1mLinking C shared module rosidl_generator_py/yolo_msgs/yolo_msgs_s__rosidl_typesupport_c.so[0m
[13.148s] [100%] [32m[1mLinking C shared module rosidl_generator_py/yolo_msgs/yolo_msgs_s__rosidl_typesupport_fastrtps_c.so[0m
[13.182s] [100%] Built target yolo_msgs_s__rosidl_typesupport_introspection_c
[13.182s] [100%] Built target yolo_msgs_s__rosidl_typesupport_c
[13.184s] [100%] Built target yolo_msgs_s__rosidl_typesupport_fastrtps_c
[13.200s] Invoked command in '/home/manza/Desktop/arquitectura/final/final_project_arquitectura/build/yolo_msgs' returned '0': CMAKE_PREFIX_PATH=${CMAKE_PREFIX_PATH}:/home/manza/Desktop/arquitectura/asr_ws/install/yolo_ros:/home/manza/Desktop/arquitectura/asr_ws/install/rclpy_cascade_lifecycle:/opt/ros/jazzy DEBUGINFOD_URLS=https://debuginfod.ubuntu.com /usr/bin/cmake --build /home/manza/Desktop/arquitectura/final/final_project_arquitectura/build/yolo_msgs -- -j16 -l16
[13.213s] Invoking command in '/home/manza/Desktop/arquitectura/final/final_project_arquitectura/build/yolo_msgs': CMAKE_PREFIX_PATH=${CMAKE_PREFIX_PATH}:/home/manza/Desktop/arquitectura/asr_ws/install/yolo_ros:/home/manza/Desktop/arquitectura/asr_ws/install/rclpy_cascade_lifecycle:/opt/ros/jazzy DEBUGINFOD_URLS=https://debuginfod.ubuntu.com /usr/bin/cmake --install /home/manza/Desktop/arquitectura/final/final_project_arquitectura/build/yolo_msgs
[13.223s] -- Install configuration: ""
[13.224s] -- Execute custom install script
[13.224s] -- Symlinking: /home/manza/Desktop/arquitectura/final/final_project_arquitectura/install/yolo_msgs/share/ament_index/resource_index/rosidl_interfaces/yolo_msgs
[13.235s] -- Symlinking: /home/manza/Desktop/arquitectura/final/final_project_arquitectura/install/yolo_msgs/share/yolo_msgs/msg/Point2D.json
[13.246s] -- Symlinking: /home/manza/Desktop/arquitectura/final/final_project_arquitectura/install/yolo_msgs/share/yolo_msgs/msg/Vector2.json
[13.258s] -- Symlinking: /home/manza/Desktop/arquitectura/final/final_project_arquitectura/install/yolo_msgs/share/yolo_msgs/msg/Pose2D.json
[13.268s] -- Symlinking: /home/manza/Desktop/arquitectura/final/final_project_arquitectura/install/yolo_msgs/share/yolo_msgs/msg/BoundingBox2D.json
[13.280s] -- Symlinking: /home/manza/Desktop/arquitectura/final/final_project_arquitectura/install/yolo_msgs/share/yolo_msgs/msg/BoundingBox3D.json
[13.290s] -- Symlinking: /home/manza/Desktop/arquitectura/final/final_project_arquitectura/install/yolo_msgs/share/yolo_msgs/msg/Mask.json
[13.300s] -- Symlinking: /home/manza/Desktop/arquitectura/final/final_project_arquitectura/install/yolo_msgs/share/yolo_msgs/msg/KeyPoint2D.json
[13.312s] -- Symlinking: /home/manza/Desktop/arquitectura/final/final_project_arquitectura/install/yolo_msgs/share/yolo_msgs/msg/KeyPoint2DArray.json
[13.323s] -- Symlinking: /home/manza/Desktop/arquitectura/final/final_project_arquitectura/install/yolo_msgs/share/yolo_msgs/msg/KeyPoint3D.json
[13.333s] -- Symlinking: /home/manza/Desktop/arquitectura/final/final_project_arquitectura/install/yolo_msgs/share/yolo_msgs/msg/KeyPoint3DArray.json
[13.344s] -- Symlinking: /home/manza/Desktop/arquitectura/final/final_project_arquitectura/install/yolo_msgs/share/yolo_msgs/msg/Detection.json
[13.356s] -- Symlinking: /home/manza/Desktop/arquitectura/final/final_project_arquitectura/install/yolo_msgs/share/yolo_msgs/msg/DetectionArray.json
[13.366s] -- Symlinking: /home/manza/Desktop/arquitectura/final/final_project_arquitectura/install/yolo_msgs/share/yolo_msgs/srv/SetClasses.json
[13.378s] -- Symlinking: /home/manza/Desktop/arquitectura/final/final_project_arquitectura/install/yolo_msgs/include/yolo_msgs/yolo_msgs/msg/bounding_box2_d.h
[13.388s] -- Symlinking: /home/manza/Desktop/arquitectura/final/final_project_arquitectura/install/yolo_msgs/include/yolo_msgs/yolo_msgs/msg/bounding_box3_d.h
[13.399s] -- Symlinking: /home/manza/Desktop/arquitectura/final/final_project_arquitectura/install/yolo_msgs/include/yolo_msgs/yolo_msgs/msg/detail/bounding_box2_d__functions.h
[13.410s] -- Symlinking: /home/manza/Desktop/arquitectura/final/final_project_arquitectura/install/yolo_msgs/include/yolo_msgs/yolo_msgs/msg/detail/bounding_box2_d__struct.h
[13.422s] -- Symlinking: /home/manza/Desktop/arquitectura/final/final_project_arquitectura/install/yolo_msgs/include/yolo_msgs/yolo_msgs/msg/detail/bounding_box2_d__type_support.h
[13.433s] -- Symlinking: /home/manza/Desktop/arquitectura/final/final_project_arquitectura/install/yolo_msgs/include/yolo_msgs/yolo_msgs/msg/detail/bounding_box3_d__functions.h
[13.445s] -- Symlinking: /home/manza/Desktop/arquitectura/final/final_project_arquitectura/install/yolo_msgs/include/yolo_msgs/yolo_msgs/msg/detail/bounding_box3_d__struct.h
[13.456s] -- Symlinking: /home/manza/Desktop/arquitectura/final/final_project_arquitectura/install/yolo_msgs/include/yolo_msgs/yolo_msgs/msg/detail/bounding_box3_d__type_support.h
[13.468s] -- Symlinking: /home/manza/Desktop/arquitectura/final/final_project_arquitectura/install/yolo_msgs/include/yolo_msgs/yolo_msgs/msg/detail/detection__functions.h
[13.479s] -- Symlinking: /home/manza/Desktop/arquitectura/final/final_project_arquitectura/install/yolo_msgs/include/yolo_msgs/yolo_msgs/msg/detail/detection__struct.h
[13.490s] -- Symlinking: /home/manza/Desktop/arquitectura/final/final_project_arquitectura/install/yolo_msgs/include/yolo_msgs/yolo_msgs/msg/detail/detection__type_support.h
[13.502s] -- Symlinking: /home/manza/Desktop/arquitectura/final/final_project_arquitectura/install/yolo_msgs/include/yolo_msgs/yolo_msgs/msg/detail/detection_array__functions.h
[13.514s] -- Symlinking: /home/manza/Desktop/arquitectura/final/final_project_arquitectura/install/yolo_msgs/include/yolo_msgs/yolo_msgs/msg/detail/detection_array__struct.h
[13.526s] -- Symlinking: /home/manza/Desktop/arquitectura/final/final_project_arquitectura/install/yolo_msgs/include/yolo_msgs/yolo_msgs/msg/detail/detection_array__type_support.h
[13.538s] -- Symlinking: /home/manza/Desktop/arquitectura/final/final_project_arquitectura/install/yolo_msgs/include/yolo_msgs/yolo_msgs/msg/detail/key_point2_d__functions.h
[13.550s] -- Symlinking: /home/manza/Desktop/arquitectura/final/final_project_arquitectura/install/yolo_msgs/include/yolo_msgs/yolo_msgs/msg/detail/key_point2_d__struct.h
[13.562s] -- Symlinking: /home/manza/Desktop/arquitectura/final/final_project_arquitectura/install/yolo_msgs/include/yolo_msgs/yolo_msgs/msg/detail/key_point2_d__type_support.h
[13.574s] -- Symlinking: /home/manza/Desktop/arquitectura/final/final_project_arquitectura/install/yolo_msgs/include/yolo_msgs/yolo_msgs/msg/detail/key_point2_d_array__functions.h
[13.585s] -- Symlinking: /home/manza/Desktop/arquitectura/final/final_project_arquitectura/install/yolo_msgs/include/yolo_msgs/yolo_msgs/msg/detail/key_point2_d_array__struct.h
[13.596s] -- Symlinking: /home/manza/Desktop/arquitectura/final/final_project_arquitectura/install/yolo_msgs/include/yolo_msgs/yolo_msgs/msg/detail/key_point2_d_array__type_support.h
[13.608s] -- Symlinking: /home/manza/Desktop/arquitectura/final/final_project_arquitectura/install/yolo_msgs/include/yolo_msgs/yolo_msgs/msg/detail/key_point3_d__functions.h
[13.620s] -- Symlinking: /home/manza/Desktop/arquitectura/final/final_project_arquitectura/install/yolo_msgs/include/yolo_msgs/yolo_msgs/msg/detail/key_point3_d__struct.h
[13.631s] -- Symlinking: /home/manza/Desktop/arquitectura/final/final_project_arquitectura/install/yolo_msgs/include/yolo_msgs/yolo_msgs/msg/detail/key_point3_d__type_support.h
[13.642s] -- Symlinking: /home/manza/Desktop/arquitectura/final/final_project_arquitectura/install/yolo_msgs/include/yolo_msgs/yolo_msgs/msg/detail/key_point3_d_array__functions.h
[13.652s] -- Symlinking: /home/manza/Desktop/arquitectura/final/final_project_arquitectura/install/yolo_msgs/include/yolo_msgs/yolo_msgs/msg/detail/key_point3_d_array__struct.h
[13.664s] -- Symlinking: /home/manza/Desktop/arquitectura/final/final_project_arquitectura/install/yolo_msgs/include/yolo_msgs/yolo_msgs/msg/detail/key_point3_d_array__type_support.h
[13.675s] -- Symlinking: /home/manza/Desktop/arquitectura/final/final_project_arquitectura/install/yolo_msgs/include/yolo_msgs/yolo_msgs/msg/detail/mask__functions.h
[13.685s] -- Symlinking: /home/manza/Desktop/arquitectura/final/final_project_arquitectura/install/yolo_msgs/include/yolo_msgs/yolo_msgs/msg/detail/mask__struct.h
[13.697s] -- Symlinking: /home/manza/Desktop/arquitectura/final/final_project_arquitectura/install/yolo_msgs/include/yolo_msgs/yolo_msgs/msg/detail/mask__type_support.h
[13.708s] -- Symlinking: /home/manza/Desktop/arquitectura/final/final_project_arquitectura/install/yolo_msgs/include/yolo_msgs/yolo_msgs/msg/detail/point2_d__functions.h
[13.719s] -- Symlinking: /home/manza/Desktop/arquitectura/final/final_project_arquitectura/install/yolo_msgs/include/yolo_msgs/yolo_msgs/msg/detail/point2_d__struct.h
[13.730s] -- Symlinking: /home/manza/Desktop/arquitectura/final/final_project_arquitectura/install/yolo_msgs/include/yolo_msgs/yolo_msgs/msg/detail/point2_d__type_support.h
[13.742s] -- Symlinking: /home/manza/Desktop/arquitectura/final/final_project_arquitectura/install/yolo_msgs/include/yolo_msgs/yolo_msgs/msg/detail/pose2_d__functions.h
[13.751s] -- Symlinking: /home/manza/Desktop/arquitectura/final/final_project_arquitectura/install/yolo_msgs/include/yolo_msgs/yolo_msgs/msg/detail/pose2_d__struct.h
[13.763s] -- Symlinking: /home/manza/Desktop/arquitectura/final/final_project_arquitectura/install/yolo_msgs/include/yolo_msgs/yolo_msgs/msg/detail/pose2_d__type_support.h
[13.775s] -- Symlinking: /home/manza/Desktop/arquitectura/final/final_project_arquitectura/install/yolo_msgs/include/yolo_msgs/yolo_msgs/msg/detail/vector2__functions.h
[13.785s] -- Symlinking: /home/manza/Desktop/arquitectura/final/final_project_arquitectura/install/yolo_msgs/include/yolo_msgs/yolo_msgs/msg/detail/vector2__struct.h
[13.797s] -- Symlinking: /home/manza/Desktop/arquitectura/final/final_project_arquitectura/install/yolo_msgs/include/yolo_msgs/yolo_msgs/msg/detail/vector2__type_support.h
[13.808s] -- Symlinking: /home/manza/Desktop/arquitectura/final/final_project_arquitectura/install/yolo_msgs/include/yolo_msgs/yolo_msgs/msg/detection.h
[13.818s] -- Symlinking: /home/manza/Desktop/arquitectura/final/final_project_arquitectura/install/yolo_msgs/include/yolo_msgs/yolo_msgs/msg/detection_array.h
[13.830s] -- Symlinking: /home/manza/Desktop/arquitectura/final/final_project_arquitectura/install/yolo_msgs/include/yolo_msgs/yolo_msgs/msg/key_point2_d.h
[13.841s] -- Symlinking: /home/manza/Desktop/arquitectura/final/final_project_arquitectura/install/yolo_msgs/include/yolo_msgs/yolo_msgs/msg/key_point2_d_array.h
[13.852s] -- Symlinking: /home/manza/Desktop/arquitectura/final/final_project_arquitectura/install/yolo_msgs/include/yolo_msgs/yolo_msgs/msg/key_point3_d.h
[13.864s] -- Symlinking: /home/manza/Desktop/arquitectura/final/final_project_arquitectura/install/yolo_msgs/include/yolo_msgs/yolo_msgs/msg/key_point3_d_array.h
[13.876s] -- Symlinking: /home/manza/Desktop/arquitectura/final/final_project_arquitectura/install/yolo_msgs/include/yolo_msgs/yolo_msgs/msg/mask.h
[13.888s] -- Symlinking: /home/manza/Desktop/arquitectura/final/final_project_arquitectura/install/yolo_msgs/include/yolo_msgs/yolo_msgs/msg/point2_d.h
[13.899s] -- Symlinking: /home/manza/Desktop/arquitectura/final/final_project_arquitectura/install/yolo_msgs/include/yolo_msgs/yolo_msgs/msg/pose2_d.h
[13.911s] -- Symlinking: /home/manza/Desktop/arquitectura/final/final_project_arquitectura/install/yolo_msgs/include/yolo_msgs/yolo_msgs/msg/rosidl_generator_c__visibility_control.h
[13.922s] -- Symlinking: /home/manza/Desktop/arquitectura/final/final_project_arquitectura/install/yolo_msgs/include/yolo_msgs/yolo_msgs/msg/vector2.h
[13.934s] -- Symlinking: /home/manza/Desktop/arquitectura/final/final_project_arquitectura/install/yolo_msgs/include/yolo_msgs/yolo_msgs/srv/detail/set_classes__functions.h
[13.945s] -- Symlinking: /home/manza/Desktop/arquitectura/final/final_project_arquitectura/install/yolo_msgs/include/yolo_msgs/yolo_msgs/srv/detail/set_classes__struct.h
[13.957s] -- Symlinking: /home/manza/Desktop/arquitectura/final/final_project_arquitectura/install/yolo_msgs/include/yolo_msgs/yolo_msgs/srv/detail/set_classes__type_support.h
[13.969s] -- Symlinking: /home/manza/Desktop/arquitectura/final/final_project_arquitectura/install/yolo_msgs/include/yolo_msgs/yolo_msgs/srv/set_classes.h
[13.980s] -- Symlinking: /home/manza/Desktop/arquitectura/final/final_project_arquitectura/install/yolo_msgs/share/yolo_msgs/environment/library_path.sh
[13.991s] -- Symlinking: /home/manza/Desktop/arquitectura/final/final_project_arquitectura/install/yolo_msgs/share/yolo_msgs/environment/library_path.dsv
[14.002s] -- Symlinking: /home/manza/Desktop/arquitectura/final/final_project_arquitectura/install/yolo_msgs/include/yolo_msgs/yolo_msgs/msg/detail/bounding_box2_d__rosidl_typesupport_fastrtps_c.h
[14.014s] -- Symlinking: /home/manza/Desktop/arquitectura/final/final_project_arquitectura/install/yolo_msgs/include/yolo_msgs/yolo_msgs/msg/detail/bounding_box3_d__rosidl_typesupport_fastrtps_c.h
[14.026s] -- Symlinking: /home/manza/Desktop/arquitectura/final/final_project_arquitectura/install/yolo_msgs/include/yolo_msgs/yolo_msgs/msg/detail/detection__rosidl_typesupport_fastrtps_c.h
[14.036s] -- Symlinking: /home/manza/Desktop/arquitectura/final/final_project_arquitectura/install/yolo_msgs/include/yolo_msgs/yolo_msgs/msg/detail/detection_array__rosidl_typesupport_fastrtps_c.h
[14.048s] -- Symlinking: /home/manza/Desktop/arquitectura/final/final_project_arquitectura/install/yolo_msgs/include/yolo_msgs/yolo_msgs/msg/detail/key_point2_d__rosidl_typesupport_fastrtps_c.h
[14.059s] -- Symlinking: /home/manza/Desktop/arquitectura/final/final_project_arquitectura/install/yolo_msgs/include/yolo_msgs/yolo_msgs/msg/detail/key_point2_d_array__rosidl_typesupport_fastrtps_c.h
[14.070s] -- Symlinking: /home/manza/Desktop/arquitectura/final/final_project_arquitectura/install/yolo_msgs/include/yolo_msgs/yolo_msgs/msg/detail/key_point3_d__rosidl_typesupport_fastrtps_c.h
[14.082s] -- Symlinking: /home/manza/Desktop/arquitectura/final/final_project_arquitectura/install/yolo_msgs/include/yolo_msgs/yolo_msgs/msg/detail/key_point3_d_array__rosidl_typesupport_fastrtps_c.h
[14.093s] -- Symlinking: /home/manza/Desktop/arquitectura/final/final_project_arquitectura/install/yolo_msgs/include/yolo_msgs/yolo_msgs/msg/detail/mask__rosidl_typesupport_fastrtps_c.h
[14.105s] -- Symlinking: /home/manza/Desktop/arquitectura/final/final_project_arquitectura/install/yolo_msgs/include/yolo_msgs/yolo_msgs/msg/detail/point2_d__rosidl_typesupport_fastrtps_c.h
[14.116s] -- Symlinking: /home/manza/Desktop/arquitectura/final/final_project_arquitectura/install/yolo_msgs/include/yolo_msgs/yolo_msgs/msg/detail/pose2_d__rosidl_typesupport_fastrtps_c.h
[14.128s] -- Symlinking: /home/manza/Desktop/arquitectura/final/final_project_arquitectura/install/yolo_msgs/include/yolo_msgs/yolo_msgs/msg/detail/vector2__rosidl_typesupport_fastrtps_c.h
[14.139s] -- Symlinking: /home/manza/Desktop/arquitectura/final/final_project_arquitectura/install/yolo_msgs/include/yolo_msgs/yolo_msgs/msg/rosidl_typesupport_fastrtps_c__visibility_control.h
[14.150s] -- Symlinking: /home/manza/Desktop/arquitectura/final/final_project_arquitectura/install/yolo_msgs/include/yolo_msgs/yolo_msgs/srv/detail/set_classes__rosidl_typesupport_fastrtps_c.h
[14.163s] -- Symlinking: /home/manza/Desktop/arquitectura/final/final_project_arquitectura/install/yolo_msgs/include/yolo_msgs/yolo_msgs/msg/detail/bounding_box2_d__rosidl_typesupport_introspection_c.h
[14.174s] -- Symlinking: /home/manza/Desktop/arquitectura/final/final_project_arquitectura/install/yolo_msgs/include/yolo_msgs/yolo_msgs/msg/detail/bounding_box3_d__rosidl_typesupport_introspection_c.h
[14.186s] -- Symlinking: /home/manza/Desktop/arquitectura/final/final_project_arquitectura/install/yolo_msgs/include/yolo_msgs/yolo_msgs/msg/detail/detection__rosidl_typesupport_introspection_c.h
[14.198s] -- Symlinking: /home/manza/Desktop/arquitectura/final/final_project_arquitectura/install/yolo_msgs/include/yolo_msgs/yolo_msgs/msg/detail/detection_array__rosidl_typesupport_introspection_c.h
[14.210s] -- Symlinking: /home/manza/Desktop/arquitectura/final/final_project_arquitectura/install/yolo_msgs/include/yolo_msgs/yolo_msgs/msg/detail/key_point2_d__rosidl_typesupport_introspection_c.h
[14.221s] -- Symlinking: /home/manza/Desktop/arquitectura/final/final_project_arquitectura/install/yolo_msgs/include/yolo_msgs/yolo_msgs/msg/detail/key_point2_d_array__rosidl_typesupport_introspection_c.h
[14.236s] -- Symlinking: /home/manza/Desktop/arquitectura/final/final_project_arquitectura/install/yolo_msgs/include/yolo_msgs/yolo_msgs/msg/detail/key_point3_d__rosidl_typesupport_introspection_c.h
[14.247s] -- Symlinking: /home/manza/Desktop/arquitectura/final/final_project_arquitectura/install/yolo_msgs/include/yolo_msgs/yolo_msgs/msg/detail/key_point3_d_array__rosidl_typesupport_introspection_c.h
[14.257s] -- Symlinking: /home/manza/Desktop/arquitectura/final/final_project_arquitectura/install/yolo_msgs/include/yolo_msgs/yolo_msgs/msg/detail/mask__rosidl_typesupport_introspection_c.h
[14.270s] -- Symlinking: /home/manza/Desktop/arquitectura/final/final_project_arquitectura/install/yolo_msgs/include/yolo_msgs/yolo_msgs/msg/detail/point2_d__rosidl_typesupport_introspection_c.h
[14.282s] -- Symlinking: /home/manza/Desktop/arquitectura/final/final_project_arquitectura/install/yolo_msgs/include/yolo_msgs/yolo_msgs/msg/detail/pose2_d__rosidl_typesupport_introspection_c.h
[14.293s] -- Symlinking: /home/manza/Desktop/arquitectura/final/final_project_arquitectura/install/yolo_msgs/include/yolo_msgs/yolo_msgs/msg/detail/vector2__rosidl_typesupport_introspection_c.h
[14.305s] -- Symlinking: /home/manza/Desktop/arquitectura/final/final_project_arquitectura/install/yolo_msgs/include/yolo_msgs/yolo_msgs/msg/rosidl_typesupport_introspection_c__visibility_control.h
[14.316s] -- Symlinking: /home/manza/Desktop/arquitectura/final/final_project_arquitectura/install/yolo_msgs/include/yolo_msgs/yolo_msgs/srv/detail/set_classes__rosidl_typesupport_introspection_c.h
[14.327s] -- Symlinking: /home/manza/Desktop/arquitectura/final/final_project_arquitectura/install/yolo_msgs/include/yolo_msgs/yolo_msgs/msg/bounding_box2_d.hpp
[14.338s] -- Symlinking: /home/manza/Desktop/arquitectura/final/final_project_arquitectura/install/yolo_msgs/include/yolo_msgs/yolo_msgs/msg/bounding_box3_d.hpp
[14.350s] -- Symlinking: /home/manza/Desktop/arquitectura/final/final_project_arquitectura/install/yolo_msgs/include/yolo_msgs/yolo_msgs/msg/detail/bounding_box2_d__builder.hpp
[14.360s] -- Symlinking: /home/manza/Desktop/arquitectura/final/final_project_arquitectura/install/yolo_msgs/include/yolo_msgs/yolo_msgs/msg/detail/bounding_box2_d__struct.hpp
[14.371s] -- Symlinking: /home/manza/Desktop/arquitectura/final/final_project_arquitectura/install/yolo_msgs/include/yolo_msgs/yolo_msgs/msg/detail/bounding_box2_d__traits.hpp
[14.383s] -- Symlinking: /home/manza/Desktop/arquitectura/final/final_project_arquitectura/install/yolo_msgs/include/yolo_msgs/yolo_msgs/msg/detail/bounding_box2_d__type_support.hpp
[14.394s] -- Symlinking: /home/manza/Desktop/arquitectura/final/final_project_arquitectura/install/yolo_msgs/include/yolo_msgs/yolo_msgs/msg/detail/bounding_box3_d__builder.hpp
[14.405s] -- Symlinking: /home/manza/Desktop/arquitectura/final/final_project_arquitectura/install/yolo_msgs/include/yolo_msgs/yolo_msgs/msg/detail/bounding_box3_d__struct.hpp
[14.417s] -- Symlinking: /home/manza/Desktop/arquitectura/final/final_project_arquitectura/install/yolo_msgs/include/yolo_msgs/yolo_msgs/msg/detail/bounding_box3_d__traits.hpp
[14.428s] -- Symlinking: /home/manza/Desktop/arquitectura/final/final_project_arquitectura/install/yolo_msgs/include/yolo_msgs/yolo_msgs/msg/detail/bounding_box3_d__type_support.hpp
[14.439s] -- Symlinking: /home/manza/Desktop/arquitectura/final/final_project_arquitectura/install/yolo_msgs/include/yolo_msgs/yolo_msgs/msg/detail/detection__builder.hpp
[14.450s] -- Symlinking: /home/manza/Desktop/arquitectura/final/final_project_arquitectura/install/yolo_msgs/include/yolo_msgs/yolo_msgs/msg/detail/detection__struct.hpp
[14.461s] -- Symlinking: /home/manza/Desktop/arquitectura/final/final_project_arquitectura/install/yolo_msgs/include/yolo_msgs/yolo_msgs/msg/detail/detection__traits.hpp
[14.472s] -- Symlinking: /home/manza/Desktop/arquitectura/final/final_project_arquitectura/install/yolo_msgs/include/yolo_msgs/yolo_msgs/msg/detail/detection__type_support.hpp
[14.483s] -- Symlinking: /home/manza/Desktop/arquitectura/final/final_project_arquitectura/install/yolo_msgs/include/yolo_msgs/yolo_msgs/msg/detail/detection_array__builder.hpp
[14.495s] -- Symlinking: /home/manza/Desktop/arquitectura/final/final_project_arquitectura/install/yolo_msgs/include/yolo_msgs/yolo_msgs/msg/detail/detection_array__struct.hpp
[14.506s] -- Symlinking: /home/manza/Desktop/arquitectura/final/final_project_arquitectura/install/yolo_msgs/include/yolo_msgs/yolo_msgs/msg/detail/detection_array__traits.hpp
[14.517s] -- Symlinking: /home/manza/Desktop/arquitectura/final/final_project_arquitectura/install/yolo_msgs/include/yolo_msgs/yolo_msgs/msg/detail/detection_array__type_support.hpp
[14.527s] -- Symlinking: /home/manza/Desktop/arquitectura/final/final_project_arquitectura/install/yolo_msgs/include/yolo_msgs/yolo_msgs/msg/detail/key_point2_d__builder.hpp
[14.538s] -- Symlinking: /home/manza/Desktop/arquitectura/final/final_project_arquitectura/install/yolo_msgs/include/yolo_msgs/yolo_msgs/msg/detail/key_point2_d__struct.hpp
[14.549s] -- Symlinking: /home/manza/Desktop/arquitectura/final/final_project_arquitectura/install/yolo_msgs/include/yolo_msgs/yolo_msgs/msg/detail/key_point2_d__traits.hpp
[14.560s] -- Symlinking: /home/manza/Desktop/arquitectura/final/final_project_arquitectura/install/yolo_msgs/include/yolo_msgs/yolo_msgs/msg/detail/key_point2_d__type_support.hpp
[14.571s] -- Symlinking: /home/manza/Desktop/arquitectura/final/final_project_arquitectura/install/yolo_msgs/include/yolo_msgs/yolo_msgs/msg/detail/key_point2_d_array__builder.hpp
[14.583s] -- Symlinking: /home/manza/Desktop/arquitectura/final/final_project_arquitectura/install/yolo_msgs/include/yolo_msgs/yolo_msgs/msg/detail/key_point2_d_array__struct.hpp
[14.594s] -- Symlinking: /home/manza/Desktop/arquitectura/final/final_project_arquitectura/install/yolo_msgs/include/yolo_msgs/yolo_msgs/msg/detail/key_point2_d_array__traits.hpp
[14.605s] -- Symlinking: /home/manza/Desktop/arquitectura/final/final_project_arquitectura/install/yolo_msgs/include/yolo_msgs/yolo_msgs/msg/detail/key_point2_d_array__type_support.hpp
[14.617s] -- Symlinking: /home/manza/Desktop/arquitectura/final/final_project_arquitectura/install/yolo_msgs/include/yolo_msgs/yolo_msgs/msg/detail/key_point3_d__builder.hpp
[14.629s] -- Symlinking: /home/manza/Desktop/arquitectura/final/final_project_arquitectura/install/yolo_msgs/include/yolo_msgs/yolo_msgs/msg/detail/key_point3_d__struct.hpp
[14.641s] -- Symlinking: /home/manza/Desktop/arquitectura/final/final_project_arquitectura/install/yolo_msgs/include/yolo_msgs/yolo_msgs/msg/detail/key_point3_d__traits.hpp
[14.652s] -- Symlinking: /home/manza/Desktop/arquitectura/final/final_project_arquitectura/install/yolo_msgs/include/yolo_msgs/yolo_msgs/msg/detail/key_point3_d__type_support.hpp
[14.663s] -- Symlinking: /home/manza/Desktop/arquitectura/final/final_project_arquitectura/install/yolo_msgs/include/yolo_msgs/yolo_msgs/msg/detail/key_point3_d_array__builder.hpp
[14.675s] -- Symlinking: /home/manza/Desktop/arquitectura/final/final_project_arquitectura/install/yolo_msgs/include/yolo_msgs/yolo_msgs/msg/detail/key_point3_d_array__struct.hpp
[14.686s] -- Symlinking: /home/manza/Desktop/arquitectura/final/final_project_arquitectura/install/yolo_msgs/include/yolo_msgs/yolo_msgs/msg/detail/key_point3_d_array__traits.hpp
[14.698s] -- Symlinking: /home/manza/Desktop/arquitectura/final/final_project_arquitectura/install/yolo_msgs/include/yolo_msgs/yolo_msgs/msg/detail/key_point3_d_array__type_support.hpp
[14.710s] -- Symlinking: /home/manza/Desktop/arquitectura/final/final_project_arquitectura/install/yolo_msgs/include/yolo_msgs/yolo_msgs/msg/detail/mask__builder.hpp
[14.721s] -- Symlinking: /home/manza/Desktop/arquitectura/final/final_project_arquitectura/install/yolo_msgs/include/yolo_msgs/yolo_msgs/msg/detail/mask__struct.hpp
[14.733s] -- Symlinking: /home/manza/Desktop/arquitectura/final/final_project_arquitectura/install/yolo_msgs/include/yolo_msgs/yolo_msgs/msg/detail/mask__traits.hpp
[14.744s] -- Symlinking: /home/manza/Desktop/arquitectura/final/final_project_arquitectura/install/yolo_msgs/include/yolo_msgs/yolo_msgs/msg/detail/mask__type_support.hpp
[14.756s] -- Symlinking: /home/manza/Desktop/arquitectura/final/final_project_arquitectura/install/yolo_msgs/include/yolo_msgs/yolo_msgs/msg/detail/point2_d__builder.hpp
[14.767s] -- Symlinking: /home/manza/Desktop/arquitectura/final/final_project_arquitectura/install/yolo_msgs/include/yolo_msgs/yolo_msgs/msg/detail/point2_d__struct.hpp
[14.779s] -- Symlinking: /home/manza/Desktop/arquitectura/final/final_project_arquitectura/install/yolo_msgs/include/yolo_msgs/yolo_msgs/msg/detail/point2_d__traits.hpp
[14.790s] -- Symlinking: /home/manza/Desktop/arquitectura/final/final_project_arquitectura/install/yolo_msgs/include/yolo_msgs/yolo_msgs/msg/detail/point2_d__type_support.hpp
[14.802s] -- Symlinking: /home/manza/Desktop/arquitectura/final/final_project_arquitectura/install/yolo_msgs/include/yolo_msgs/yolo_msgs/msg/detail/pose2_d__builder.hpp
[14.813s] -- Symlinking: /home/manza/Desktop/arquitectura/final/final_project_arquitectura/install/yolo_msgs/include/yolo_msgs/yolo_msgs/msg/detail/pose2_d__struct.hpp
[14.824s] -- Symlinking: /home/manza/Desktop/arquitectura/final/final_project_arquitectura/install/yolo_msgs/include/yolo_msgs/yolo_msgs/msg/detail/pose2_d__traits.hpp
[14.835s] -- Symlinking: /home/manza/Desktop/arquitectura/final/final_project_arquitectura/install/yolo_msgs/include/yolo_msgs/yolo_msgs/msg/detail/pose2_d__type_support.hpp
[14.846s] -- Symlinking: /home/manza/Desktop/arquitectura/final/final_project_arquitectura/install/yolo_msgs/include/yolo_msgs/yolo_msgs/msg/detail/vector2__builder.hpp
[14.857s] -- Symlinking: /home/manza/Desktop/arquitectura/final/final_project_arquitectura/install/yolo_msgs/include/yolo_msgs/yolo_msgs/msg/detail/vector2__struct.hpp
[14.868s] -- Symlinking: /home/manza/Desktop/arquitectura/final/final_project_arquitectura/install/yolo_msgs/include/yolo_msgs/yolo_msgs/msg/detail/vector2__traits.hpp
[14.881s] -- Symlinking: /home/manza/Desktop/arquitectura/final/final_project_arquitectura/install/yolo_msgs/include/yolo_msgs/yolo_msgs/msg/detail/vector2__type_support.hpp
[14.892s] -- Symlinking: /home/manza/Desktop/arquitectura/final/final_project_arquitectura/install/yolo_msgs/include/yolo_msgs/yolo_msgs/msg/detection.hpp
[14.904s] -- Symlinking: /home/manza/Desktop/arquitectura/final/final_project_arquitectura/install/yolo_msgs/include/yolo_msgs/yolo_msgs/msg/detection_array.hpp
[14.915s] -- Symlinking: /home/manza/Desktop/arquitectura/final/final_project_arquitectura/install/yolo_msgs/include/yolo_msgs/yolo_msgs/msg/key_point2_d.hpp
[14.927s] -- Symlinking: /home/manza/Desktop/arquitectura/final/final_project_arquitectura/install/yolo_msgs/include/yolo_msgs/yolo_msgs/msg/key_point2_d_array.hpp
[14.938s] -- Symlinking: /home/manza/Desktop/arquitectura/final/final_project_arquitectura/install/yolo_msgs/include/yolo_msgs/yolo_msgs/msg/key_point3_d.hpp
[14.950s] -- Symlinking: /home/manza/Desktop/arquitectura/final/final_project_arquitectura/install/yolo_msgs/include/yolo_msgs/yolo_msgs/msg/key_point3_d_array.hpp
[14.962s] -- Symlinking: /home/manza/Desktop/arquitectura/final/final_project_arquitectura/install/yolo_msgs/include/yolo_msgs/yolo_msgs/msg/mask.hpp
[14.974s] -- Symlinking: /home/manza/Desktop/arquitectura/final/final_project_arquitectura/install/yolo_msgs/include/yolo_msgs/yolo_msgs/msg/point2_d.hpp
[14.985s] -- Symlinking: /home/manza/Desktop/arquitectura/final/final_project_arquitectura/install/yolo_msgs/include/yolo_msgs/yolo_msgs/msg/pose2_d.hpp
[14.996s] -- Symlinking: /home/manza/Desktop/arquitectura/final/final_project_arquitectura/install/yolo_msgs/include/yolo_msgs/yolo_msgs/msg/rosidl_generator_cpp__visibility_control.hpp
[15.008s] -- Symlinking: /home/manza/Desktop/arquitectura/final/final_project_arquitectura/install/yolo_msgs/include/yolo_msgs/yolo_msgs/msg/vector2.hpp
[15.019s] -- Symlinking: /home/manza/Desktop/arquitectura/final/final_project_arquitectura/install/yolo_msgs/include/yolo_msgs/yolo_msgs/srv/detail/set_classes__builder.hpp
[15.031s] -- Symlinking: /home/manza/Desktop/arquitectura/final/final_project_arquitectura/install/yolo_msgs/include/yolo_msgs/yolo_msgs/srv/detail/set_classes__struct.hpp
[15.042s] -- Symlinking: /home/manza/Desktop/arquitectura/final/final_project_arquitectura/install/yolo_msgs/include/yolo_msgs/yolo_msgs/srv/detail/set_classes__traits.hpp
[15.054s] -- Symlinking: /home/manza/Desktop/arquitectura/final/final_project_arquitectura/install/yolo_msgs/include/yolo_msgs/yolo_msgs/srv/detail/set_classes__type_support.hpp
[15.065s] -- Symlinking: /home/manza/Desktop/arquitectura/final/final_project_arquitectura/install/yolo_msgs/include/yolo_msgs/yolo_msgs/srv/set_classes.hpp
[15.077s] -- Symlinking: /home/manza/Desktop/arquitectura/final/final_project_arquitectura/install/yolo_msgs/include/yolo_msgs/yolo_msgs/msg/detail/bounding_box2_d__rosidl_typesupport_fastrtps_cpp.hpp
[15.088s] -- Symlinking: /home/manza/Desktop/arquitectura/final/final_project_arquitectura/install/yolo_msgs/include/yolo_msgs/yolo_msgs/msg/detail/bounding_box3_d__rosidl_typesupport_fastrtps_cpp.hpp
[15.100s] -- Symlinking: /home/manza/Desktop/arquitectura/final/final_project_arquitectura/install/yolo_msgs/include/yolo_msgs/yolo_msgs/msg/detail/detection__rosidl_typesupport_fastrtps_cpp.hpp
[15.112s] -- Symlinking: /home/manza/Desktop/arquitectura/final/final_project_arquitectura/install/yolo_msgs/include/yolo_msgs/yolo_msgs/msg/detail/detection_array__rosidl_typesupport_fastrtps_cpp.hpp
[15.123s] -- Symlinking: /home/manza/Desktop/arquitectura/final/final_project_arquitectura/install/yolo_msgs/include/yolo_msgs/yolo_msgs/msg/detail/key_point2_d__rosidl_typesupport_fastrtps_cpp.hpp
[15.134s] -- Symlinking: /home/manza/Desktop/arquitectura/final/final_project_arquitectura/install/yolo_msgs/include/yolo_msgs/yolo_msgs/msg/detail/key_point2_d_array__rosidl_typesupport_fastrtps_cpp.hpp
[15.145s] -- Symlinking: /home/manza/Desktop/arquitectura/final/final_project_arquitectura/install/yolo_msgs/include/yolo_msgs/yolo_msgs/msg/detail/key_point3_d__rosidl_typesupport_fastrtps_cpp.hpp
[15.156s] -- Symlinking: /home/manza/Desktop/arquitectura/final/final_project_arquitectura/install/yolo_msgs/include/yolo_msgs/yolo_msgs/msg/detail/key_point3_d_array__rosidl_typesupport_fastrtps_cpp.hpp
[15.168s] -- Symlinking: /home/manza/Desktop/arquitectura/final/final_project_arquitectura/install/yolo_msgs/include/yolo_msgs/yolo_msgs/msg/detail/mask__rosidl_typesupport_fastrtps_cpp.hpp
[15.179s] -- Symlinking: /home/manza/Desktop/arquitectura/final/final_project_arquitectura/install/yolo_msgs/include/yolo_msgs/yolo_msgs/msg/detail/point2_d__rosidl_typesupport_fastrtps_cpp.hpp
[15.189s] -- Symlinking: /home/manza/Desktop/arquitectura/final/final_project_arquitectura/install/yolo_msgs/include/yolo_msgs/yolo_msgs/msg/detail/pose2_d__rosidl_typesupport_fastrtps_cpp.hpp
[15.201s] -- Symlinking: /home/manza/Desktop/arquitectura/final/final_project_arquitectura/install/yolo_msgs/include/yolo_msgs/yolo_msgs/msg/detail/vector2__rosidl_typesupport_fastrtps_cpp.hpp
[15.212s] -- Symlinking: /home/manza/Desktop/arquitectura/final/final_project_arquitectura/install/yolo_msgs/include/yolo_msgs/yolo_msgs/msg/rosidl_typesupport_fastrtps_cpp__visibility_control.h
[15.225s] -- Symlinking: /home/manza/Desktop/arquitectura/final/final_project_arquitectura/install/yolo_msgs/include/yolo_msgs/yolo_msgs/srv/detail/set_classes__rosidl_typesupport_fastrtps_cpp.hpp
[15.236s] -- Symlinking: /home/manza/Desktop/arquitectura/final/final_project_arquitectura/install/yolo_msgs/include/yolo_msgs/yolo_msgs/msg/detail/bounding_box2_d__rosidl_typesupport_introspection_cpp.hpp
[15.248s] -- Symlinking: /home/manza/Desktop/arquitectura/final/final_project_arquitectura/install/yolo_msgs/include/yolo_msgs/yolo_msgs/msg/detail/bounding_box3_d__rosidl_typesupport_introspection_cpp.hpp
[15.257s] -- Symlinking: /home/manza/Desktop/arquitectura/final/final_project_arquitectura/install/yolo_msgs/include/yolo_msgs/yolo_msgs/msg/detail/detection__rosidl_typesupport_introspection_cpp.hpp
[15.267s] -- Symlinking: /home/manza/Desktop/arquitectura/final/final_project_arquitectura/install/yolo_msgs/include/yolo_msgs/yolo_msgs/msg/detail/detection_array__rosidl_typesupport_introspection_cpp.hpp
[15.278s] -- Symlinking: /home/manza/Desktop/arquitectura/final/final_project_arquitectura/install/yolo_msgs/include/yolo_msgs/yolo_msgs/msg/detail/key_point2_d__rosidl_typesupport_introspection_cpp.hpp
[15.288s] -- Symlinking: /home/manza/Desktop/arquitectura/final/final_project_arquitectura/install/yolo_msgs/include/yolo_msgs/yolo_msgs/msg/detail/key_point2_d_array__rosidl_typesupport_introspection_cpp.hpp
[15.300s] -- Symlinking: /home/manza/Desktop/arquitectura/final/final_project_arquitectura/install/yolo_msgs/include/yolo_msgs/yolo_msgs/msg/detail/key_point3_d__rosidl_typesupport_introspection_cpp.hpp
[15.312s] -- Symlinking: /home/manza/Desktop/arquitectura/final/final_project_arquitectura/install/yolo_msgs/include/yolo_msgs/yolo_msgs/msg/detail/key_point3_d_array__rosidl_typesupport_introspection_cpp.hpp
[15.323s] -- Symlinking: /home/manza/Desktop/arquitectura/final/final_project_arquitectura/install/yolo_msgs/include/yolo_msgs/yolo_msgs/msg/detail/mask__rosidl_typesupport_introspection_cpp.hpp
[15.334s] -- Symlinking: /home/manza/Desktop/arquitectura/final/final_project_arquitectura/install/yolo_msgs/include/yolo_msgs/yolo_msgs/msg/detail/point2_d__rosidl_typesupport_introspection_cpp.hpp
[15.345s] -- Symlinking: /home/manza/Desktop/arquitectura/final/final_project_arquitectura/install/yolo_msgs/include/yolo_msgs/yolo_msgs/msg/detail/pose2_d__rosidl_typesupport_introspection_cpp.hpp
[15.356s] -- Symlinking: /home/manza/Desktop/arquitectura/final/final_project_arquitectura/install/yolo_msgs/include/yolo_msgs/yolo_msgs/msg/detail/vector2__rosidl_typesupport_introspection_cpp.hpp
[15.368s] -- Symlinking: /home/manza/Desktop/arquitectura/final/final_project_arquitectura/install/yolo_msgs/include/yolo_msgs/yolo_msgs/srv/detail/set_classes__rosidl_typesupport_introspection_cpp.hpp
[15.380s] -- Symlinking: /home/manza/Desktop/arquitectura/final/final_project_arquitectura/install/yolo_msgs/share/yolo_msgs/environment/pythonpath.sh
[15.392s] -- Symlinking: /home/manza/Desktop/arquitectura/final/final_project_arquitectura/install/yolo_msgs/share/yolo_msgs/environment/pythonpath.dsv
[15.403s] -- Symlinking: /home/manza/Desktop/arquitectura/final/final_project_arquitectura/install/yolo_msgs/lib/python3.12/site-packages/yolo_msgs-4.0.1-py3.12.egg-info/PKG-INFO
[15.415s] -- Symlinking: /home/manza/Desktop/arquitectura/final/final_project_arquitectura/install/yolo_msgs/lib/python3.12/site-packages/yolo_msgs-4.0.1-py3.12.egg-info/SOURCES.txt
[15.437s] -- Symlinking: /home/manza/Desktop/arquitectura/final/final_project_arquitectura/install/yolo_msgs/lib/python3.12/site-packages/yolo_msgs-4.0.1-py3.12.egg-info/dependency_links.txt
[15.454s] -- Symlinking: /home/manza/Desktop/arquitectura/final/final_project_arquitectura/install/yolo_msgs/lib/python3.12/site-packages/yolo_msgs-4.0.1-py3.12.egg-info/top_level.txt
[15.466s] -- Symlinking: /home/manza/Desktop/arquitectura/final/final_project_arquitectura/install/yolo_msgs/lib/python3.12/site-packages/yolo_msgs/__init__.py
[15.477s] -- Symlinking: /home/manza/Desktop/arquitectura/final/final_project_arquitectura/install/yolo_msgs/lib/python3.12/site-packages/yolo_msgs/_yolo_msgs_s.ep.rosidl_typesupport_c.c
[15.487s] -- Symlinking: /home/manza/Desktop/arquitectura/final/final_project_arquitectura/install/yolo_msgs/lib/python3.12/site-packages/yolo_msgs/_yolo_msgs_s.ep.rosidl_typesupport_fastrtps_c.c
[15.496s] -- Symlinking: /home/manza/Desktop/arquitectura/final/final_project_arquitectura/install/yolo_msgs/lib/python3.12/site-packages/yolo_msgs/_yolo_msgs_s.ep.rosidl_typesupport_introspection_c.c
[15.508s] -- Symlinking: /home/manza/Desktop/arquitectura/final/final_project_arquitectura/install/yolo_msgs/lib/python3.12/site-packages/yolo_msgs/msg/__init__.py
[15.518s] -- Symlinking: /home/manza/Desktop/arquitectura/final/final_project_arquitectura/install/yolo_msgs/lib/python3.12/site-packages/yolo_msgs/msg/_bounding_box2_d.py
[15.529s] -- Symlinking: /home/manza/Desktop/arquitectura/final/final_project_arquitectura/install/yolo_msgs/lib/python3.12/site-packages/yolo_msgs/msg/_bounding_box2_d_s.c
[15.541s] -- Symlinking: /home/manza/Desktop/arquitectura/final/final_project_arquitectura/install/yolo_msgs/lib/python3.12/site-packages/yolo_msgs/msg/_bounding_box3_d.py
[15.552s] -- Symlinking: /home/manza/Desktop/arquitectura/final/final_project_arquitectura/install/yolo_msgs/lib/python3.12/site-packages/yolo_msgs/msg/_bounding_box3_d_s.c
[15.563s] -- Symlinking: /home/manza/Desktop/arquitectura/final/final_project_arquitectura/install/yolo_msgs/lib/python3.12/site-packages/yolo_msgs/msg/_detection.py
[15.573s] -- Symlinking: /home/manza/Desktop/arquitectura/final/final_project_arquitectura/install/yolo_msgs/lib/python3.12/site-packages/yolo_msgs/msg/_detection_array.py
[15.584s] -- Symlinking: /home/manza/Desktop/arquitectura/final/final_project_arquitectura/install/yolo_msgs/lib/python3.12/site-packages/yolo_msgs/msg/_detection_array_s.c
[15.596s] -- Symlinking: /home/manza/Desktop/arquitectura/final/final_project_arquitectura/install/yolo_msgs/lib/python3.12/site-packages/yolo_msgs/msg/_detection_s.c
[15.607s] -- Symlinking: /home/manza/Desktop/arquitectura/final/final_project_arquitectura/install/yolo_msgs/lib/python3.12/site-packages/yolo_msgs/msg/_key_point2_d.py
[15.618s] -- Symlinking: /home/manza/Desktop/arquitectura/final/final_project_arquitectura/install/yolo_msgs/lib/python3.12/site-packages/yolo_msgs/msg/_key_point2_d_array.py
[15.630s] -- Symlinking: /home/manza/Desktop/arquitectura/final/final_project_arquitectura/install/yolo_msgs/lib/python3.12/site-packages/yolo_msgs/msg/_key_point2_d_array_s.c
[15.640s] -- Symlinking: /home/manza/Desktop/arquitectura/final/final_project_arquitectura/install/yolo_msgs/lib/python3.12/site-packages/yolo_msgs/msg/_key_point2_d_s.c
[15.651s] -- Symlinking: /home/manza/Desktop/arquitectura/final/final_project_arquitectura/install/yolo_msgs/lib/python3.12/site-packages/yolo_msgs/msg/_key_point3_d.py
[15.663s] -- Symlinking: /home/manza/Desktop/arquitectura/final/final_project_arquitectura/install/yolo_msgs/lib/python3.12/site-packages/yolo_msgs/msg/_key_point3_d_array.py
[15.674s] -- Symlinking: /home/manza/Desktop/arquitectura/final/final_project_arquitectura/install/yolo_msgs/lib/python3.12/site-packages/yolo_msgs/msg/_key_point3_d_array_s.c
[15.686s] -- Symlinking: /home/manza/Desktop/arquitectura/final/final_project_arquitectura/install/yolo_msgs/lib/python3.12/site-packages/yolo_msgs/msg/_key_point3_d_s.c
[15.698s] -- Symlinking: /home/manza/Desktop/arquitectura/final/final_project_arquitectura/install/yolo_msgs/lib/python3.12/site-packages/yolo_msgs/msg/_mask.py
[15.709s] -- Symlinking: /home/manza/Desktop/arquitectura/final/final_project_arquitectura/install/yolo_msgs/lib/python3.12/site-packages/yolo_msgs/msg/_mask_s.c
[15.720s] -- Symlinking: /home/manza/Desktop/arquitectura/final/final_project_arquitectura/install/yolo_msgs/lib/python3.12/site-packages/yolo_msgs/msg/_point2_d.py
[15.731s] -- Symlinking: /home/manza/Desktop/arquitectura/final/final_project_arquitectura/install/yolo_msgs/lib/python3.12/site-packages/yolo_msgs/msg/_point2_d_s.c
[15.743s] -- Symlinking: /home/manza/Desktop/arquitectura/final/final_project_arquitectura/install/yolo_msgs/lib/python3.12/site-packages/yolo_msgs/msg/_pose2_d.py
[15.754s] -- Symlinking: /home/manza/Desktop/arquitectura/final/final_project_arquitectura/install/yolo_msgs/lib/python3.12/site-packages/yolo_msgs/msg/_pose2_d_s.c
[15.766s] -- Symlinking: /home/manza/Desktop/arquitectura/final/final_project_arquitectura/install/yolo_msgs/lib/python3.12/site-packages/yolo_msgs/msg/_vector2.py
[15.777s] -- Symlinking: /home/manza/Desktop/arquitectura/final/final_project_arquitectura/install/yolo_msgs/lib/python3.12/site-packages/yolo_msgs/msg/_vector2_s.c
[15.788s] -- Symlinking: /home/manza/Desktop/arquitectura/final/final_project_arquitectura/install/yolo_msgs/lib/python3.12/site-packages/yolo_msgs/srv/__init__.py
[15.800s] -- Symlinking: /home/manza/Desktop/arquitectura/final/final_project_arquitectura/install/yolo_msgs/lib/python3.12/site-packages/yolo_msgs/srv/_set_classes.py
[15.811s] -- Symlinking: /home/manza/Desktop/arquitectura/final/final_project_arquitectura/install/yolo_msgs/lib/python3.12/site-packages/yolo_msgs/srv/_set_classes_s.c
[15.821s] -- Symlinking: /home/manza/Desktop/arquitectura/final/final_project_arquitectura/install/yolo_msgs/lib/python3.12/site-packages/yolo_msgs/yolo_msgs_s__rosidl_typesupport_c.so
[15.833s] -- Symlinking: /home/manza/Desktop/arquitectura/final/final_project_arquitectura/install/yolo_msgs/lib/python3.12/site-packages/yolo_msgs/yolo_msgs_s__rosidl_typesupport_fastrtps_c.so
[15.844s] -- Symlinking: /home/manza/Desktop/arquitectura/final/final_project_arquitectura/install/yolo_msgs/lib/python3.12/site-packages/yolo_msgs/yolo_msgs_s__rosidl_typesupport_introspection_c.so
[15.855s] -- Up-to-date symlink: /home/manza/Desktop/arquitectura/final/final_project_arquitectura/install/yolo_msgs/lib/python3.12/site-packages/yolo_msgs/yolo_msgs_s__rosidl_typesupport_fastrtps_c.so
[15.855s] -- Up-to-date symlink: /home/manza/Desktop/arquitectura/final/final_project_arquitectura/install/yolo_msgs/lib/python3.12/site-packages/yolo_msgs/yolo_msgs_s__rosidl_typesupport_introspection_c.so
[15.855s] -- Up-to-date symlink: /home/manza/Desktop/arquitectura/final/final_project_arquitectura/install/yolo_msgs/lib/python3.12/site-packages/yolo_msgs/yolo_msgs_s__rosidl_typesupport_c.so
[15.855s] -- Symlinking: /home/manza/Desktop/arquitectura/final/final_project_arquitectura/install/yolo_msgs/share/yolo_msgs/msg/Point2D.idl
[15.867s] -- Symlinking: /home/manza/Desktop/arquitectura/final/final_project_arquitectura/install/yolo_msgs/share/yolo_msgs/msg/Vector2.idl
[15.878s] -- Symlinking: /home/manza/Desktop/arquitectura/final/final_project_arquitectura/install/yolo_msgs/share/yolo_msgs/msg/Pose2D.idl
[15.889s] -- Symlinking: /home/manza/Desktop/arquitectura/final/final_project_arquitectura/install/yolo_msgs/share/yolo_msgs/msg/BoundingBox2D.idl
[15.900s] -- Symlinking: /home/manza/Desktop/arquitectura/final/final_project_arquitectura/install/yolo_msgs/share/yolo_msgs/msg/BoundingBox3D.idl
[15.911s] -- Symlinking: /home/manza/Desktop/arquitectura/final/final_project_arquitectura/install/yolo_msgs/share/yolo_msgs/msg/Mask.idl
[15.922s] -- Symlinking: /home/manza/Desktop/arquitectura/final/final_project_arquitectura/install/yolo_msgs/share/yolo_msgs/msg/KeyPoint2D.idl
[15.932s] -- Symlinking: /home/manza/Desktop/arquitectura/final/final_project_arquitectura/install/yolo_msgs/share/yolo_msgs/msg/KeyPoint2DArray.idl
[15.943s] -- Symlinking: /home/manza/Desktop/arquitectura/final/final_project_arquitectura/install/yolo_msgs/share/yolo_msgs/msg/KeyPoint3D.idl
[15.954s] -- Symlinking: /home/manza/Desktop/arquitectura/final/final_project_arquitectura/install/yolo_msgs/share/yolo_msgs/msg/KeyPoint3DArray.idl
[15.965s] -- Symlinking: /home/manza/Desktop/arquitectura/final/final_project_arquitectura/install/yolo_msgs/share/yolo_msgs/msg/Detection.idl
[15.977s] -- Symlinking: /home/manza/Desktop/arquitectura/final/final_project_arquitectura/install/yolo_msgs/share/yolo_msgs/msg/DetectionArray.idl
[15.989s] -- Symlinking: /home/manza/Desktop/arquitectura/final/final_project_arquitectura/install/yolo_msgs/share/yolo_msgs/srv/SetClasses.idl
[16.000s] -- Symlinking: /home/manza/Desktop/arquitectura/final/final_project_arquitectura/install/yolo_msgs/share/yolo_msgs/msg/Point2D.msg
[16.012s] -- Symlinking: /home/manza/Desktop/arquitectura/final/final_project_arquitectura/install/yolo_msgs/share/yolo_msgs/msg/Vector2.msg
[16.023s] -- Symlinking: /home/manza/Desktop/arquitectura/final/final_project_arquitectura/install/yolo_msgs/share/yolo_msgs/msg/Pose2D.msg
[16.034s] -- Symlinking: /home/manza/Desktop/arquitectura/final/final_project_arquitectura/install/yolo_msgs/share/yolo_msgs/msg/BoundingBox2D.msg
[16.046s] -- Symlinking: /home/manza/Desktop/arquitectura/final/final_project_arquitectura/install/yolo_msgs/share/yolo_msgs/msg/BoundingBox3D.msg
[16.057s] -- Symlinking: /home/manza/Desktop/arquitectura/final/final_project_arquitectura/install/yolo_msgs/share/yolo_msgs/msg/Mask.msg
[16.067s] -- Symlinking: /home/manza/Desktop/arquitectura/final/final_project_arquitectura/install/yolo_msgs/share/yolo_msgs/msg/KeyPoint2D.msg
[16.078s] -- Symlinking: /home/manza/Desktop/arquitectura/final/final_project_arquitectura/install/yolo_msgs/share/yolo_msgs/msg/KeyPoint2DArray.msg
[16.089s] -- Symlinking: /home/manza/Desktop/arquitectura/final/final_project_arquitectura/install/yolo_msgs/share/yolo_msgs/msg/KeyPoint3D.msg
[16.100s] -- Symlinking: /home/manza/Desktop/arquitectura/final/final_project_arquitectura/install/yolo_msgs/share/yolo_msgs/msg/KeyPoint3DArray.msg
[16.112s] -- Symlinking: /home/manza/Desktop/arquitectura/final/final_project_arquitectura/install/yolo_msgs/share/yolo_msgs/msg/Detection.msg
[16.124s] -- Symlinking: /home/manza/Desktop/arquitectura/final/final_project_arquitectura/install/yolo_msgs/share/yolo_msgs/msg/DetectionArray.msg
[16.135s] -- Symlinking: /home/manza/Desktop/arquitectura/final/final_project_arquitectura/install/yolo_msgs/share/yolo_msgs/srv/SetClasses.srv
[16.145s] -- Symlinking: /home/manza/Desktop/arquitectura/final/final_project_arquitectura/install/yolo_msgs/share/ament_index/resource_index/package_run_dependencies/yolo_msgs
[16.157s] -- Symlinking: /home/manza/Desktop/arquitectura/final/final_project_arquitectura/install/yolo_msgs/share/ament_index/resource_index/parent_prefix_path/yolo_msgs
[16.169s] -- Symlinking: /home/manza/Desktop/arquitectura/final/final_project_arquitectura/install/yolo_msgs/share/yolo_msgs/environment/ament_prefix_path.sh
[16.180s] -- Symlinking: /home/manza/Desktop/arquitectura/final/final_project_arquitectura/install/yolo_msgs/share/yolo_msgs/environment/ament_prefix_path.dsv
[16.191s] -- Symlinking: /home/manza/Desktop/arquitectura/final/final_project_arquitectura/install/yolo_msgs/share/yolo_msgs/environment/path.sh
[16.202s] -- Symlinking: /home/manza/Desktop/arquitectura/final/final_project_arquitectura/install/yolo_msgs/share/yolo_msgs/environment/path.dsv
[16.214s] -- Symlinking: /home/manza/Desktop/arquitectura/final/final_project_arquitectura/install/yolo_msgs/share/yolo_msgs/local_setup.bash
[16.226s] -- Symlinking: /home/manza/Desktop/arquitectura/final/final_project_arquitectura/install/yolo_msgs/share/yolo_msgs/local_setup.sh
[16.237s] -- Symlinking: /home/manza/Desktop/arquitectura/final/final_project_arquitectura/install/yolo_msgs/share/yolo_msgs/local_setup.zsh
[16.247s] -- Symlinking: /home/manza/Desktop/arquitectura/final/final_project_arquitectura/install/yolo_msgs/share/yolo_msgs/local_setup.dsv
[16.259s] -- Symlinking: /home/manza/Desktop/arquitectura/final/final_project_arquitectura/install/yolo_msgs/share/yolo_msgs/package.dsv
[16.271s] -- Symlinking: /home/manza/Desktop/arquitectura/final/final_project_arquitectura/install/yolo_msgs/share/ament_index/resource_index/packages/yolo_msgs
[16.282s] -- Symlinking: /home/manza/Desktop/arquitectura/final/final_project_arquitectura/install/yolo_msgs/share/yolo_msgs/cmake/rosidl_cmake-extras.cmake
[16.293s] -- Symlinking: /home/manza/Desktop/arquitectura/final/final_project_arquitectura/install/yolo_msgs/share/yolo_msgs/cmake/ament_cmake_export_dependencies-extras.cmake
[16.305s] -- Symlinking: /home/manza/Desktop/arquitectura/final/final_project_arquitectura/install/yolo_msgs/share/yolo_msgs/cmake/ament_cmake_export_include_directories-extras.cmake
[16.317s] -- Symlinking: /home/manza/Desktop/arquitectura/final/final_project_arquitectura/install/yolo_msgs/share/yolo_msgs/cmake/ament_cmake_export_libraries-extras.cmake
[16.329s] -- Symlinking: /home/manza/Desktop/arquitectura/final/final_project_arquitectura/install/yolo_msgs/share/yolo_msgs/cmake/ament_cmake_export_targets-extras.cmake
[16.341s] -- Symlinking: /home/manza/Desktop/arquitectura/final/final_project_arquitectura/install/yolo_msgs/share/yolo_msgs/cmake/rosidl_cmake_export_typesupport_targets-extras.cmake
[16.350s] -- Symlinking: /home/manza/Desktop/arquitectura/final/final_project_arquitectura/install/yolo_msgs/share/yolo_msgs/cmake/rosidl_cmake_export_typesupport_libraries-extras.cmake
[16.361s] -- Symlinking: /home/manza/Desktop/arquitectura/final/final_project_arquitectura/install/yolo_msgs/share/yolo_msgs/cmake/yolo_msgsConfig.cmake
[16.371s] -- Symlinking: /home/manza/Desktop/arquitectura/final/final_project_arquitectura/install/yolo_msgs/share/yolo_msgs/cmake/yolo_msgsConfig-version.cmake
[16.382s] -- Symlinking: /home/manza/Desktop/arquitectura/final/final_project_arquitectura/install/yolo_msgs/share/yolo_msgs/package.xml
[16.393s] -- Installing: /home/manza/Desktop/arquitectura/final/final_project_arquitectura/install/yolo_msgs/lib/libyolo_msgs__rosidl_generator_c.so
[16.393s] -- Set non-toolchain portion of runtime path of "/home/manza/Desktop/arquitectura/final/final_project_arquitectura/install/yolo_msgs/lib/libyolo_msgs__rosidl_generator_c.so" to ""
[16.393s] -- Installing: /home/manza/Desktop/arquitectura/final/final_project_arquitectura/install/yolo_msgs/lib/libyolo_msgs__rosidl_typesupport_fastrtps_c.so
[16.394s] -- Set non-toolchain portion of runtime path of "/home/manza/Desktop/arquitectura/final/final_project_arquitectura/install/yolo_msgs/lib/libyolo_msgs__rosidl_typesupport_fastrtps_c.so" to ""
[16.394s] -- Installing: /home/manza/Desktop/arquitectura/final/final_project_arquitectura/install/yolo_msgs/lib/libyolo_msgs__rosidl_typesupport_introspection_c.so
[16.394s] -- Set non-toolchain portion of runtime path of "/home/manza/Desktop/arquitectura/final/final_project_arquitectura/install/yolo_msgs/lib/libyolo_msgs__rosidl_typesupport_introspection_c.so" to ""
[16.394s] -- Installing: /home/manza/Desktop/arquitectura/final/final_project_arquitectura/install/yolo_msgs/lib/libyolo_msgs__rosidl_typesupport_c.so
[16.394s] -- Set non-toolchain portion of runtime path of "/home/manza/Desktop/arquitectura/final/final_project_arquitectura/install/yolo_msgs/lib/libyolo_msgs__rosidl_typesupport_c.so" to ""
[16.394s] -- Installing: /home/manza/Desktop/arquitectura/final/final_project_arquitectura/install/yolo_msgs/lib/libyolo_msgs__rosidl_typesupport_fastrtps_cpp.so
[16.395s] -- Set non-toolchain portion of runtime path of "/home/manza/Desktop/arquitectura/final/final_project_arquitectura/install/yolo_msgs/lib/libyolo_msgs__rosidl_typesupport_fastrtps_cpp.so" to ""
[16.395s] -- Installing: /home/manza/Desktop/arquitectura/final/final_project_arquitectura/install/yolo_msgs/lib/libyolo_msgs__rosidl_typesupport_introspection_cpp.so
[16.395s] -- Set non-toolchain portion of runtime path of "/home/manza/Desktop/arquitectura/final/final_project_arquitectura/install/yolo_msgs/lib/libyolo_msgs__rosidl_typesupport_introspection_cpp.so" to ""
[16.395s] -- Installing: /home/manza/Desktop/arquitectura/final/final_project_arquitectura/install/yolo_msgs/lib/libyolo_msgs__rosidl_typesupport_cpp.so
[16.396s] -- Set non-toolchain portion of runtime path of "/home/manza/Desktop/arquitectura/final/final_project_arquitectura/install/yolo_msgs/lib/libyolo_msgs__rosidl_typesupport_cpp.so" to ""
[16.448s] Listing '/home/manza/Desktop/arquitectura/final/final_project_arquitectura/install/yolo_msgs/lib/python3.12/site-packages/yolo_msgs'...
[16.448s] Compiling '/home/manza/Desktop/arquitectura/final/final_project_arquitectura/install/yolo_msgs/lib/python3.12/site-packages/yolo_msgs/__init__.py'...
[16.448s] Listing '/home/manza/Desktop/arquitectura/final/final_project_arquitectura/install/yolo_msgs/lib/python3.12/site-packages/yolo_msgs/msg'...
[16.448s] Compiling '/home/manza/Desktop/arquitectura/final/final_project_arquitectura/install/yolo_msgs/lib/python3.12/site-packages/yolo_msgs/msg/__init__.py'...
[16.448s] Compiling '/home/manza/Desktop/arquitectura/final/final_project_arquitectura/install/yolo_msgs/lib/python3.12/site-packages/yolo_msgs/msg/_bounding_box2_d.py'...
[16.448s] Compiling '/home/manza/Desktop/arquitectura/final/final_project_arquitectura/install/yolo_msgs/lib/python3.12/site-packages/yolo_msgs/msg/_bounding_box3_d.py'...
[16.448s] Compiling '/home/manza/Desktop/arquitectura/final/final_project_arquitectura/install/yolo_msgs/lib/python3.12/site-packages/yolo_msgs/msg/_detection.py'...
[16.448s] Compiling '/home/manza/Desktop/arquitectura/final/final_project_arquitectura/install/yolo_msgs/lib/python3.12/site-packages/yolo_msgs/msg/_detection_array.py'...
[16.448s] Compiling '/home/manza/Desktop/arquitectura/final/final_project_arquitectura/install/yolo_msgs/lib/python3.12/site-packages/yolo_msgs/msg/_key_point2_d.py'...
[16.449s] Compiling '/home/manza/Desktop/arquitectura/final/final_project_arquitectura/install/yolo_msgs/lib/python3.12/site-packages/yolo_msgs/msg/_key_point2_d_array.py'...
[16.449s] Compiling '/home/manza/Desktop/arquitectura/final/final_project_arquitectura/install/yolo_msgs/lib/python3.12/site-packages/yolo_msgs/msg/_key_point3_d.py'...
[16.449s] Compiling '/home/manza/Desktop/arquitectura/final/final_project_arquitectura/install/yolo_msgs/lib/python3.12/site-packages/yolo_msgs/msg/_key_point3_d_array.py'...
[16.449s] Compiling '/home/manza/Desktop/arquitectura/final/final_project_arquitectura/install/yolo_msgs/lib/python3.12/site-packages/yolo_msgs/msg/_mask.py'...
[16.449s] Compiling '/home/manza/Desktop/arquitectura/final/final_project_arquitectura/install/yolo_msgs/lib/python3.12/site-packages/yolo_msgs/msg/_point2_d.py'...
[16.449s] Compiling '/home/manza/Desktop/arquitectura/final/final_project_arquitectura/install/yolo_msgs/lib/python3.12/site-packages/yolo_msgs/msg/_pose2_d.py'...
[16.449s] Compiling '/home/manza/Desktop/arquitectura/final/final_project_arquitectura/install/yolo_msgs/lib/python3.12/site-packages/yolo_msgs/msg/_vector2.py'...
[16.449s] Listing '/home/manza/Desktop/arquitectura/final/final_project_arquitectura/install/yolo_msgs/lib/python3.12/site-packages/yolo_msgs/srv'...
[16.449s] Compiling '/home/manza/Desktop/arquitectura/final/final_project_arquitectura/install/yolo_msgs/lib/python3.12/site-packages/yolo_msgs/srv/__init__.py'...
[16.449s] Compiling '/home/manza/Desktop/arquitectura/final/final_project_arquitectura/install/yolo_msgs/lib/python3.12/site-packages/yolo_msgs/srv/_set_classes.py'...
[16.453s] -- Installing: /home/manza/Desktop/arquitectura/final/final_project_arquitectura/install/yolo_msgs/lib/libyolo_msgs__rosidl_generator_py.so
[16.453s] -- Set non-toolchain portion of runtime path of "/home/manza/Desktop/arquitectura/final/final_project_arquitectura/install/yolo_msgs/lib/libyolo_msgs__rosidl_generator_py.so" to ""
[16.453s] -- Installing: /home/manza/Desktop/arquitectura/final/final_project_arquitectura/install/yolo_msgs/share/yolo_msgs/cmake/export_yolo_msgs__rosidl_generator_cExport.cmake
[16.453s] -- Installing: /home/manza/Desktop/arquitectura/final/final_project_arquitectura/install/yolo_msgs/share/yolo_msgs/cmake/export_yolo_msgs__rosidl_generator_cExport-noconfig.cmake
[16.454s] -- Installing: /home/manza/Desktop/arquitectura/final/final_project_arquitectura/install/yolo_msgs/share/yolo_msgs/cmake/export_yolo_msgs__rosidl_typesupport_fastrtps_cExport.cmake
[16.454s] -- Installing: /home/manza/Desktop/arquitectura/final/final_project_arquitectura/install/yolo_msgs/share/yolo_msgs/cmake/export_yolo_msgs__rosidl_typesupport_fastrtps_cExport-noconfig.cmake
[16.454s] -- Installing: /home/manza/Desktop/arquitectura/final/final_project_arquitectura/install/yolo_msgs/share/yolo_msgs/cmake/yolo_msgs__rosidl_typesupport_introspection_cExport.cmake
[16.454s] -- Installing: /home/manza/Desktop/arquitectura/final/final_project_arquitectura/install/yolo_msgs/share/yolo_msgs/cmake/yolo_msgs__rosidl_typesupport_introspection_cExport-noconfig.cmake
[16.454s] -- Installing: /home/manza/Desktop/arquitectura/final/final_project_arquitectura/install/yolo_msgs/share/yolo_msgs/cmake/yolo_msgs__rosidl_typesupport_cExport.cmake
[16.454s] -- Installing: /home/manza/Desktop/arquitectura/final/final_project_arquitectura/install/yolo_msgs/share/yolo_msgs/cmake/yolo_msgs__rosidl_typesupport_cExport-noconfig.cmake
[16.454s] -- Installing: /home/manza/Desktop/arquitectura/final/final_project_arquitectura/install/yolo_msgs/share/yolo_msgs/cmake/export_yolo_msgs__rosidl_generator_cppExport.cmake
[16.454s] -- Installing: /home/manza/Desktop/arquitectura/final/final_project_arquitectura/install/yolo_msgs/share/yolo_msgs/cmake/export_yolo_msgs__rosidl_typesupport_fastrtps_cppExport.cmake
[16.454s] -- Installing: /home/manza/Desktop/arquitectura/final/final_project_arquitectura/install/yolo_msgs/share/yolo_msgs/cmake/export_yolo_msgs__rosidl_typesupport_fastrtps_cppExport-noconfig.cmake
[16.454s] -- Installing: /home/manza/Desktop/arquitectura/final/final_project_arquitectura/install/yolo_msgs/share/yolo_msgs/cmake/yolo_msgs__rosidl_typesupport_introspection_cppExport.cmake
[16.454s] -- Installing: /home/manza/Desktop/arquitectura/final/final_project_arquitectura/install/yolo_msgs/share/yolo_msgs/cmake/yolo_msgs__rosidl_typesupport_introspection_cppExport-noconfig.cmake
[16.455s] -- Installing: /home/manza/Desktop/arquitectura/final/final_project_arquitectura/install/yolo_msgs/share/yolo_msgs/cmake/yolo_msgs__rosidl_typesupport_cppExport.cmake
[16.455s] -- Installing: /home/manza/Desktop/arquitectura/final/final_project_arquitectura/install/yolo_msgs/share/yolo_msgs/cmake/yolo_msgs__rosidl_typesupport_cppExport-noconfig.cmake
[16.455s] -- Installing: /home/manza/Desktop/arquitectura/final/final_project_arquitectura/install/yolo_msgs/share/yolo_msgs/cmake/export_yolo_msgs__rosidl_generator_pyExport.cmake
[16.455s] -- Installing: /home/manza/Desktop/arquitectura/final/final_project_arquitectura/install/yolo_msgs/share/yolo_msgs/cmake/export_yolo_msgs__rosidl_generator_pyExport-noconfig.cmake
[16.457s] Invoked command in '/home/manza/Desktop/arquitectura/final/final_project_arquitectura/build/yolo_msgs' returned '0': CMAKE_PREFIX_PATH=${CMAKE_PREFIX_PATH}:/home/manza/Desktop/arquitectura/asr_ws/install/yolo_ros:/home/manza/Desktop/arquitectura/asr_ws/install/rclpy_cascade_lifecycle:/opt/ros/jazzy DEBUGINFOD_URLS=https://debuginfod.ubuntu.com /usr/bin/cmake --install /home/manza/Desktop/arquitectura/final/final_project_arquitectura/build/yolo_msgs
