-- Found ament_cmake: 2.5.3 (/opt/ros/jazzy/share/ament_cmake/cmake)
-- Override CMake install command with custom implementation using symlinks instead of copying resources
-- Found rclcpp: 28.1.8 (/opt/ros/jazzy/share/rclcpp/cmake)
-- Found rosidl_generator_c: 4.6.5 (/opt/ros/jazzy/share/rosidl_generator_c/cmake)
-- Found rosidl_generator_cpp: 4.6.5 (/opt/ros/jazzy/share/rosidl_generator_cpp/cmake)
-- Using all available rosidl_typesupport_c: rosidl_typesupport_fastrtps_c;rosidl_typesupport_introspection_c
-- Using all available rosidl_typesupport_cpp: rosidl_typesupport_fastrtps_cpp;rosidl_typesupport_introspection_cpp
-- Found rmw_implementation_cmake: 7.3.2 (/opt/ros/jazzy/share/rmw_implementation_cmake/cmake)
-- Found rmw_fastrtps_cpp: 8.4.2 (/opt/ros/jazzy/share/rmw_fastrtps_cpp/cmake)
-- Using RMW implementation 'rmw_fastrtps_cpp' as default
-- Found sensor_msgs: 5.3.6 (/opt/ros/jazzy/share/sensor_msgs/cmake)
-- Found vision_msgs: 4.1.1 (/opt/ros/jazzy/share/vision_msgs/cmake)
-- Found image_transport: 5.1.6 (/opt/ros/jazzy/share/image_transport/cmake)
-- Found cv_bridge: 4.1.0 (/opt/ros/jazzy/share/cv_bridge/cmake)
-- Found pcl_conversions: 2.6.2 (/opt/ros/jazzy/share/pcl_conversions/cmake)
-- Found flann version 1.9.2
-- OpenNI found (version: 1.5.4.0, include: /usr/include/ni, lib: /usr/lib/libOpenNI.so;libusb::libusb)
-- OpenNI2 found (version: 2.3.0.85, include: /home/manza/Desktop/arquitectura/asr_ws/install/astra_camera/include/openni2, lib: /home/manza/Desktop/arquitectura/asr_ws/install/astra_camera/lib/libOpenNI2.so;libusb::libusb)
-- Could NOT find Pcap (missing: PCAP_LIBRARIES PCAP_INCLUDE_DIRS) 
-- OpenNI found (version: 1.5.4.0, include: /usr/include/ni, lib: /usr/lib/libOpenNI.so;libusb::libusb)
-- OpenNI2 found (version: 2.3.0.85, include: /home/manza/Desktop/arquitectura/asr_ws/install/astra_camera/include/openni2, lib: /home/manza/Desktop/arquitectura/asr_ws/install/astra_camera/lib/libOpenNI2.so;libusb::libusb)
-- Found Qhull version 8.0.2
-- OpenNI found (version: 1.5.4.0, include: /usr/include/ni, lib: /usr/lib/libOpenNI.so;libusb::libusb)
-- Found pcl_ros: 2.6.2 (/opt/ros/jazzy/share/pcl_ros/cmake)
-- Found eigen3_cmake_module: 0.3.0 (/opt/ros/jazzy/share/eigen3_cmake_module/cmake)
-- Ensuring Eigen3 include directory is part of orocos-kdl CMake target
-- Found image_geometry: 4.1.0 (/opt/ros/jazzy/share/image_geometry/cmake)
-- Found depth_image_proc: 5.0.9 (/opt/ros/jazzy/share/depth_image_proc/cmake)
-- Setting yaml-cpp_DIR to: '/opt/ros/jazzy/share/yaml_cpp_vendor/cmake/../../../opt/yaml_cpp_vendor/share/cmake/yaml-cpp'
-- Found yolo_msgs: 4.0.1 (/home/manza/Desktop/arquitectura/final/final_project_arquitectura/install/yolo_msgs/share/yolo_msgs/cmake)
-- Found ament_lint_auto: 0.17.2 (/opt/ros/jazzy/share/ament_lint_auto/cmake)
-- Added test 'cppcheck' to perform static code analysis on C / C++ code
-- Configured cppcheck include dirs: /home/manza/Desktop/arquitectura/final/final_project_arquitectura/src/depth_worker/include
-- Configured cppcheck exclude dirs and/or files: 
-- Added test 'flake8' to check Python code syntax and style conventions
-- Configured 'flake8' exclude dirs and/or files: 
-- Added test 'lint_cmake' to check CMake code style
-- Added test 'pep257' to check Python code against some of the docstring style conventions in PEP 257
-- Added test 'uncrustify' to check C / C++ code style
-- Configured uncrustify additional arguments: 
-- Added test 'xmllint' to check XML markup files
-- Configuring done (4.0s)
-- Generating done (0.1s)
-- Build files have been written to: /home/manza/Desktop/arquitectura/final/final_project_arquitectura/build/depth_worker
[ 10%] [32m[1mLinking CXX shared library libdepth_worker.so[0m
[ 40%] Built target depth_worker
[ 60%] [32m[1mLinking CXX executable yolo_parser[0m
[ 60%] [32m[1mLinking CXX executable detection_2d_to_3d_pc2[0m
[ 70%] [32m[1mLinking CXX executable yolo_detection[0m
[ 80%] Built target yolo_detection
[ 90%] Built target yolo_parser
[100%] Built target detection_2d_to_3d_pc2
-- Install configuration: ""
-- Execute custom install script
-- Up-to-date symlink: /home/manza/Desktop/arquitectura/final/final_project_arquitectura/install/depth_worker/lib/libdepth_worker.so
-- Up-to-date symlink: /home/manza/Desktop/arquitectura/final/final_project_arquitectura/install/depth_worker/lib/depth_worker/yolo_detection
-- Up-to-date symlink: /home/manza/Desktop/arquitectura/final/final_project_arquitectura/install/depth_worker/lib/depth_worker/yolo_parser
-- Up-to-date symlink: /home/manza/Desktop/arquitectura/final/final_project_arquitectura/install/depth_worker/lib/depth_worker/detection_2d_to_3d_pc2
-- Up-to-date symlink: /home/manza/Desktop/arquitectura/final/final_project_arquitectura/install/depth_worker/share/depth_worker/launch/detection3d_yolo.launch.py
-- Up-to-date symlink: /home/manza/Desktop/arquitectura/final/final_project_arquitectura/install/depth_worker/share/depth_worker/launch/yolo_detection.launch.py
-- Up-to-date symlink: /home/manza/Desktop/arquitectura/final/final_project_arquitectura/install/depth_worker/share/depth_worker/config/params.yaml
-- Up-to-date symlink: /home/manza/Desktop/arquitectura/final/final_project_arquitectura/install/depth_worker/share/depth_worker/environment/library_path.sh
-- Up-to-date symlink: /home/manza/Desktop/arquitectura/final/final_project_arquitectura/install/depth_worker/share/depth_worker/environment/library_path.dsv
-- Up-to-date symlink: /home/manza/Desktop/arquitectura/final/final_project_arquitectura/install/depth_worker/share/ament_index/resource_index/package_run_dependencies/depth_worker
-- Up-to-date symlink: /home/manza/Desktop/arquitectura/final/final_project_arquitectura/install/depth_worker/share/ament_index/resource_index/parent_prefix_path/depth_worker
-- Up-to-date symlink: /home/manza/Desktop/arquitectura/final/final_project_arquitectura/install/depth_worker/share/depth_worker/environment/ament_prefix_path.sh
-- Up-to-date symlink: /home/manza/Desktop/arquitectura/final/final_project_arquitectura/install/depth_worker/share/depth_worker/environment/ament_prefix_path.dsv
-- Up-to-date symlink: /home/manza/Desktop/arquitectura/final/final_project_arquitectura/install/depth_worker/share/depth_worker/environment/path.sh
-- Up-to-date symlink: /home/manza/Desktop/arquitectura/final/final_project_arquitectura/install/depth_worker/share/depth_worker/environment/path.dsv
-- Up-to-date symlink: /home/manza/Desktop/arquitectura/final/final_project_arquitectura/install/depth_worker/share/depth_worker/local_setup.bash
-- Up-to-date symlink: /home/manza/Desktop/arquitectura/final/final_project_arquitectura/install/depth_worker/share/depth_worker/local_setup.sh
-- Up-to-date symlink: /home/manza/Desktop/arquitectura/final/final_project_arquitectura/install/depth_worker/share/depth_worker/local_setup.zsh
-- Up-to-date symlink: /home/manza/Desktop/arquitectura/final/final_project_arquitectura/install/depth_worker/share/depth_worker/local_setup.dsv
-- Symlinking: /home/manza/Desktop/arquitectura/final/final_project_arquitectura/install/depth_worker/share/depth_worker/package.dsv
-- Up-to-date symlink: /home/manza/Desktop/arquitectura/final/final_project_arquitectura/install/depth_worker/share/ament_index/resource_index/packages/depth_worker
-- Up-to-date symlink: /home/manza/Desktop/arquitectura/final/final_project_arquitectura/install/depth_worker/share/depth_worker/cmake/ament_cmake_export_include_directories-extras.cmake
-- Up-to-date symlink: /home/manza/Desktop/arquitectura/final/final_project_arquitectura/install/depth_worker/share/depth_worker/cmake/ament_cmake_export_libraries-extras.cmake
-- Up-to-date symlink: /home/manza/Desktop/arquitectura/final/final_project_arquitectura/install/depth_worker/share/depth_worker/cmake/ament_cmake_export_dependencies-extras.cmake
-- Up-to-date symlink: /home/manza/Desktop/arquitectura/final/final_project_arquitectura/install/depth_worker/share/depth_worker/cmake/depth_workerConfig.cmake
-- Up-to-date symlink: /home/manza/Desktop/arquitectura/final/final_project_arquitectura/install/depth_worker/share/depth_worker/cmake/depth_workerConfig-version.cmake
-- Up-to-date symlink: /home/manza/Desktop/arquitectura/final/final_project_arquitectura/install/depth_worker/share/depth_worker/package.xml
